#
# There is insufficient memory for the Java Runtime Environment to continue.
# Native memory allocation (mmap) failed to map 23068672 bytes for Failed to commit area from 0x0000000091b00000 to 0x0000000093100000 of length 23068672.
# Possible reasons:
#   The system is out of physical RAM or swap space
#   The process is running with CompressedOops enabled, and the Java Heap may be blocking the growth of the native heap
# Possible solutions:
#   Reduce memory load on the system
#   Increase physical memory or swap space
#   Check if swap backing store is full
#   Decrease Java heap size (-Xmx/-Xms)
#   Decrease number of Java threads
#   Decrease Java thread stack sizes (-Xss)
#   Set larger code cache with -XX:ReservedCodeCacheSize=
#   JVM is running with Unscaled Compressed Oops mode in which the Java heap is
#     placed in the first 4GB address space. The Java Heap base address is the
#     maximum limit for the native heap growth. Please use -XX:HeapBaseMinAddress
#     to set the Java Heap base and to place the Java Heap above 4GB virtual address.
# This output file may be truncated or incomplete.
#
#  Out of Memory Error (./open/src/hotspot/os/windows/os_windows.cpp:3275), pid=17112, tid=12372
#
# JRE version: Java(TM) SE Runtime Environment 18.9 (11.0.9+7) (build 11.0.9+7-LTS)
# Java VM: Java HotSpot(TM) 64-Bit Server VM 18.9 (11.0.9+7-LTS, mixed mode, tiered, compressed oops, g1 gc, windows-amd64)
# No core dump will be written. Minidumps are not enabled by default on client versions of Windows
#

---------------  S U M M A R Y ------------

Command Line: -ea -Djava.library.path=C:\Users\magda\Downloads\opencv\build\java\x64 --add-reads=graph.designer.drawing.pane=java.desktop --add-exports=javafx.graphics/com.sun.javafx.application=ALL-UNNAMED --add-opens=graph.designer.drawing.pane/fr.leward.graphdesigner.ui.drawingpane=ALL-UNNAMED -Didea.test.cyclic.buffer.size=1048576 -javaagent:C:\Program Files\IntelliJ IDEA 2020.2.3\lib\idea_rt.jar=56499:C:\Program Files\IntelliJ IDEA 2020.2.3\bin --patch-module=ColourTheWorldApp=C:/Moje dokumenty/STUDIA/NAUKA/JAVA/ColourTheWorldApp/target/test-classes --add-reads=ColourTheWorldApp=ALL-UNNAMED --add-opens=ColourTheWorldApp/pl.magdalena.brejna.colourtheworldapp.models=ALL-UNNAMED --add-modules=ColourTheWorldApp -Dfile.encoding=UTF-8 --module-path=C:\Users\magda\.m2\repository\org\openjfx\javafx-fxml\11.0.2\javafx-fxml-11.0.2-win.jar;C:\Users\magda\.m2\repository\org\openjfx\javafx-swing\11.0.1\javafx-swing-11.0.1-win.jar;C:\Users\magda\.m2\repository\mysql\mysql-connector-java\8.0.26\mysql-connector-java-8.0.26.jar;C:\Moje dokumenty\STUDIA\NAUKA\JAVA\ColourTheWorldApp\target\classes;C:\Users\magda\.m2\repository\org\openjfx\javafx-graphics\11.0.2\javafx-graphics-11.0.2-win.jar;C:\Users\magda\.m2\repository\org\openjfx\javafx-controls\11.0.2\javafx-controls-11.0.2-win.jar;C:\Users\magda\.m2\repository\org\openjfx\javafx-base\11.0.2\javafx-base-11.0.2-win.jar;C:\Users\magda\Downloads\opencv\build\java\opencv-452.jar;C:\Users\magda\.m2\repository\org\openpnp\opencv\4.5.1-2\opencv-4.5.1-2.jar com.intellij.rt.junit.JUnitStarter -ideVersion5 -junit4 pl.magdalena.brejna.colourtheworldapp.models.ProjectModelTest

Host: Intel(R) Core(TM) i5-8250U CPU @ 1.60GHz, 8 cores, 7G,  Windows 10 , 64 bit Build 19041 (10.0.19041.1202)
Time: Tue Oct  5 22:41:51 2021 Œrodkowoeuropejski czas letni elapsed time: 14.997185 seconds (0d 0h 0m 14s)

---------------  T H R E A D  ---------------

Current thread (0x000001f496fa6800):  JavaThread "JavaFX Application Thread" daemon [_thread_in_vm, id=12372, stack(0x000000aa9f000000,0x000000aa9f100000)]

Stack: [0x000000aa9f000000,0x000000aa9f100000]
Native frames: (J=compiled Java code, j=interpreted, Vv=VM code, C=native code)
V  [jvm.dll+0x611a3a]
V  [jvm.dll+0x748aaf]
V  [jvm.dll+0x74a135]
V  [jvm.dll+0x74a7b3]
V  [jvm.dll+0x2439f8]
V  [jvm.dll+0x60eeda]
V  [jvm.dll+0x603de5]
V  [jvm.dll+0x2f785c]
V  [jvm.dll+0x2f76e2]
V  [jvm.dll+0x2fc396]
V  [jvm.dll+0x33e1df]
V  [jvm.dll+0x33dc10]
V  [jvm.dll+0x2d62dc]
V  [jvm.dll+0x2d21bf]
V  [jvm.dll+0x5aa312]
V  [jvm.dll+0x5a9e37]
V  [jvm.dll+0x1e89ed]
V  [jvm.dll+0x723187]
V  [jvm.dll+0x175648]
C  0x000001f4800ee0f7

Java frames: (J=compiled Java code, j=interpreted, Vv=VM code)
v  ~RuntimeStub::new_type_array Runtime1 stub
J 4464 c1 java.nio.ByteBuffer.allocate(I)Ljava/nio/ByteBuffer; java.base@11.0.9 (19 bytes) @ 0x000001f480e6c950 [0x000001f480e6c6e0+0x0000000000000270]
j  com.sun.javafx.iio.png.PNGImageLoader2.load(IIIZZ)Lcom/sun/javafx/iio/ImageFrame;+106 javafx.graphics
j  com.sun.javafx.iio.ImageStorage.loadAll(Lcom/sun/javafx/iio/ImageLoader;DDZFZ)[Lcom/sun/javafx/iio/ImageFrame;+54 javafx.graphics
j  com.sun.javafx.iio.ImageStorage.loadAll(Ljava/lang/String;Lcom/sun/javafx/iio/ImageLoadListener;DDZFZ)[Lcom/sun/javafx/iio/ImageFrame;+136 javafx.graphics
j  com.sun.javafx.tk.quantum.PrismImageLoader2.loadAll(Ljava/lang/String;DDZFZ)V+23 javafx.graphics
j  com.sun.javafx.tk.quantum.PrismImageLoader2.<init>(Ljava/lang/String;DDZFZ)V+15 javafx.graphics
j  com.sun.javafx.tk.quantum.QuantumToolkit.loadImage(Ljava/lang/String;DDZZ)Lcom/sun/javafx/tk/ImageLoader;+16 javafx.graphics
j  javafx.scene.image.Image.loadImage(Ljava/lang/String;DDZZ)Lcom/sun/javafx/tk/ImageLoader;+10 javafx.graphics
j  javafx.scene.image.Image.initialize(Ljava/lang/Object;)V+92 javafx.graphics
j  javafx.scene.image.Image.<init>(Ljava/lang/String;DDZZZ)V+20 javafx.graphics
j  com.sun.javafx.fxml.builder.JavaFXImageBuilder.build()Ljavafx/scene/image/Image;+28 javafx.fxml
j  com.sun.javafx.fxml.builder.JavaFXImageBuilder.build()Ljava/lang/Object;+1 javafx.fxml
J 5155 c1 javafx.fxml.FXMLLoader$ValueElement.processEndElement()V javafx.fxml (194 bytes) @ 0x000001f4810607bc [0x000001f481060440+0x000000000000037c]
J 4529 c1 javafx.fxml.FXMLLoader.processEndElement()V javafx.fxml (42 bytes) @ 0x000001f480ea40e4 [0x000001f480ea3fe0+0x0000000000000104]
j  javafx.fxml.FXMLLoader.loadImpl(Ljava/io/InputStream;Ljava/lang/Class;)Ljava/lang/Object;+210 javafx.fxml
j  javafx.fxml.FXMLLoader.loadImpl(Ljava/lang/Class;)Ljava/lang/Object;+30 javafx.fxml
j  javafx.fxml.FXMLLoader.access$2700(Ljavafx/fxml/FXMLLoader;Ljava/lang/Class;)Ljava/lang/Object;+2 javafx.fxml
j  javafx.fxml.FXMLLoader$IncludeElement.constructValue()Ljava/lang/Object;+237 javafx.fxml
J 5152 c1 javafx.fxml.FXMLLoader$ValueElement.processStartElement()V javafx.fxml (34 bytes) @ 0x000001f48105faa4 [0x000001f48105f980+0x0000000000000124]
J 4520 c1 javafx.fxml.FXMLLoader.processStartElement()V javafx.fxml (30 bytes) @ 0x000001f480e9848c [0x000001f480e98360+0x000000000000012c]
j  javafx.fxml.FXMLLoader.loadImpl(Ljava/io/InputStream;Ljava/lang/Class;)Ljava/lang/Object;+203 javafx.fxml
j  javafx.fxml.FXMLLoader.loadImpl(Ljava/lang/Class;)Ljava/lang/Object;+30 javafx.fxml
j  javafx.fxml.FXMLLoader.load()Ljava/lang/Object;+17 javafx.fxml
j  pl.magdalena.brejna.colourtheworldapp.utils.FxmlUtils.fxmlLoader(Ljava/lang/String;)Ljavafx/scene/layout/BorderPane;+22 ColourTheWorldApp
j  pl.magdalena.brejna.colourtheworldapp.Main.start(Ljavafx/stage/Stage;)V+7 ColourTheWorldApp
j  org.testfx.toolkit.impl.ApplicationServiceImpl.lambda$start$0(Ljavafx/application/Application;Ljavafx/stage/Stage;)Ljava/lang/Void;+2
j  org.testfx.toolkit.impl.ApplicationServiceImpl$$Lambda$158.call()Ljava/lang/Object;+8
j  java.util.concurrent.FutureTask.run()V+39 java.base@11.0.9
J 5735 c1 com.sun.javafx.application.PlatformImpl$$Lambda$146.run()Ljava/lang/Object; javafx.graphics (8 bytes) @ 0x000001f4805fcb74 [0x000001f4805fca40+0x0000000000000134]
v  ~StubRoutines::call_stub
J 4216  java.security.AccessController.doPrivileged(Ljava/security/PrivilegedAction;Ljava/security/AccessControlContext;)Ljava/lang/Object; java.base@11.0.9 (0 bytes) @ 0x000001f487c9fa26 [0x000001f487c9f9c0+0x0000000000000066]
J 5139 c1 com.sun.javafx.application.PlatformImpl.lambda$runLater$11(Ljava/lang/Runnable;Ljava/security/AccessControlContext;)V javafx.graphics (38 bytes) @ 0x000001f481059a44 [0x000001f4810596c0+0x0000000000000384]
J 5138 c1 com.sun.javafx.application.PlatformImpl$$Lambda$145.run()V javafx.graphics (12 bytes) @ 0x000001f4810592bc [0x000001f481059240+0x000000000000007c]
J 4970 c1 com.sun.glass.ui.InvokeLaterDispatcher$Future.run()V javafx.graphics (91 bytes) @ 0x000001f480fddb04 [0x000001f480fdda00+0x0000000000000104]
v  ~StubRoutines::call_stub
j  com.sun.glass.ui.win.WinCommonDialogs._showFileChooser(JLjava/lang/String;Ljava/lang/String;Ljava/lang/String;IZ[Lcom/sun/glass/ui/CommonDialogs$ExtensionFilter;I)Lcom/sun/glass/ui/CommonDialogs$FileChooserResult;+0 javafx.graphics
j  com.sun.glass.ui.win.WinCommonDialogs.showFileChooser_impl(Lcom/sun/glass/ui/Window;Ljava/lang/String;Ljava/lang/String;Ljava/lang/String;IZ[Lcom/sun/glass/ui/CommonDialogs$ExtensionFilter;I)Lcom/sun/glass/ui/CommonDialogs$FileChooserResult;+35 javafx.graphics
j  com.sun.glass.ui.win.WinApplication.staticCommonDialogs_showFileChooser(Lcom/sun/glass/ui/Window;Ljava/lang/String;Ljava/lang/String;Ljava/lang/String;IZ[Lcom/sun/glass/ui/CommonDialogs$ExtensionFilter;I)Lcom/sun/glass/ui/CommonDialogs$FileChooserResult;+27 javafx.graphics
j  com.sun.glass.ui.CommonDialogs.showFileChooser(Lcom/sun/glass/ui/Window;Ljava/io/File;Ljava/lang/String;Ljava/lang/String;IZLjava/util/List;I)Lcom/sun/glass/ui/CommonDialogs$FileChooserResult;+121 javafx.graphics
j  com.sun.javafx.tk.quantum.QuantumToolkit.showFileChooser(Lcom/sun/javafx/tk/TKStage;Ljava/lang/String;Ljava/io/File;Ljava/lang/String;Lcom/sun/javafx/tk/FileChooserType;Ljava/util/List;Ljavafx/stage/FileChooser$ExtensionFilter;)Lcom/sun/glass/ui/CommonDialogs$FileChooserResult;+72 javafx.graphics
j  javafx.stage.FileChooser.showDialog(Ljavafx/stage/Window;Lcom/sun/javafx/tk/FileChooserType;)Ljava/util/List;+36 javafx.graphics
j  javafx.stage.FileChooser.showSaveDialog(Ljavafx/stage/Window;)Ljava/io/File;+5 javafx.graphics
j  pl.magdalena.brejna.colourtheworldapp.models.ProjectModel.saveImage(Ljavafx/stage/FileChooser;)V+4 ColourTheWorldApp
j  pl.magdalena.brejna.colourtheworldapp.models.ProjectModel.saveColouringBook()V+41 ColourTheWorldApp
j  pl.magdalena.brejna.colourtheworldapp.models.ProjectModelTest.lambda$saveColouringBookTest$9()V+4 ColourTheWorldApp
j  pl.magdalena.brejna.colourtheworldapp.models.ProjectModelTest$$Lambda$529.run()V+4 ColourTheWorldApp
J 5735 c1 com.sun.javafx.application.PlatformImpl$$Lambda$146.run()Ljava/lang/Object; javafx.graphics (8 bytes) @ 0x000001f4805fcb74 [0x000001f4805fca40+0x0000000000000134]
v  ~StubRoutines::call_stub
J 4216  java.security.AccessController.doPrivileged(Ljava/security/PrivilegedAction;Ljava/security/AccessControlContext;)Ljava/lang/Object; java.base@11.0.9 (0 bytes) @ 0x000001f487c9fa26 [0x000001f487c9f9c0+0x0000000000000066]
J 5139 c1 com.sun.javafx.application.PlatformImpl.lambda$runLater$11(Ljava/lang/Runnable;Ljava/security/AccessControlContext;)V javafx.graphics (38 bytes) @ 0x000001f481059a44 [0x000001f4810596c0+0x0000000000000384]
J 5138 c1 com.sun.javafx.application.PlatformImpl$$Lambda$145.run()V javafx.graphics (12 bytes) @ 0x000001f4810592bc [0x000001f481059240+0x000000000000007c]
J 4970 c1 com.sun.glass.ui.InvokeLaterDispatcher$Future.run()V javafx.graphics (91 bytes) @ 0x000001f480fddb04 [0x000001f480fdda00+0x0000000000000104]
v  ~StubRoutines::call_stub
j  com.sun.glass.ui.win.WinCommonDialogs._showFileChooser(JLjava/lang/String;Ljava/lang/String;Ljava/lang/String;IZ[Lcom/sun/glass/ui/CommonDialogs$ExtensionFilter;I)Lcom/sun/glass/ui/CommonDialogs$FileChooserResult;+0 javafx.graphics
j  com.sun.glass.ui.win.WinCommonDialogs.showFileChooser_impl(Lcom/sun/glass/ui/Window;Ljava/lang/String;Ljava/lang/String;Ljava/lang/String;IZ[Lcom/sun/glass/ui/CommonDialogs$ExtensionFilter;I)Lcom/sun/glass/ui/CommonDialogs$FileChooserResult;+35 javafx.graphics
j  com.sun.glass.ui.win.WinApplication.staticCommonDialogs_showFileChooser(Lcom/sun/glass/ui/Window;Ljava/lang/String;Ljava/lang/String;Ljava/lang/String;IZ[Lcom/sun/glass/ui/CommonDialogs$ExtensionFilter;I)Lcom/sun/glass/ui/CommonDialogs$FileChooserResult;+27 javafx.graphics
j  com.sun.glass.ui.CommonDialogs.showFileChooser(Lcom/sun/glass/ui/Window;Ljava/io/File;Ljava/lang/String;Ljava/lang/String;IZLjava/util/List;I)Lcom/sun/glass/ui/CommonDialogs$FileChooserResult;+121 javafx.graphics
j  com.sun.javafx.tk.quantum.QuantumToolkit.showFileChooser(Lcom/sun/javafx/tk/TKStage;Ljava/lang/String;Ljava/io/File;Ljava/lang/String;Lcom/sun/javafx/tk/FileChooserType;Ljava/util/List;Ljavafx/stage/FileChooser$ExtensionFilter;)Lcom/sun/glass/ui/CommonDialogs$FileChooserResult;+72 javafx.graphics
j  javafx.stage.FileChooser.showDialog(Ljavafx/stage/Window;Lcom/sun/javafx/tk/FileChooserType;)Ljava/util/List;+36 javafx.graphics
j  javafx.stage.FileChooser.showOpenDialog(Ljavafx/stage/Window;)Ljava/io/File;+5 javafx.graphics
j  pl.magdalena.brejna.colourtheworldapp.models.ProjectModel.loadImage()Ljavafx/scene/image/Image;+17 ColourTheWorldApp
j  pl.magdalena.brejna.colourtheworldapp.models.ProjectModelTest.lambda$loadImageTest$5()V+26 ColourTheWorldApp
j  pl.magdalena.brejna.colourtheworldapp.models.ProjectModelTest$$Lambda$527.run()V+4 ColourTheWorldApp
J 5735 c1 com.sun.javafx.application.PlatformImpl$$Lambda$146.run()Ljava/lang/Object; javafx.graphics (8 bytes) @ 0x000001f4805fcb74 [0x000001f4805fca40+0x0000000000000134]
v  ~StubRoutines::call_stub
J 4216  java.security.AccessController.doPrivileged(Ljava/security/PrivilegedAction;Ljava/security/AccessControlContext;)Ljava/lang/Object; java.base@11.0.9 (0 bytes) @ 0x000001f487c9fa26 [0x000001f487c9f9c0+0x0000000000000066]
J 5139 c1 com.sun.javafx.application.PlatformImpl.lambda$runLater$11(Ljava/lang/Runnable;Ljava/security/AccessControlContext;)V javafx.graphics (38 bytes) @ 0x000001f481059a44 [0x000001f4810596c0+0x0000000000000384]
J 5138 c1 com.sun.javafx.application.PlatformImpl$$Lambda$145.run()V javafx.graphics (12 bytes) @ 0x000001f4810592bc [0x000001f481059240+0x000000000000007c]
J 4970 c1 com.sun.glass.ui.InvokeLaterDispatcher$Future.run()V javafx.graphics (91 bytes) @ 0x000001f480fddb04 [0x000001f480fdda00+0x0000000000000104]
v  ~StubRoutines::call_stub
j  com.sun.glass.ui.win.WinApplication._runLoop(Ljava/lang/Runnable;)V+0 javafx.graphics
j  com.sun.glass.ui.win.WinApplication.lambda$runLoop$3(ILjava/lang/Runnable;)V+8 javafx.graphics
j  com.sun.glass.ui.win.WinApplication$$Lambda$134.run()V+12 javafx.graphics
j  java.lang.Thread.run()V+11 java.base@11.0.9
v  ~StubRoutines::call_stub

---------------  P R O C E S S  ---------------

Threads class SMR info:
_java_thread_list=0x000001f4976f4ee0, length=23, elements={
0x000001f4f6b4f000, 0x000001f495960000, 0x000001f49596a000, 0x000001f49597b000,
0x000001f49597d000, 0x000001f49597e800, 0x000001f495986000, 0x000001f49598c800,
0x000001f49637c800, 0x000001f4969fe800, 0x000001f496cab000, 0x000001f496845800,
0x000001f496b41800, 0x000001f49712f800, 0x000001f496fa5800, 0x000001f496fa6800,
0x000001f4971db800, 0x000001f4971cd800, 0x000001f49760b800, 0x000001f49760c800,
0x000001f49760f000, 0x000001f497609800, 0x000001f497610000
}

Java Threads: ( => current thread )
  0x000001f4f6b4f000 JavaThread "main" [_thread_blocked, id=11744, stack(0x000000aa9d600000,0x000000aa9d700000)]
  0x000001f495960000 JavaThread "Reference Handler" daemon [_thread_blocked, id=1656, stack(0x000000aa9dd00000,0x000000aa9de00000)]
  0x000001f49596a000 JavaThread "Finalizer" daemon [_thread_blocked, id=20908, stack(0x000000aa9de00000,0x000000aa9df00000)]
  0x000001f49597b000 JavaThread "Signal Dispatcher" daemon [_thread_blocked, id=6584, stack(0x000000aa9df00000,0x000000aa9e000000)]
  0x000001f49597d000 JavaThread "Attach Listener" daemon [_thread_blocked, id=20996, stack(0x000000aa9e000000,0x000000aa9e100000)]
  0x000001f49597e800 JavaThread "C2 CompilerThread0" daemon [_thread_blocked, id=15304, stack(0x000000aa9e100000,0x000000aa9e200000)]
  0x000001f495986000 JavaThread "C1 CompilerThread0" daemon [_thread_blocked, id=18800, stack(0x000000aa9e200000,0x000000aa9e300000)]
  0x000001f49598c800 JavaThread "Sweeper thread" daemon [_thread_blocked, id=11620, stack(0x000000aa9e300000,0x000000aa9e400000)]
  0x000001f49637c800 JavaThread "Common-Cleaner" daemon [_thread_blocked, id=24184, stack(0x000000aa9e400000,0x000000aa9e500000)]
  0x000001f4969fe800 JavaThread "Monitor Ctrl-Break" daemon [_thread_in_native, id=6524, stack(0x000000aa9e700000,0x000000aa9e800000)]
  0x000001f496cab000 JavaThread "Service Thread" daemon [_thread_blocked, id=12028, stack(0x000000aa9e800000,0x000000aa9e900000)]
  0x000001f496845800 JavaThread "testfx-async-pool-thread-1" daemon [_thread_blocked, id=11596, stack(0x000000aa9ea00000,0x000000aa9eb00000)]
  0x000001f496b41800 JavaThread "JavaFX-Launcher" daemon [_thread_blocked, id=18280, stack(0x000000aa9eb00000,0x000000aa9ec00000)]
  0x000001f49712f800 JavaThread "QuantumRenderer-0" daemon [_thread_blocked, id=6468, stack(0x000000aa9ec00000,0x000000aa9ed00000)]
  0x000001f496fa5800 JavaThread "InvokeLaterDispatcher" daemon [_thread_blocked, id=17488, stack(0x000000aa9ef00000,0x000000aa9f000000)]
=>0x000001f496fa6800 JavaThread "JavaFX Application Thread" daemon [_thread_in_vm, id=12372, stack(0x000000aa9f000000,0x000000aa9f100000)]
  0x000001f4971db800 JavaThread "Thread-3" daemon [_thread_in_native, id=7308, stack(0x000000aa9f400000,0x000000aa9f500000)]
  0x000001f4971cd800 JavaThread "testfx-async-pool-thread-2" daemon [_thread_blocked, id=12400, stack(0x000000aa9f500000,0x000000aa9f600000)]
  0x000001f49760b800 JavaThread "Keep-Alive-Timer" daemon [_thread_blocked, id=7756, stack(0x000000aa9e600000,0x000000aa9e700000)]
  0x000001f49760c800 JavaThread "mysql-cj-abandoned-connection-cleanup" daemon [_thread_blocked, id=17960, stack(0x000000aa9f700000,0x000000aa9f800000)]
  0x000001f49760f000 JavaThread "Prism Font Disposer" daemon [_thread_blocked, id=15584, stack(0x000000aa9fc00000,0x000000aa9fd00000)]
  0x000001f497609800 JavaThread "Cleaner-0" daemon [_thread_blocked, id=15260, stack(0x000000aa9fd00000,0x000000aa9fe00000)]
  0x000001f497610000 JavaThread "Java2D Disposer" daemon [_thread_blocked, id=1696, stack(0x000000aaa0400000,0x000000aaa0500000)]

Other Threads:
  0x000001f49593d000 VMThread "VM Thread" [stack: 0x000000aa9dc00000,0x000000aa9dd00000] [id=4964]
  0x000001f496eae800 WatcherThread [stack: 0x000000aa9e900000,0x000000aa9ea00000] [id=17340]
  0x000001f4f6b62000 GCTaskThread "GC Thread#0" [stack: 0x000000aa9d700000,0x000000aa9d800000] [id=8276]
  0x000001f496bbf800 GCTaskThread "GC Thread#1" [stack: 0x000000aa9ed00000,0x000000aa9ee00000] [id=22236]
  0x000001f49705a000 GCTaskThread "GC Thread#2" [stack: 0x000000aa9ee00000,0x000000aa9ef00000] [id=24936]
  0x000001f49f495000 GCTaskThread "GC Thread#3" [stack: 0x000000aa9e500000,0x000000aa9e600000] [id=20236]
  0x000001f49f3f8800 GCTaskThread "GC Thread#4" [stack: 0x000000aaa1100000,0x000000aaa1200000] [id=2196]
  0x000001f49fc2e800 GCTaskThread "GC Thread#5" [stack: 0x000000aaa1700000,0x000000aaa1800000] [id=13848]
  0x000001f4f6b95000 ConcurrentGCThread "G1 Main Marker" [stack: 0x000000aa9d800000,0x000000aa9d900000] [id=9628]
  0x000001f4f6b96000 ConcurrentGCThread "G1 Conc#0" [stack: 0x000000aa9d900000,0x000000aa9da00000] [id=9948]
  0x000001f497307800 ConcurrentGCThread "G1 Conc#1" [stack: 0x000000aa9f600000,0x000000aa9f700000] [id=3508]
  0x000001f4f6c24000 ConcurrentGCThread "G1 Refine#0" [stack: 0x000000aa9da00000,0x000000aa9db00000] [id=9816]
  0x000001f4957b0800 ConcurrentGCThread "G1 Young RemSet Sampling" [stack: 0x000000aa9db00000,0x000000aa9dc00000] [id=15504]

Threads with active compile tasks:

VM state:not at safepoint (normal execution)

VM Mutex/Monitor currently owned by a thread:  ([mutex/lock_event])
[0x000001f4f6b4a6f0] Heap_lock - owner thread: 0x000001f496fa6800

Heap address: 0x0000000081e00000, size: 2018 MB, Compressed Oops mode: 32-bit
Narrow klass base: 0x0000000000000000, Narrow klass shift: 3
Compressed class space size: 1073741824 Address: 0x0000000100000000

Heap:
 garbage-first heap   total 281600K, used 233043K [0x0000000081e00000, 0x0000000100000000)
  region size 1024K, 3 young (3072K), 2 survivors (2048K)
 Metaspace       used 42808K, capacity 44091K, committed 44316K, reserved 1087488K
  class space    used 4901K, capacity 5419K, committed 5528K, reserved 1048576K
Heap Regions: E=young(eden), S=young(survivor), O=old, HS=humongous(starts), HC=humongous(continues), CS=collection set, F=free, A=archive, TAMS=top-at-mark-start (previous, next)
|   0|0x0000000081e00000, 0x0000000081f00000, 0x0000000081f00000|100%| O|  |TAMS 0x0000000081f00000, 0x0000000081f00000| Untracked 
|   1|0x0000000081f00000, 0x0000000082000000, 0x0000000082000000|100%| O|  |TAMS 0x0000000082000000, 0x0000000082000000| Untracked 
|   2|0x0000000082000000, 0x0000000082100000, 0x0000000082100000|100%| O|  |TAMS 0x0000000082100000, 0x0000000082100000| Untracked 
|   3|0x0000000082100000, 0x0000000082200000, 0x0000000082200000|100%|HS|  |TAMS 0x0000000082200000, 0x0000000082200000| Complete 
|   4|0x0000000082200000, 0x0000000082300000, 0x0000000082300000|100%|HC|  |TAMS 0x0000000082300000, 0x0000000082300000| Complete 
|   5|0x0000000082300000, 0x0000000082400000, 0x0000000082400000|100%|HS|  |TAMS 0x0000000082400000, 0x0000000082400000| Complete 
|   6|0x0000000082400000, 0x0000000082500000, 0x0000000082500000|100%|HC|  |TAMS 0x0000000082500000, 0x0000000082500000| Complete 
|   7|0x0000000082500000, 0x0000000082600000, 0x0000000082600000|100%|HS|  |TAMS 0x0000000082500000, 0x0000000082600000| Complete 
|   8|0x0000000082600000, 0x0000000082700000, 0x0000000082700000|100%|HS|  |TAMS 0x0000000082700000, 0x0000000082700000| Complete 
|   9|0x0000000082700000, 0x0000000082800000, 0x0000000082800000|100%|HC|  |TAMS 0x0000000082800000, 0x0000000082800000| Complete 
|  10|0x0000000082800000, 0x0000000082900000, 0x0000000082900000|100%| O|  |TAMS 0x0000000082900000, 0x0000000082900000| Untracked 
|  11|0x0000000082900000, 0x0000000082a00000, 0x0000000082a00000|100%| O|  |TAMS 0x0000000082a00000, 0x0000000082a00000| Untracked 
|  12|0x0000000082a00000, 0x0000000082b00000, 0x0000000082b00000|100%| O|  |TAMS 0x0000000082b00000, 0x0000000082b00000| Untracked 
|  13|0x0000000082b00000, 0x0000000082c00000, 0x0000000082c00000|100%| O|  |TAMS 0x0000000082b8c600, 0x0000000082c00000| Untracked 
|  14|0x0000000082c00000, 0x0000000082d00000, 0x0000000082d00000|100%|HS|  |TAMS 0x0000000082c00000, 0x0000000082d00000| Complete 
|  15|0x0000000082d00000, 0x0000000082e00000, 0x0000000082e00000|100%|HC|  |TAMS 0x0000000082d00000, 0x0000000082e00000| Complete 
|  16|0x0000000082e00000, 0x0000000082f00000, 0x0000000082f00000|100%| O|  |TAMS 0x0000000082e00000, 0x0000000082f00000| Untracked 
|  17|0x0000000082f00000, 0x0000000083000000, 0x0000000083000000|100%| O|  |TAMS 0x0000000082f00000, 0x0000000083000000| Untracked 
|  18|0x0000000083000000, 0x0000000083100000, 0x0000000083100000|100%|HS|  |TAMS 0x0000000083000000, 0x0000000083100000| Complete 
|  19|0x0000000083100000, 0x0000000083200000, 0x0000000083200000|100%|HS|  |TAMS 0x0000000083100000, 0x0000000083200000| Complete 
|  20|0x0000000083200000, 0x0000000083300000, 0x0000000083300000|100%|HC|  |TAMS 0x0000000083200000, 0x0000000083300000| Complete 
|  21|0x0000000083300000, 0x0000000083400000, 0x0000000083400000|100%|HS|  |TAMS 0x0000000083300000, 0x0000000083400000| Complete 
|  22|0x0000000083400000, 0x0000000083500000, 0x0000000083500000|100%|HC|  |TAMS 0x0000000083400000, 0x0000000083500000| Complete 
|  23|0x0000000083500000, 0x0000000083600000, 0x0000000083600000|100%|HS|  |TAMS 0x0000000083500000, 0x0000000083600000| Complete 
|  24|0x0000000083600000, 0x0000000083700000, 0x0000000083700000|100%|HC|  |TAMS 0x0000000083600000, 0x0000000083700000| Complete 
|  25|0x0000000083700000, 0x0000000083800000, 0x0000000083800000|100%|HS|  |TAMS 0x0000000083800000, 0x0000000083800000| Complete 
|  26|0x0000000083800000, 0x0000000083900000, 0x0000000083900000|100%|HC|  |TAMS 0x0000000083900000, 0x0000000083900000| Complete 
|  27|0x0000000083900000, 0x0000000083a00000, 0x0000000083a00000|100%|HS|  |TAMS 0x0000000083a00000, 0x0000000083a00000| Complete 
|  28|0x0000000083a00000, 0x0000000083b00000, 0x0000000083b00000|100%| O|  |TAMS 0x0000000083b00000, 0x0000000083b00000| Untracked 
|  29|0x0000000083b00000, 0x0000000083c00000, 0x0000000083c00000|100%| O|  |TAMS 0x0000000083c00000, 0x0000000083c00000| Untracked 
|  30|0x0000000083c00000, 0x0000000083d00000, 0x0000000083d00000|100%| O|  |TAMS 0x0000000083d00000, 0x0000000083d00000| Untracked 
|  31|0x0000000083d00000, 0x0000000083e00000, 0x0000000083e00000|100%| O|  |TAMS 0x0000000083e00000, 0x0000000083e00000| Untracked 
|  32|0x0000000083e00000, 0x0000000083f00000, 0x0000000083f00000|100%|HS|  |TAMS 0x0000000083f00000, 0x0000000083f00000| Complete 
|  33|0x0000000083f00000, 0x0000000084000000, 0x0000000084000000|100%| O|  |TAMS 0x0000000084000000, 0x0000000084000000| Untracked 
|  34|0x0000000084000000, 0x0000000084100000, 0x0000000084100000|100%|HS|  |TAMS 0x0000000084100000, 0x0000000084100000| Complete 
|  35|0x0000000084100000, 0x0000000084200000, 0x0000000084200000|100%|HC|  |TAMS 0x0000000084200000, 0x0000000084200000| Complete 
|  36|0x0000000084200000, 0x0000000084300000, 0x0000000084300000|100%|HS|  |TAMS 0x0000000084200000, 0x0000000084300000| Complete 
|  37|0x0000000084300000, 0x0000000084400000, 0x0000000084400000|100%| O|  |TAMS 0x0000000084400000, 0x0000000084400000| Untracked 
|  38|0x0000000084400000, 0x0000000084500000, 0x0000000084500000|100%|HS|  |TAMS 0x0000000084400000, 0x0000000084500000| Complete 
|  39|0x0000000084500000, 0x0000000084600000, 0x0000000084600000|100%|HS|  |TAMS 0x0000000084500000, 0x0000000084600000| Complete 
|  40|0x0000000084600000, 0x0000000084700000, 0x0000000084700000|100%|HS|  |TAMS 0x0000000084700000, 0x0000000084700000| Complete 
|  41|0x0000000084700000, 0x0000000084800000, 0x0000000084800000|100%|HC|  |TAMS 0x0000000084800000, 0x0000000084800000| Complete 
|  42|0x0000000084800000, 0x0000000084900000, 0x0000000084900000|100%|HS|  |TAMS 0x0000000084800000, 0x0000000084900000| Complete 
|  43|0x0000000084900000, 0x0000000084a00000, 0x0000000084a00000|100%| O|  |TAMS 0x0000000084a00000, 0x0000000084a00000| Untracked 
|  44|0x0000000084a00000, 0x0000000084b00000, 0x0000000084b00000|100%| O|  |TAMS 0x0000000084b00000, 0x0000000084b00000| Untracked 
|  45|0x0000000084b00000, 0x0000000084c00000, 0x0000000084c00000|100%| O|  |TAMS 0x0000000084c00000, 0x0000000084c00000| Untracked 
|  46|0x0000000084c00000, 0x0000000084d00000, 0x0000000084d00000|100%| O|  |TAMS 0x0000000084d00000, 0x0000000084d00000| Untracked 
|  47|0x0000000084d00000, 0x0000000084e00000, 0x0000000084e00000|100%| O|  |TAMS 0x0000000084e00000, 0x0000000084e00000| Untracked 
|  48|0x0000000084e00000, 0x0000000084f00000, 0x0000000084f00000|100%| O|  |TAMS 0x0000000084f00000, 0x0000000084f00000| Untracked 
|  49|0x0000000084f00000, 0x0000000085000000, 0x0000000085000000|100%| O|  |TAMS 0x0000000085000000, 0x0000000085000000| Untracked 
|  50|0x0000000085000000, 0x0000000085100000, 0x0000000085100000|100%| O|  |TAMS 0x0000000085100000, 0x0000000085100000| Untracked 
|  51|0x0000000085100000, 0x0000000085200000, 0x0000000085200000|100%| O|  |TAMS 0x0000000085200000, 0x0000000085200000| Untracked 
|  52|0x0000000085200000, 0x0000000085300000, 0x0000000085300000|100%| O|  |TAMS 0x0000000085300000, 0x0000000085300000| Untracked 
|  53|0x0000000085300000, 0x0000000085400000, 0x0000000085400000|100%|HS|  |TAMS 0x0000000085400000, 0x0000000085400000| Complete 
|  54|0x0000000085400000, 0x0000000085500000, 0x0000000085500000|100%|HC|  |TAMS 0x0000000085500000, 0x0000000085500000| Complete 
|  55|0x0000000085500000, 0x0000000085600000, 0x0000000085600000|100%|HS|  |TAMS 0x0000000085600000, 0x0000000085600000| Complete 
|  56|0x0000000085600000, 0x0000000085700000, 0x0000000085700000|100%|HC|  |TAMS 0x0000000085700000, 0x0000000085700000| Complete 
|  57|0x0000000085700000, 0x0000000085800000, 0x0000000085800000|100%|HS|  |TAMS 0x0000000085700000, 0x0000000085800000| Complete 
|  58|0x0000000085800000, 0x0000000085900000, 0x0000000085900000|100%|HC|  |TAMS 0x0000000085800000, 0x0000000085900000| Complete 
|  59|0x0000000085900000, 0x0000000085a00000, 0x0000000085a00000|100%| O|  |TAMS 0x0000000085900000, 0x0000000085a00000| Untracked 
|  60|0x0000000085a00000, 0x0000000085b00000, 0x0000000085b00000|100%|HS|  |TAMS 0x0000000085b00000, 0x0000000085b00000| Complete 
|  61|0x0000000085b00000, 0x0000000085c00000, 0x0000000085c00000|100%|HC|  |TAMS 0x0000000085c00000, 0x0000000085c00000| Complete 
|  62|0x0000000085c00000, 0x0000000085d00000, 0x0000000085d00000|100%|HS|  |TAMS 0x0000000085c00000, 0x0000000085d00000| Complete 
|  63|0x0000000085d00000, 0x0000000085e00000, 0x0000000085e00000|100%|HC|  |TAMS 0x0000000085d00000, 0x0000000085e00000| Complete 
|  64|0x0000000085e00000, 0x0000000085f00000, 0x0000000085f00000|100%|HC|  |TAMS 0x0000000085e00000, 0x0000000085f00000| Complete 
|  65|0x0000000085f00000, 0x0000000086000000, 0x0000000086000000|100%|HC|  |TAMS 0x0000000085f00000, 0x0000000086000000| Complete 
|  66|0x0000000086000000, 0x0000000086100000, 0x0000000086100000|100%|HC|  |TAMS 0x0000000086000000, 0x0000000086100000| Complete 
|  67|0x0000000086100000, 0x0000000086200000, 0x0000000086200000|100%|HC|  |TAMS 0x0000000086100000, 0x0000000086200000| Complete 
|  68|0x0000000086200000, 0x0000000086300000, 0x0000000086300000|100%|HC|  |TAMS 0x0000000086200000, 0x0000000086300000| Complete 
|  69|0x0000000086300000, 0x0000000086400000, 0x0000000086400000|100%|HC|  |TAMS 0x0000000086300000, 0x0000000086400000| Complete 
|  70|0x0000000086400000, 0x0000000086500000, 0x0000000086500000|100%|HC|  |TAMS 0x0000000086400000, 0x0000000086500000| Complete 
|  71|0x0000000086500000, 0x0000000086600000, 0x0000000086600000|100%|HC|  |TAMS 0x0000000086500000, 0x0000000086600000| Complete 
|  72|0x0000000086600000, 0x0000000086700000, 0x0000000086700000|100%|HC|  |TAMS 0x0000000086600000, 0x0000000086700000| Complete 
|  73|0x0000000086700000, 0x0000000086800000, 0x0000000086800000|100%|HC|  |TAMS 0x0000000086700000, 0x0000000086800000| Complete 
|  74|0x0000000086800000, 0x0000000086900000, 0x0000000086900000|100%| O|  |TAMS 0x0000000086800000, 0x0000000086900000| Untracked 
|  75|0x0000000086900000, 0x0000000086a00000, 0x0000000086a00000|100%|HS|  |TAMS 0x0000000086a00000, 0x0000000086a00000| Complete 
|  76|0x0000000086a00000, 0x0000000086b00000, 0x0000000086b00000|100%|HC|  |TAMS 0x0000000086b00000, 0x0000000086b00000| Complete 
|  77|0x0000000086b00000, 0x0000000086c00000, 0x0000000086c00000|100%|HS|  |TAMS 0x0000000086c00000, 0x0000000086c00000| Complete 
|  78|0x0000000086c00000, 0x0000000086d00000, 0x0000000086d00000|100%|HC|  |TAMS 0x0000000086d00000, 0x0000000086d00000| Complete 
|  79|0x0000000086d00000, 0x0000000086e00000, 0x0000000086e00000|100%|HS|  |TAMS 0x0000000086e00000, 0x0000000086e00000| Complete 
|  80|0x0000000086e00000, 0x0000000086f00000, 0x0000000086f00000|100%|HC|  |TAMS 0x0000000086f00000, 0x0000000086f00000| Complete 
|  81|0x0000000086f00000, 0x0000000087000000, 0x0000000087000000|100%| O|  |TAMS 0x0000000087000000, 0x0000000087000000| Untracked 
|  82|0x0000000087000000, 0x0000000087100000, 0x0000000087100000|100%|HS|  |TAMS 0x0000000087100000, 0x0000000087100000| Complete 
|  83|0x0000000087100000, 0x0000000087200000, 0x0000000087200000|100%|HC|  |TAMS 0x0000000087200000, 0x0000000087200000| Complete 
|  84|0x0000000087200000, 0x0000000087300000, 0x0000000087300000|100%| O|  |TAMS 0x0000000087300000, 0x0000000087300000| Untracked 
|  85|0x0000000087300000, 0x0000000087400000, 0x0000000087400000|100%|HS|  |TAMS 0x0000000087400000, 0x0000000087400000| Complete 
|  86|0x0000000087400000, 0x0000000087500000, 0x0000000087500000|100%|HC|  |TAMS 0x0000000087500000, 0x0000000087500000| Complete 
|  87|0x0000000087500000, 0x0000000087529200, 0x0000000087600000| 16%| O|  |TAMS 0x0000000087500000, 0x0000000087529200| Untracked 
|  88|0x0000000087600000, 0x0000000087700000, 0x0000000087700000|100%|HS|  |TAMS 0x0000000087600000, 0x0000000087600000| Complete 
|  89|0x0000000087700000, 0x0000000087800000, 0x0000000087800000|100%|HC|  |TAMS 0x0000000087700000, 0x0000000087700000| Complete 
|  90|0x0000000087800000, 0x0000000087800000, 0x0000000087900000|  0%| F|  |TAMS 0x0000000087800000, 0x0000000087800000| Untracked 
|  91|0x0000000087900000, 0x0000000087a00000, 0x0000000087a00000|100%|HS|  |TAMS 0x0000000087900000, 0x0000000087a00000| Complete 
|  92|0x0000000087a00000, 0x0000000087b00000, 0x0000000087b00000|100%|HC|  |TAMS 0x0000000087a00000, 0x0000000087b00000| Complete 
|  93|0x0000000087b00000, 0x0000000087c00000, 0x0000000087c00000|100%|HS|  |TAMS 0x0000000087b00000, 0x0000000087c00000| Complete 
|  94|0x0000000087c00000, 0x0000000087d00000, 0x0000000087d00000|100%|HC|  |TAMS 0x0000000087c00000, 0x0000000087d00000| Complete 
|  95|0x0000000087d00000, 0x0000000087e00000, 0x0000000087e00000|100%|HS|  |TAMS 0x0000000087d00000, 0x0000000087d00000| Complete 
|  96|0x0000000087e00000, 0x0000000087f00000, 0x0000000087f00000|100%|HC|  |TAMS 0x0000000087e00000, 0x0000000087e00000| Complete 
|  97|0x0000000087f00000, 0x0000000087f00000, 0x0000000088000000|  0%| F|  |TAMS 0x0000000087f00000, 0x0000000087f00000| Untracked 
|  98|0x0000000088000000, 0x0000000088000000, 0x0000000088100000|  0%| F|  |TAMS 0x0000000088000000, 0x0000000088000000| Untracked 
|  99|0x0000000088100000, 0x0000000088200000, 0x0000000088200000|100%| O|  |TAMS 0x0000000088200000, 0x0000000088200000| Untracked 
| 100|0x0000000088200000, 0x0000000088300000, 0x0000000088300000|100%| O|  |TAMS 0x0000000088300000, 0x0000000088300000| Untracked 
| 101|0x0000000088300000, 0x0000000088400000, 0x0000000088400000|100%| O|  |TAMS 0x0000000088400000, 0x0000000088400000| Untracked 
| 102|0x0000000088400000, 0x0000000088500000, 0x0000000088500000|100%| O|  |TAMS 0x0000000088500000, 0x0000000088500000| Untracked 
| 103|0x0000000088500000, 0x0000000088600000, 0x0000000088600000|100%|HS|  |TAMS 0x0000000088600000, 0x0000000088600000| Complete 
| 104|0x0000000088600000, 0x0000000088700000, 0x0000000088700000|100%|HC|  |TAMS 0x0000000088700000, 0x0000000088700000| Complete 
| 105|0x0000000088700000, 0x0000000088800000, 0x0000000088800000|100%|HS|  |TAMS 0x0000000088700000, 0x0000000088800000| Complete 
| 106|0x0000000088800000, 0x0000000088900000, 0x0000000088900000|100%|HC|  |TAMS 0x0000000088800000, 0x0000000088900000| Complete 
| 107|0x0000000088900000, 0x0000000088a00000, 0x0000000088a00000|100%|HC|  |TAMS 0x0000000088900000, 0x0000000088a00000| Complete 
| 108|0x0000000088a00000, 0x0000000088b00000, 0x0000000088b00000|100%|HC|  |TAMS 0x0000000088a00000, 0x0000000088b00000| Complete 
| 109|0x0000000088b00000, 0x0000000088c00000, 0x0000000088c00000|100%|HC|  |TAMS 0x0000000088b00000, 0x0000000088c00000| Complete 
| 110|0x0000000088c00000, 0x0000000088d00000, 0x0000000088d00000|100%|HC|  |TAMS 0x0000000088c00000, 0x0000000088d00000| Complete 
| 111|0x0000000088d00000, 0x0000000088e00000, 0x0000000088e00000|100%|HC|  |TAMS 0x0000000088d00000, 0x0000000088e00000| Complete 
| 112|0x0000000088e00000, 0x0000000088f00000, 0x0000000088f00000|100%|HC|  |TAMS 0x0000000088e00000, 0x0000000088f00000| Complete 
| 113|0x0000000088f00000, 0x0000000089000000, 0x0000000089000000|100%|HC|  |TAMS 0x0000000088f00000, 0x0000000089000000| Complete 
| 114|0x0000000089000000, 0x0000000089100000, 0x0000000089100000|100%|HC|  |TAMS 0x0000000089000000, 0x0000000089100000| Complete 
| 115|0x0000000089100000, 0x0000000089200000, 0x0000000089200000|100%|HC|  |TAMS 0x0000000089100000, 0x0000000089200000| Complete 
| 116|0x0000000089200000, 0x0000000089300000, 0x0000000089300000|100%|HC|  |TAMS 0x0000000089200000, 0x0000000089300000| Complete 
| 117|0x0000000089300000, 0x0000000089400000, 0x0000000089400000|100%|HC|  |TAMS 0x0000000089300000, 0x0000000089400000| Complete 
| 118|0x0000000089400000, 0x0000000089500000, 0x0000000089500000|100%|HC|  |TAMS 0x0000000089400000, 0x0000000089500000| Complete 
| 119|0x0000000089500000, 0x0000000089600000, 0x0000000089600000|100%|HC|  |TAMS 0x0000000089500000, 0x0000000089600000| Complete 
| 120|0x0000000089600000, 0x0000000089700000, 0x0000000089700000|100%|HC|  |TAMS 0x0000000089600000, 0x0000000089700000| Complete 
| 121|0x0000000089700000, 0x0000000089800000, 0x0000000089800000|100%|HC|  |TAMS 0x0000000089700000, 0x0000000089800000| Complete 
| 122|0x0000000089800000, 0x0000000089900000, 0x0000000089900000|100%|HC|  |TAMS 0x0000000089800000, 0x0000000089900000| Complete 
| 123|0x0000000089900000, 0x0000000089a00000, 0x0000000089a00000|100%|HC|  |TAMS 0x0000000089900000, 0x0000000089a00000| Complete 
| 124|0x0000000089a00000, 0x0000000089b00000, 0x0000000089b00000|100%|HC|  |TAMS 0x0000000089a00000, 0x0000000089b00000| Complete 
| 125|0x0000000089b00000, 0x0000000089c00000, 0x0000000089c00000|100%|HC|  |TAMS 0x0000000089b00000, 0x0000000089c00000| Complete 
| 126|0x0000000089c00000, 0x0000000089d00000, 0x0000000089d00000|100%|HC|  |TAMS 0x0000000089c00000, 0x0000000089d00000| Complete 
| 127|0x0000000089d00000, 0x0000000089e00000, 0x0000000089e00000|100%|HS|  |TAMS 0x0000000089d00000, 0x0000000089e00000| Complete 
| 128|0x0000000089e00000, 0x0000000089f00000, 0x0000000089f00000|100%|HC|  |TAMS 0x0000000089e00000, 0x0000000089f00000| Complete 
| 129|0x0000000089f00000, 0x000000008a000000, 0x000000008a000000|100%|HC|  |TAMS 0x0000000089f00000, 0x000000008a000000| Complete 
| 130|0x000000008a000000, 0x000000008a100000, 0x000000008a100000|100%|HC|  |TAMS 0x000000008a000000, 0x000000008a100000| Complete 
| 131|0x000000008a100000, 0x000000008a200000, 0x000000008a200000|100%|HC|  |TAMS 0x000000008a100000, 0x000000008a200000| Complete 
| 132|0x000000008a200000, 0x000000008a300000, 0x000000008a300000|100%|HC|  |TAMS 0x000000008a200000, 0x000000008a300000| Complete 
| 133|0x000000008a300000, 0x000000008a400000, 0x000000008a400000|100%|HC|  |TAMS 0x000000008a300000, 0x000000008a400000| Complete 
| 134|0x000000008a400000, 0x000000008a500000, 0x000000008a500000|100%|HC|  |TAMS 0x000000008a400000, 0x000000008a500000| Complete 
| 135|0x000000008a500000, 0x000000008a600000, 0x000000008a600000|100%|HC|  |TAMS 0x000000008a500000, 0x000000008a600000| Complete 
| 136|0x000000008a600000, 0x000000008a700000, 0x000000008a700000|100%|HC|  |TAMS 0x000000008a600000, 0x000000008a700000| Complete 
| 137|0x000000008a700000, 0x000000008a800000, 0x000000008a800000|100%|HC|  |TAMS 0x000000008a700000, 0x000000008a800000| Complete 
| 138|0x000000008a800000, 0x000000008a900000, 0x000000008a900000|100%|HC|  |TAMS 0x000000008a800000, 0x000000008a900000| Complete 
| 139|0x000000008a900000, 0x000000008aa00000, 0x000000008aa00000|100%|HC|  |TAMS 0x000000008a900000, 0x000000008aa00000| Complete 
| 140|0x000000008aa00000, 0x000000008ab00000, 0x000000008ab00000|100%|HC|  |TAMS 0x000000008aa00000, 0x000000008ab00000| Complete 
| 141|0x000000008ab00000, 0x000000008ac00000, 0x000000008ac00000|100%|HC|  |TAMS 0x000000008ab00000, 0x000000008ac00000| Complete 
| 142|0x000000008ac00000, 0x000000008ad00000, 0x000000008ad00000|100%|HC|  |TAMS 0x000000008ac00000, 0x000000008ad00000| Complete 
| 143|0x000000008ad00000, 0x000000008ae00000, 0x000000008ae00000|100%|HC|  |TAMS 0x000000008ad00000, 0x000000008ae00000| Complete 
| 144|0x000000008ae00000, 0x000000008af00000, 0x000000008af00000|100%|HC|  |TAMS 0x000000008ae00000, 0x000000008af00000| Complete 
| 145|0x000000008af00000, 0x000000008b000000, 0x000000008b000000|100%|HC|  |TAMS 0x000000008af00000, 0x000000008b000000| Complete 
| 146|0x000000008b000000, 0x000000008b100000, 0x000000008b100000|100%|HC|  |TAMS 0x000000008b000000, 0x000000008b100000| Complete 
| 147|0x000000008b100000, 0x000000008b200000, 0x000000008b200000|100%|HC|  |TAMS 0x000000008b100000, 0x000000008b200000| Complete 
| 148|0x000000008b200000, 0x000000008b300000, 0x000000008b300000|100%|HC|  |TAMS 0x000000008b200000, 0x000000008b300000| Complete 
| 149|0x000000008b300000, 0x000000008b300000, 0x000000008b400000|  0%| F|  |TAMS 0x000000008b300000, 0x000000008b300000| Untracked 
| 150|0x000000008b400000, 0x000000008b400000, 0x000000008b500000|  0%| F|  |TAMS 0x000000008b400000, 0x000000008b400000| Untracked 
| 151|0x000000008b500000, 0x000000008b500000, 0x000000008b600000|  0%| F|  |TAMS 0x000000008b500000, 0x000000008b500000| Untracked 
| 152|0x000000008b600000, 0x000000008b600000, 0x000000008b700000|  0%| F|  |TAMS 0x000000008b600000, 0x000000008b600000| Untracked 
| 153|0x000000008b700000, 0x000000008b700000, 0x000000008b800000|  0%| F|  |TAMS 0x000000008b700000, 0x000000008b700000| Untracked 
| 154|0x000000008b800000, 0x000000008b800000, 0x000000008b900000|  0%| F|  |TAMS 0x000000008b800000, 0x000000008b800000| Untracked 
| 155|0x000000008b900000, 0x000000008b900000, 0x000000008ba00000|  0%| F|  |TAMS 0x000000008b900000, 0x000000008b900000| Untracked 
| 156|0x000000008ba00000, 0x000000008ba00000, 0x000000008bb00000|  0%| F|  |TAMS 0x000000008ba00000, 0x000000008ba00000| Untracked 
| 157|0x000000008bb00000, 0x000000008bb00000, 0x000000008bc00000|  0%| F|  |TAMS 0x000000008bb00000, 0x000000008bb00000| Untracked 
| 158|0x000000008bc00000, 0x000000008bc00000, 0x000000008bd00000|  0%| F|  |TAMS 0x000000008bc00000, 0x000000008bc00000| Untracked 
| 159|0x000000008bd00000, 0x000000008bd00000, 0x000000008be00000|  0%| F|  |TAMS 0x000000008bd00000, 0x000000008bd00000| Untracked 
| 160|0x000000008be00000, 0x000000008be00000, 0x000000008bf00000|  0%| F|  |TAMS 0x000000008be00000, 0x000000008be00000| Untracked 
| 161|0x000000008bf00000, 0x000000008bf00000, 0x000000008c000000|  0%| F|  |TAMS 0x000000008bf00000, 0x000000008bf00000| Untracked 
| 162|0x000000008c000000, 0x000000008c100000, 0x000000008c100000|100%|HS|  |TAMS 0x000000008c100000, 0x000000008c100000| Complete 
| 163|0x000000008c100000, 0x000000008c200000, 0x000000008c200000|100%|HC|  |TAMS 0x000000008c200000, 0x000000008c200000| Complete 
| 164|0x000000008c200000, 0x000000008c300000, 0x000000008c300000|100%|HC|  |TAMS 0x000000008c300000, 0x000000008c300000| Complete 
| 165|0x000000008c300000, 0x000000008c400000, 0x000000008c400000|100%|HC|  |TAMS 0x000000008c400000, 0x000000008c400000| Complete 
| 166|0x000000008c400000, 0x000000008c500000, 0x000000008c500000|100%|HC|  |TAMS 0x000000008c500000, 0x000000008c500000| Complete 
| 167|0x000000008c500000, 0x000000008c600000, 0x000000008c600000|100%|HC|  |TAMS 0x000000008c600000, 0x000000008c600000| Complete 
| 168|0x000000008c600000, 0x000000008c700000, 0x000000008c700000|100%|HC|  |TAMS 0x000000008c700000, 0x000000008c700000| Complete 
| 169|0x000000008c700000, 0x000000008c800000, 0x000000008c800000|100%|HC|  |TAMS 0x000000008c800000, 0x000000008c800000| Complete 
| 170|0x000000008c800000, 0x000000008c900000, 0x000000008c900000|100%|HC|  |TAMS 0x000000008c900000, 0x000000008c900000| Complete 
| 171|0x000000008c900000, 0x000000008ca00000, 0x000000008ca00000|100%|HC|  |TAMS 0x000000008ca00000, 0x000000008ca00000| Complete 
| 172|0x000000008ca00000, 0x000000008cb00000, 0x000000008cb00000|100%|HC|  |TAMS 0x000000008cb00000, 0x000000008cb00000| Complete 
| 173|0x000000008cb00000, 0x000000008cc00000, 0x000000008cc00000|100%|HC|  |TAMS 0x000000008cc00000, 0x000000008cc00000| Complete 
| 174|0x000000008cc00000, 0x000000008cd00000, 0x000000008cd00000|100%|HC|  |TAMS 0x000000008cd00000, 0x000000008cd00000| Complete 
| 175|0x000000008cd00000, 0x000000008ce00000, 0x000000008ce00000|100%|HC|  |TAMS 0x000000008ce00000, 0x000000008ce00000| Complete 
| 176|0x000000008ce00000, 0x000000008cf00000, 0x000000008cf00000|100%|HC|  |TAMS 0x000000008cf00000, 0x000000008cf00000| Complete 
| 177|0x000000008cf00000, 0x000000008d000000, 0x000000008d000000|100%|HC|  |TAMS 0x000000008d000000, 0x000000008d000000| Complete 
| 178|0x000000008d000000, 0x000000008d100000, 0x000000008d100000|100%|HC|  |TAMS 0x000000008d100000, 0x000000008d100000| Complete 
| 179|0x000000008d100000, 0x000000008d200000, 0x000000008d200000|100%|HC|  |TAMS 0x000000008d200000, 0x000000008d200000| Complete 
| 180|0x000000008d200000, 0x000000008d300000, 0x000000008d300000|100%|HC|  |TAMS 0x000000008d300000, 0x000000008d300000| Complete 
| 181|0x000000008d300000, 0x000000008d400000, 0x000000008d400000|100%|HC|  |TAMS 0x000000008d400000, 0x000000008d400000| Complete 
| 182|0x000000008d400000, 0x000000008d500000, 0x000000008d500000|100%|HC|  |TAMS 0x000000008d500000, 0x000000008d500000| Complete 
| 183|0x000000008d500000, 0x000000008d600000, 0x000000008d600000|100%|HC|  |TAMS 0x000000008d600000, 0x000000008d600000| Complete 
| 184|0x000000008d600000, 0x000000008d700000, 0x000000008d700000|100%|HS|  |TAMS 0x000000008d700000, 0x000000008d700000| Complete 
| 185|0x000000008d700000, 0x000000008d800000, 0x000000008d800000|100%|HC|  |TAMS 0x000000008d800000, 0x000000008d800000| Complete 
| 186|0x000000008d800000, 0x000000008d900000, 0x000000008d900000|100%|HC|  |TAMS 0x000000008d900000, 0x000000008d900000| Complete 
| 187|0x000000008d900000, 0x000000008da00000, 0x000000008da00000|100%|HC|  |TAMS 0x000000008da00000, 0x000000008da00000| Complete 
| 188|0x000000008da00000, 0x000000008db00000, 0x000000008db00000|100%|HC|  |TAMS 0x000000008db00000, 0x000000008db00000| Complete 
| 189|0x000000008db00000, 0x000000008dc00000, 0x000000008dc00000|100%|HC|  |TAMS 0x000000008dc00000, 0x000000008dc00000| Complete 
| 190|0x000000008dc00000, 0x000000008dd00000, 0x000000008dd00000|100%|HC|  |TAMS 0x000000008dd00000, 0x000000008dd00000| Complete 
| 191|0x000000008dd00000, 0x000000008de00000, 0x000000008de00000|100%|HC|  |TAMS 0x000000008de00000, 0x000000008de00000| Complete 
| 192|0x000000008de00000, 0x000000008df00000, 0x000000008df00000|100%|HC|  |TAMS 0x000000008df00000, 0x000000008df00000| Complete 
| 193|0x000000008df00000, 0x000000008e000000, 0x000000008e000000|100%|HC|  |TAMS 0x000000008e000000, 0x000000008e000000| Complete 
| 194|0x000000008e000000, 0x000000008e100000, 0x000000008e100000|100%|HC|  |TAMS 0x000000008e100000, 0x000000008e100000| Complete 
| 195|0x000000008e100000, 0x000000008e200000, 0x000000008e200000|100%|HC|  |TAMS 0x000000008e200000, 0x000000008e200000| Complete 
| 196|0x000000008e200000, 0x000000008e200000, 0x000000008e300000|  0%| F|  |TAMS 0x000000008e200000, 0x000000008e200000| Untracked 
| 197|0x000000008e300000, 0x000000008e36bbd0, 0x000000008e400000| 42%| S|CS|TAMS 0x000000008e300000, 0x000000008e300000| Complete 
| 198|0x000000008e400000, 0x000000008e500000, 0x000000008e500000|100%| S|CS|TAMS 0x000000008e400000, 0x000000008e400000| Complete 
| 199|0x000000008e500000, 0x000000008e500000, 0x000000008e600000|  0%| F|  |TAMS 0x000000008e500000, 0x000000008e500000| Untracked 
| 200|0x000000008e600000, 0x000000008e700000, 0x000000008e700000|100%|HS|  |TAMS 0x000000008e600000, 0x000000008e700000| Complete 
| 201|0x000000008e700000, 0x000000008e800000, 0x000000008e800000|100%|HC|  |TAMS 0x000000008e700000, 0x000000008e800000| Complete 
| 202|0x000000008e800000, 0x000000008e900000, 0x000000008e900000|100%|HC|  |TAMS 0x000000008e800000, 0x000000008e900000| Complete 
| 203|0x000000008e900000, 0x000000008ea00000, 0x000000008ea00000|100%|HC|  |TAMS 0x000000008e900000, 0x000000008ea00000| Complete 
| 204|0x000000008ea00000, 0x000000008eb00000, 0x000000008eb00000|100%|HC|  |TAMS 0x000000008ea00000, 0x000000008eb00000| Complete 
| 205|0x000000008eb00000, 0x000000008ec00000, 0x000000008ec00000|100%|HC|  |TAMS 0x000000008eb00000, 0x000000008ec00000| Complete 
| 206|0x000000008ec00000, 0x000000008ed00000, 0x000000008ed00000|100%|HC|  |TAMS 0x000000008ec00000, 0x000000008ed00000| Complete 
| 207|0x000000008ed00000, 0x000000008ee00000, 0x000000008ee00000|100%|HC|  |TAMS 0x000000008ed00000, 0x000000008ee00000| Complete 
| 208|0x000000008ee00000, 0x000000008ef00000, 0x000000008ef00000|100%|HC|  |TAMS 0x000000008ee00000, 0x000000008ef00000| Complete 
| 209|0x000000008ef00000, 0x000000008f000000, 0x000000008f000000|100%|HC|  |TAMS 0x000000008ef00000, 0x000000008f000000| Complete 
| 210|0x000000008f000000, 0x000000008f100000, 0x000000008f100000|100%|HC|  |TAMS 0x000000008f000000, 0x000000008f100000| Complete 
| 211|0x000000008f100000, 0x000000008f200000, 0x000000008f200000|100%|HC|  |TAMS 0x000000008f100000, 0x000000008f200000| Complete 
| 212|0x000000008f200000, 0x000000008f300000, 0x000000008f300000|100%|HS|  |TAMS 0x000000008f200000, 0x000000008f300000| Complete 
| 213|0x000000008f300000, 0x000000008f400000, 0x000000008f400000|100%|HC|  |TAMS 0x000000008f300000, 0x000000008f400000| Complete 
| 214|0x000000008f400000, 0x000000008f500000, 0x000000008f500000|100%|HC|  |TAMS 0x000000008f400000, 0x000000008f500000| Complete 
| 215|0x000000008f500000, 0x000000008f600000, 0x000000008f600000|100%|HC|  |TAMS 0x000000008f500000, 0x000000008f600000| Complete 
| 216|0x000000008f600000, 0x000000008f700000, 0x000000008f700000|100%|HC|  |TAMS 0x000000008f600000, 0x000000008f700000| Complete 
| 217|0x000000008f700000, 0x000000008f800000, 0x000000008f800000|100%|HC|  |TAMS 0x000000008f700000, 0x000000008f800000| Complete 
| 218|0x000000008f800000, 0x000000008f900000, 0x000000008f900000|100%|HC|  |TAMS 0x000000008f800000, 0x000000008f900000| Complete 
| 219|0x000000008f900000, 0x000000008fa00000, 0x000000008fa00000|100%|HC|  |TAMS 0x000000008f900000, 0x000000008fa00000| Complete 
| 220|0x000000008fa00000, 0x000000008fb00000, 0x000000008fb00000|100%|HC|  |TAMS 0x000000008fa00000, 0x000000008fb00000| Complete 
| 221|0x000000008fb00000, 0x000000008fc00000, 0x000000008fc00000|100%|HC|  |TAMS 0x000000008fb00000, 0x000000008fc00000| Complete 
| 222|0x000000008fc00000, 0x000000008fd00000, 0x000000008fd00000|100%|HC|  |TAMS 0x000000008fc00000, 0x000000008fd00000| Complete 
| 223|0x000000008fd00000, 0x000000008fe00000, 0x000000008fe00000|100%|HC|  |TAMS 0x000000008fd00000, 0x000000008fe00000| Complete 
| 224|0x000000008fe00000, 0x000000008ff00000, 0x000000008ff00000|100%|HC|  |TAMS 0x000000008fe00000, 0x000000008ff00000| Complete 
| 225|0x000000008ff00000, 0x0000000090000000, 0x0000000090000000|100%|HC|  |TAMS 0x000000008ff00000, 0x0000000090000000| Complete 
| 226|0x0000000090000000, 0x0000000090100000, 0x0000000090100000|100%|HC|  |TAMS 0x0000000090000000, 0x0000000090100000| Complete 
| 227|0x0000000090100000, 0x0000000090200000, 0x0000000090200000|100%|HC|  |TAMS 0x0000000090100000, 0x0000000090200000| Complete 
| 228|0x0000000090200000, 0x0000000090300000, 0x0000000090300000|100%|HC|  |TAMS 0x0000000090200000, 0x0000000090300000| Complete 
| 229|0x0000000090300000, 0x0000000090400000, 0x0000000090400000|100%|HC|  |TAMS 0x0000000090300000, 0x0000000090400000| Complete 
| 230|0x0000000090400000, 0x0000000090500000, 0x0000000090500000|100%|HC|  |TAMS 0x0000000090400000, 0x0000000090500000| Complete 
| 231|0x0000000090500000, 0x0000000090600000, 0x0000000090600000|100%|HC|  |TAMS 0x0000000090500000, 0x0000000090600000| Complete 
| 232|0x0000000090600000, 0x0000000090700000, 0x0000000090700000|100%|HC|  |TAMS 0x0000000090600000, 0x0000000090700000| Complete 
| 233|0x0000000090700000, 0x0000000090800000, 0x0000000090800000|100%|HC|  |TAMS 0x0000000090700000, 0x0000000090800000| Complete 
| 234|0x0000000090800000, 0x0000000090800000, 0x0000000090900000|  0%| F|  |TAMS 0x0000000090800000, 0x0000000090800000| Untracked 
| 235|0x0000000090900000, 0x0000000090900000, 0x0000000090a00000|  0%| F|  |TAMS 0x0000000090900000, 0x0000000090900000| Untracked 
| 236|0x0000000090a00000, 0x0000000090a00000, 0x0000000090b00000|  0%| F|  |TAMS 0x0000000090a00000, 0x0000000090a00000| Untracked 
| 237|0x0000000090b00000, 0x0000000090b00000, 0x0000000090c00000|  0%| F|  |TAMS 0x0000000090b00000, 0x0000000090b00000| Untracked 
| 238|0x0000000090c00000, 0x0000000090d00000, 0x0000000090d00000|100%|HS|  |TAMS 0x0000000090c00000, 0x0000000090d00000| Complete 
| 239|0x0000000090d00000, 0x0000000090e00000, 0x0000000090e00000|100%|HC|  |TAMS 0x0000000090d00000, 0x0000000090e00000| Complete 
| 240|0x0000000090e00000, 0x0000000090f00000, 0x0000000090f00000|100%|HC|  |TAMS 0x0000000090e00000, 0x0000000090f00000| Complete 
| 241|0x0000000090f00000, 0x0000000091000000, 0x0000000091000000|100%|HC|  |TAMS 0x0000000090f00000, 0x0000000091000000| Complete 
| 242|0x0000000091000000, 0x0000000091100000, 0x0000000091100000|100%|HC|  |TAMS 0x0000000091000000, 0x0000000091100000| Complete 
| 243|0x0000000091100000, 0x0000000091200000, 0x0000000091200000|100%|HC|  |TAMS 0x0000000091100000, 0x0000000091200000| Complete 
| 244|0x0000000091200000, 0x0000000091300000, 0x0000000091300000|100%|HC|  |TAMS 0x0000000091200000, 0x0000000091300000| Complete 
| 245|0x0000000091300000, 0x0000000091400000, 0x0000000091400000|100%|HC|  |TAMS 0x0000000091300000, 0x0000000091400000| Complete 
| 246|0x0000000091400000, 0x0000000091500000, 0x0000000091500000|100%|HC|  |TAMS 0x0000000091400000, 0x0000000091500000| Complete 
| 247|0x0000000091500000, 0x0000000091600000, 0x0000000091600000|100%|HC|  |TAMS 0x0000000091500000, 0x0000000091600000| Complete 
| 248|0x0000000091600000, 0x0000000091700000, 0x0000000091700000|100%|HC|  |TAMS 0x0000000091600000, 0x0000000091700000| Complete 
| 249|0x0000000091700000, 0x0000000091800000, 0x0000000091800000|100%|HC|  |TAMS 0x0000000091700000, 0x0000000091800000| Complete 
| 250|0x0000000091800000, 0x0000000091800000, 0x0000000091900000|  0%| F|  |TAMS 0x0000000091800000, 0x0000000091800000| Untracked 
| 251|0x0000000091900000, 0x0000000091993788, 0x0000000091a00000| 57%| E|  |TAMS 0x0000000091900000, 0x0000000091900000| Complete 
| 252|0x0000000091a00000, 0x0000000091b00000, 0x0000000091b00000|100%| O|  |TAMS 0x0000000091a00000, 0x0000000091b00000| Untracked 

Card table byte_map: [0x000001f4ff710000,0x000001f4ffb10000] _byte_map_base: 0x000001f4ff301000

Marking Bits (Prev, Next): (CMBitMap*) 0x000001f4f6b8c3b0, (CMBitMap*) 0x000001f4f6b8c378
 Prev Bits: [0x000001f490f90000, 0x000001f492f18000)
 Next Bits: [0x000001f48f000000, 0x000001f490f88000)

Polling page: 0x000001f4f4ac0000

Metaspace:

Usage:
  Non-class:     37.77 MB capacity,    37.02 MB ( 98%) used,   620.46 KB (  2%) free+waste,   143.94 KB ( <1%) overhead. 
      Class:      5.29 MB capacity,     4.79 MB ( 90%) used,   449.80 KB (  8%) free+waste,    67.88 KB (  1%) overhead. 
       Both:     43.06 MB capacity,    41.81 MB ( 97%) used,     1.05 MB (  2%) free+waste,   211.81 KB ( <1%) overhead. 

Virtual space:
  Non-class space:       38.00 MB reserved,      37.88 MB (>99%) committed 
      Class space:        1.00 GB reserved,       5.40 MB ( <1%) committed 
             Both:        1.04 GB reserved,      43.28 MB (  4%) committed 

Chunk freelists:
   Non-Class:  6.50 KB
       Class:  2.63 KB
        Both:  9.13 KB

CodeHeap 'non-profiled nmethods': size=120000Kb used=3241Kb max_used=3241Kb free=116758Kb
 bounds [0x000001f487ad0000, 0x000001f487e00000, 0x000001f48f000000]
CodeHeap 'profiled nmethods': size=120000Kb used=13570Kb max_used=13570Kb free=106429Kb
 bounds [0x000001f4805a0000, 0x000001f4812f0000, 0x000001f487ad0000]
CodeHeap 'non-nmethods': size=5760Kb used=1613Kb max_used=1666Kb free=4146Kb
 bounds [0x000001f480000000, 0x000001f480270000, 0x000001f4805a0000]
 total_blobs=7225 nmethods=6044 adapters=1089
 compilation: enabled
              stopped_count=0, restarted_count=0
 full_count=0

Compilation events (10 events):
Event: 14.922 Thread 0x000001f495986000 nmethod 6589 0x000001f4812e1190 code [0x000001f4812e13c0, 0x000001f4812e1c90]
Event: 14.977 Thread 0x000001f495986000 6590       3       java.lang.Class::annotationData (44 bytes)
Event: 14.978 Thread 0x000001f495986000 nmethod 6590 0x000001f4812e2090 code [0x000001f4812e2260, 0x000001f4812e2630]
Event: 14.978 Thread 0x000001f49597e800 6591       4       javafx.collections.ListChangeBuilder::nextAdd (290 bytes)
Event: 14.978 Thread 0x000001f495986000 6592       3       java.net.URL::openStream (8 bytes)
Event: 14.978 Thread 0x000001f495986000 nmethod 6592 0x000001f4812e2790 code [0x000001f4812e2960, 0x000001f4812e2ca0]
Event: 14.991 Thread 0x000001f495986000 6595       3       java.util.ServiceLoader$ModuleServicesLookupIterator::iteratorFor (191 bytes)
Event: 14.994 Thread 0x000001f495986000 nmethod 6595 0x000001f4812e2d90 code [0x000001f4812e3380, 0x000001f4812e6a60]
Event: 14.994 Thread 0x000001f495986000 6596       3       jdk.internal.module.ServicesCatalog::findServices (17 bytes)
Event: 14.994 Thread 0x000001f495986000 nmethod 6596 0x000001f4812e7d90 code [0x000001f4812e7f60, 0x000001f4812e8350]

GC Heap History (10 events):
Event: 12.305 GC heap before
{Heap before GC invocations=66 (full 0):
 garbage-first heap   total 204800K, used 145160K [0x0000000081e00000, 0x0000000100000000)
  region size 1024K, 10 young (10240K), 4 survivors (4096K)
 Metaspace       used 42516K, capacity 43765K, committed 44060K, reserved 1087488K
  class space    used 4899K, capacity 5417K, committed 5528K, reserved 1048576K
}
Event: 12.307 GC heap after
{Heap after GC invocations=67 (full 0):
 garbage-first heap   total 204800K, used 139366K [0x0000000081e00000, 0x0000000100000000)
  region size 1024K, 2 young (2048K), 2 survivors (2048K)
 Metaspace       used 42516K, capacity 43765K, committed 44060K, reserved 1087488K
  class space    used 4899K, capacity 5417K, committed 5528K, reserved 1048576K
}
Event: 12.309 GC heap before
{Heap before GC invocations=67 (full 0):
 garbage-first heap   total 204800K, used 139366K [0x0000000081e00000, 0x0000000100000000)
  region size 1024K, 3 young (3072K), 2 survivors (2048K)
 Metaspace       used 42518K, capacity 43765K, committed 44060K, reserved 1087488K
  class space    used 4899K, capacity 5417K, committed 5528K, reserved 1048576K
}
Event: 12.310 GC heap after
{Heap after GC invocations=68 (full 0):
 garbage-first heap   total 204800K, used 139354K [0x0000000081e00000, 0x0000000100000000)
  region size 1024K, 2 young (2048K), 2 survivors (2048K)
 Metaspace       used 42518K, capacity 43765K, committed 44060K, reserved 1087488K
  class space    used 4899K, capacity 5417K, committed 5528K, reserved 1048576K
}
Event: 14.370 GC heap before
{Heap before GC invocations=69 (full 0):
 garbage-first heap   total 256000K, used 253018K [0x0000000081e00000, 0x0000000100000000)
  region size 1024K, 22 young (22528K), 2 survivors (2048K)
 Metaspace       used 42679K, capacity 43963K, committed 44316K, reserved 1087488K
  class space    used 4901K, capacity 5419K, committed 5528K, reserved 1048576K
}
Event: 14.373 GC heap after
{Heap after GC invocations=70 (full 0):
 garbage-first heap   total 259072K, used 224233K [0x0000000081e00000, 0x0000000100000000)
  region size 1024K, 3 young (3072K), 3 survivors (3072K)
 Metaspace       used 42679K, capacity 43963K, committed 44316K, reserved 1087488K
  class space    used 4901K, capacity 5419K, committed 5528K, reserved 1048576K
}
Event: 14.570 GC heap before
{Heap before GC invocations=70 (full 0):
 garbage-first heap   total 259072K, used 235497K [0x0000000081e00000, 0x0000000100000000)
  region size 1024K, 12 young (12288K), 3 survivors (3072K)
 Metaspace       used 42779K, capacity 44027K, committed 44316K, reserved 1087488K
  class space    used 4901K, capacity 5419K, committed 5528K, reserved 1048576K
}
Event: 14.572 GC heap after
{Heap after GC invocations=71 (full 0):
 garbage-first heap   total 259072K, used 227723K [0x0000000081e00000, 0x0000000100000000)
  region size 1024K, 2 young (2048K), 2 survivors (2048K)
 Metaspace       used 42779K, capacity 44027K, committed 44316K, reserved 1087488K
  class space    used 4901K, capacity 5419K, committed 5528K, reserved 1048576K
}
Event: 14.980 GC heap before
{Heap before GC invocations=71 (full 0):
 garbage-first heap   total 259072K, used 232843K [0x0000000081e00000, 0x0000000100000000)
  region size 1024K, 9 young (9216K), 2 survivors (2048K)
 Metaspace       used 42802K, capacity 44027K, committed 44316K, reserved 1087488K
  class space    used 4901K, capacity 5419K, committed 5528K, reserved 1048576K
}
Event: 14.982 GC heap after
{Heap after GC invocations=72 (full 0):
 garbage-first heap   total 259072K, used 228947K [0x0000000081e00000, 0x0000000100000000)
  region size 1024K, 2 young (2048K), 2 survivors (2048K)
 Metaspace       used 42802K, capacity 44027K, committed 44316K, reserved 1087488K
  class space    used 4901K, capacity 5419K, committed 5528K, reserved 1048576K
}

Deoptimization events (10 events):
Event: 8.898 Thread 0x000001f496fa6800 Uncommon trap: reason=unstable_if action=reinterpret pc=0x000001f487c4c980 method=java.awt.image.ComponentColorModel.getRGB(Ljava/lang/Object;)I @ 4 c2
Event: 11.293 Thread 0x000001f496fa6800 Uncommon trap: reason=profile_predicate action=maybe_recompile pc=0x000001f487d88c58 method=javafx.scene.CssStyleHelper$CacheContainer.<init>(Ljavafx/scene/Node;Lcom/sun/javafx/css/StyleMap;I)V @ 164 c2
Event: 11.293 Thread 0x000001f496fa6800 Uncommon trap: reason=profile_predicate action=maybe_recompile pc=0x000001f487d88c58 method=javafx.scene.CssStyleHelper$CacheContainer.<init>(Ljavafx/scene/Node;Lcom/sun/javafx/css/StyleMap;I)V @ 164 c2
Event: 11.293 Thread 0x000001f496fa6800 Uncommon trap: reason=profile_predicate action=maybe_recompile pc=0x000001f487d88c58 method=javafx.scene.CssStyleHelper$CacheContainer.<init>(Ljavafx/scene/Node;Lcom/sun/javafx/css/StyleMap;I)V @ 164 c2
Event: 11.294 Thread 0x000001f496fa6800 Uncommon trap: reason=profile_predicate action=maybe_recompile pc=0x000001f487d88c58 method=javafx.scene.CssStyleHelper$CacheContainer.<init>(Ljavafx/scene/Node;Lcom/sun/javafx/css/StyleMap;I)V @ 164 c2
Event: 11.319 Thread 0x000001f496fa6800 Uncommon trap: reason=unstable_if action=reinterpret pc=0x000001f487cc3790 method=java.util.ArrayList.indexOfRange(Ljava/lang/Object;II)I @ 7 c2
Event: 14.557 Thread 0x000001f496fa6800 Uncommon trap: reason=profile_predicate action=maybe_recompile pc=0x000001f487deb134 method=java.math.BigInteger.montReduce([I[III)[I @ 56 c2
Event: 14.557 Thread 0x000001f496fa6800 Uncommon trap: reason=profile_predicate action=maybe_recompile pc=0x000001f487deb134 method=java.math.BigInteger.montReduce([I[III)[I @ 56 c2
Event: 14.559 Thread 0x000001f496fa6800 Uncommon trap: reason=profile_predicate action=maybe_recompile pc=0x000001f487deb134 method=java.math.BigInteger.montReduce([I[III)[I @ 56 c2
Event: 14.559 Thread 0x000001f496fa6800 Uncommon trap: reason=profile_predicate action=maybe_recompile pc=0x000001f487deb134 method=java.math.BigInteger.montReduce([I[III)[I @ 56 c2

Classes redefined (0 events):
No events

Internal exceptions (10 events):
Event: 13.025 Thread 0x000001f496fa6800 Exception <a 'sun/nio/fs/WindowsException'{0x000000008bab3660}> (0x000000008bab3660) thrown at [./open/src/hotspot/share/prims/jni.cpp, line 611]
Event: 13.141 Thread 0x000001f496fa6800 Exception <a 'java/io/FileNotFoundException'{0x000000008b89d8d0}> (0x000000008b89d8d0) thrown at [./open/src/hotspot/share/prims/jni.cpp, line 611]
Event: 13.142 Thread 0x000001f496fa6800 Exception <a 'java/io/FileNotFoundException'{0x000000008b8b90b0}> (0x000000008b8b90b0) thrown at [./open/src/hotspot/share/prims/jni.cpp, line 611]
Event: 13.257 Thread 0x000001f496fa6800 Exception <a 'java/net/SocketException'{0x000000008b560660}: Software caused connection abort: socket write error> (0x000000008b560660) thrown at [./open/src/hotspot/share/prims/jni.cpp, line 632]
Event: 13.378 Thread 0x000001f496fa6800 Exception <a 'sun/nio/fs/WindowsException'{0x000000008b430cb0}> (0x000000008b430cb0) thrown at [./open/src/hotspot/share/prims/jni.cpp, line 611]
Event: 14.160 Thread 0x000001f496fa6800 Exception <a 'sun/nio/fs/WindowsException'{0x0000000087f66f00}> (0x0000000087f66f00) thrown at [./open/src/hotspot/share/prims/jni.cpp, line 611]
Event: 14.286 Thread 0x000001f496fa6800 Exception <a 'java/io/FileNotFoundException'{0x0000000087d50030}> (0x0000000087d50030) thrown at [./open/src/hotspot/share/prims/jni.cpp, line 611]
Event: 14.288 Thread 0x000001f496fa6800 Exception <a 'java/io/FileNotFoundException'{0x0000000087d6bd00}> (0x0000000087d6bd00) thrown at [./open/src/hotspot/share/prims/jni.cpp, line 611]
Event: 14.511 Thread 0x000001f496fa6800 Exception <a 'sun/nio/fs/WindowsException'{0x0000000090ae6748}> (0x0000000090ae6748) thrown at [./open/src/hotspot/share/prims/jni.cpp, line 611]
Event: 14.976 Thread 0x000001f496fa6800 Exception <a 'sun/nio/fs/WindowsException'{0x00000000908a5c60}> (0x00000000908a5c60) thrown at [./open/src/hotspot/share/prims/jni.cpp, line 611]

Events (10 events):
Event: 14.559 Thread 0x000001f496fa6800 DEOPT UNPACKING pc=0x000001f480028f2f sp=0x000000aa9f0f55c8 mode 2
Event: 14.559 Thread 0x000001f496fa6800 Uncommon trap: trap_request=0xffffffbe fr.pc=0x000001f487deb134 relative=0x0000000000000bf4
Event: 14.559 Thread 0x000001f496fa6800 DEOPT PACKING pc=0x000001f487deb134 sp=0x000000aa9f0f55f0
Event: 14.559 Thread 0x000001f496fa6800 DEOPT UNPACKING pc=0x000001f480028f2f sp=0x000000aa9f0f55c8 mode 2
Event: 14.570 Executing VM operation: G1CollectForAllocation
Event: 14.572 Executing VM operation: G1CollectForAllocation done
Event: 14.866 Executing VM operation: ThreadDump
Event: 14.867 Executing VM operation: ThreadDump done
Event: 14.980 Executing VM operation: G1CollectForAllocation
Event: 14.982 Executing VM operation: G1CollectForAllocation done


Dynamic libraries:
0x00007ff672d50000 - 0x00007ff672d5f000 	C:\Program Files\Java\jdk-11.0.9\bin\java.exe
0x00007ffab1f90000 - 0x00007ffab2185000 	C:\WINDOWS\SYSTEM32\ntdll.dll
0x00007ffab1db0000 - 0x00007ffab1e6e000 	C:\WINDOWS\System32\KERNEL32.DLL
0x00007ffaafa70000 - 0x00007ffaafd39000 	C:\WINDOWS\System32\KERNELBASE.dll
0x00007ffaaf6b0000 - 0x00007ffaaf7b0000 	C:\WINDOWS\System32\ucrtbase.dll
0x00007ffaa9330000 - 0x00007ffaa9348000 	C:\Program Files\Java\jdk-11.0.9\bin\jli.dll
0x00007ffaa9310000 - 0x00007ffaa9325000 	C:\Program Files\Java\jdk-11.0.9\bin\VCRUNTIME140.dll
0x00007ffab04a0000 - 0x00007ffab054c000 	C:\WINDOWS\System32\ADVAPI32.dll
0x00007ffab0af0000 - 0x00007ffab0b8e000 	C:\WINDOWS\System32\msvcrt.dll
0x00007ffab0950000 - 0x00007ffab09eb000 	C:\WINDOWS\System32\sechost.dll
0x00007ffab07c0000 - 0x00007ffab08ea000 	C:\WINDOWS\System32\RPCRT4.dll
0x00007ffab0cc0000 - 0x00007ffab0e61000 	C:\WINDOWS\System32\USER32.dll
0x00007ffaaf8b0000 - 0x00007ffaaf8d2000 	C:\WINDOWS\System32\win32u.dll
0x00007ffa9fd30000 - 0x00007ffa9ffca000 	C:\WINDOWS\WinSxS\amd64_microsoft.windows.common-controls_6595b64144ccf1df_6.0.19041.1110_none_60b5254171f9507e\COMCTL32.dll
0x00007ffab00b0000 - 0x00007ffab00db000 	C:\WINDOWS\System32\GDI32.dll
0x00007ffaaf960000 - 0x00007ffaafa6b000 	C:\WINDOWS\System32\gdi32full.dll
0x00007ffaaf810000 - 0x00007ffaaf8ad000 	C:\WINDOWS\System32\msvcp_win.dll
0x00007ffaa8710000 - 0x00007ffaa871a000 	C:\WINDOWS\SYSTEM32\VERSION.dll
0x00007ffab1d80000 - 0x00007ffab1db0000 	C:\WINDOWS\System32\IMM32.DLL
0x00007ffa9ec20000 - 0x00007ffa9ecbb000 	C:\Program Files\Java\jdk-11.0.9\bin\msvcp140.dll
0x00007ffa63640000 - 0x00007ffa64137000 	C:\Program Files\Java\jdk-11.0.9\bin\server\jvm.dll
0x00007ffab0c40000 - 0x00007ffab0c48000 	C:\WINDOWS\System32\PSAPI.DLL
0x00007ffa98dc0000 - 0x00007ffa98dc9000 	C:\WINDOWS\SYSTEM32\WSOCK32.dll
0x00007ffa9de20000 - 0x00007ffa9de47000 	C:\WINDOWS\SYSTEM32\WINMM.dll
0x00007ffab1a30000 - 0x00007ffab1a9b000 	C:\WINDOWS\System32\WS2_32.dll
0x00007ffaadf80000 - 0x00007ffaadf92000 	C:\WINDOWS\SYSTEM32\kernel.appcore.dll
0x00007ffaaae90000 - 0x00007ffaaaea0000 	C:\Program Files\Java\jdk-11.0.9\bin\verify.dll
0x00007ffaad580000 - 0x00007ffaad764000 	C:\WINDOWS\SYSTEM32\DBGHELP.DLL
0x00007ffa9dbd0000 - 0x00007ffa9dbfc000 	C:\WINDOWS\SYSTEM32\dbgcore.DLL
0x00007ffaaff50000 - 0x00007ffaaffd3000 	C:\WINDOWS\System32\bcryptPrimitives.dll
0x00007ffaa8550000 - 0x00007ffaa8578000 	C:\Program Files\Java\jdk-11.0.9\bin\java.dll
0x00007ffaaae60000 - 0x00007ffaaae6a000 	C:\Program Files\Java\jdk-11.0.9\bin\jimage.dll
0x00007ffaa9c70000 - 0x00007ffaa9c7e000 	C:\Program Files\Java\jdk-11.0.9\bin\instrument.dll
0x00007ffaa85a0000 - 0x00007ffaa85b6000 	C:\Program Files\Java\jdk-11.0.9\bin\zip.dll
0x00007ffab0e70000 - 0x00007ffab15af000 	C:\WINDOWS\System32\SHELL32.dll
0x00007ffaad790000 - 0x00007ffaadf20000 	C:\WINDOWS\SYSTEM32\windows.storage.dll
0x00007ffab00e0000 - 0x00007ffab0435000 	C:\WINDOWS\System32\combase.dll
0x00007ffaaf030000 - 0x00007ffaaf05c000 	C:\WINDOWS\SYSTEM32\Wldp.dll
0x00007ffab05e0000 - 0x00007ffab068e000 	C:\WINDOWS\System32\SHCORE.dll
0x00007ffab0440000 - 0x00007ffab0495000 	C:\WINDOWS\System32\shlwapi.dll
0x00007ffaaf5f0000 - 0x00007ffaaf60f000 	C:\WINDOWS\SYSTEM32\profapi.dll
0x00007ffaa8530000 - 0x00007ffaa8549000 	C:\Program Files\Java\jdk-11.0.9\bin\net.dll
0x00007ffaa1b60000 - 0x00007ffaa1c68000 	C:\WINDOWS\SYSTEM32\WINHTTP.dll
0x00007ffaaed90000 - 0x00007ffaaedfa000 	C:\WINDOWS\system32\mswsock.dll
0x00007ffaa7970000 - 0x00007ffaa7982000 	C:\Program Files\Java\jdk-11.0.9\bin\nio.dll
0x00007ffaa73d0000 - 0x00007ffaa73ea000 	C:\Program Files\IntelliJ IDEA 2020.2.3\bin\breakgen64.dll
0x000001f4f6a80000 - 0x000001f4f6a83000 	C:\Program Files\Java\jdk-11.0.9\bin\api-ms-win-core-console-l1-1-0.dll
0x000001f4f6a90000 - 0x000001f4f6a93000 	C:\Program Files\Java\jdk-11.0.9\bin\api-ms-win-core-datetime-l1-1-0.dll
0x000001f4f6aa0000 - 0x000001f4f6aa3000 	C:\Program Files\Java\jdk-11.0.9\bin\api-ms-win-core-debug-l1-1-0.dll
0x000001f4f6ab0000 - 0x000001f4f6ab3000 	C:\Program Files\Java\jdk-11.0.9\bin\api-ms-win-core-errorhandling-l1-1-0.dll
0x000001f4f6ac0000 - 0x000001f4f6ac4000 	C:\Program Files\Java\jdk-11.0.9\bin\api-ms-win-core-file-l1-1-0.dll
0x000001f4f6ad0000 - 0x000001f4f6ad3000 	C:\Program Files\Java\jdk-11.0.9\bin\api-ms-win-core-file-l1-2-0.dll
0x000001f4f6ae0000 - 0x000001f4f6ae3000 	C:\Program Files\Java\jdk-11.0.9\bin\api-ms-win-core-file-l2-1-0.dll
0x000001f4f6af0000 - 0x000001f4f6af3000 	C:\Program Files\Java\jdk-11.0.9\bin\api-ms-win-core-handle-l1-1-0.dll
0x000001f4f6b00000 - 0x000001f4f6b03000 	C:\Program Files\Java\jdk-11.0.9\bin\api-ms-win-core-heap-l1-1-0.dll
0x000001f4f6b10000 - 0x000001f4f6b13000 	C:\Program Files\Java\jdk-11.0.9\bin\api-ms-win-core-interlocked-l1-1-0.dll
0x000001f4f6b20000 - 0x000001f4f6b23000 	C:\Program Files\Java\jdk-11.0.9\bin\api-ms-win-core-libraryloader-l1-1-0.dll
0x000001f4fff10000 - 0x000001f4fff13000 	C:\Program Files\Java\jdk-11.0.9\bin\api-ms-win-core-localization-l1-2-0.dll
0x000001f4fff20000 - 0x000001f4fff23000 	C:\Program Files\Java\jdk-11.0.9\bin\api-ms-win-core-memory-l1-1-0.dll
0x000001f4fff30000 - 0x000001f4fff33000 	C:\Program Files\Java\jdk-11.0.9\bin\api-ms-win-core-namedpipe-l1-1-0.dll
0x000001f4fff40000 - 0x000001f4fff43000 	C:\Program Files\Java\jdk-11.0.9\bin\api-ms-win-core-processenvironment-l1-1-0.dll
0x000001f4fff50000 - 0x000001f4fff53000 	C:\Program Files\Java\jdk-11.0.9\bin\api-ms-win-core-processthreads-l1-1-0.dll
0x000001f4fff60000 - 0x000001f4fff63000 	C:\Program Files\Java\jdk-11.0.9\bin\api-ms-win-core-processthreads-l1-1-1.dll
0x000001f4fff70000 - 0x000001f4fff73000 	C:\Program Files\Java\jdk-11.0.9\bin\api-ms-win-core-profile-l1-1-0.dll
0x000001f4fff80000 - 0x000001f4fff83000 	C:\Program Files\Java\jdk-11.0.9\bin\api-ms-win-core-rtlsupport-l1-1-0.dll
0x000001f4fff90000 - 0x000001f4fff93000 	C:\Program Files\Java\jdk-11.0.9\bin\api-ms-win-core-string-l1-1-0.dll
0x000001f4fffa0000 - 0x000001f4fffa3000 	C:\Program Files\Java\jdk-11.0.9\bin\api-ms-win-core-synch-l1-1-0.dll
0x000001f4fffb0000 - 0x000001f4fffb3000 	C:\Program Files\Java\jdk-11.0.9\bin\api-ms-win-core-synch-l1-2-0.dll
0x000001f4fffc0000 - 0x000001f4fffc3000 	C:\Program Files\Java\jdk-11.0.9\bin\api-ms-win-core-sysinfo-l1-1-0.dll
0x000001f4fffd0000 - 0x000001f4fffd3000 	C:\Program Files\Java\jdk-11.0.9\bin\api-ms-win-core-timezone-l1-1-0.dll
0x000001f4fffe0000 - 0x000001f4fffe3000 	C:\Program Files\Java\jdk-11.0.9\bin\api-ms-win-core-util-l1-1-0.dll
0x000001f4ffff0000 - 0x000001f4ffff3000 	C:\Program Files\Java\jdk-11.0.9\bin\api-ms-win-crt-conio-l1-1-0.dll
0x000001f498610000 - 0x000001f498614000 	C:\Program Files\Java\jdk-11.0.9\bin\api-ms-win-crt-convert-l1-1-0.dll
0x000001f498620000 - 0x000001f498623000 	C:\Program Files\Java\jdk-11.0.9\bin\api-ms-win-crt-environment-l1-1-0.dll
0x000001f4983e0000 - 0x000001f4983e3000 	C:\Program Files\Java\jdk-11.0.9\bin\api-ms-win-crt-filesystem-l1-1-0.dll
0x000001f4983f0000 - 0x000001f4983f3000 	C:\Program Files\Java\jdk-11.0.9\bin\api-ms-win-crt-heap-l1-1-0.dll
0x000001f498400000 - 0x000001f498403000 	C:\Program Files\Java\jdk-11.0.9\bin\api-ms-win-crt-locale-l1-1-0.dll
0x000001f498410000 - 0x000001f498415000 	C:\Program Files\Java\jdk-11.0.9\bin\api-ms-win-crt-math-l1-1-0.dll
0x000001f498420000 - 0x000001f498425000 	C:\Program Files\Java\jdk-11.0.9\bin\api-ms-win-crt-multibyte-l1-1-0.dll
0x000001f498430000 - 0x000001f498440000 	C:\Program Files\Java\jdk-11.0.9\bin\api-ms-win-crt-private-l1-1-0.dll
0x000001f498440000 - 0x000001f498443000 	C:\Program Files\Java\jdk-11.0.9\bin\api-ms-win-crt-process-l1-1-0.dll
0x000001f498450000 - 0x000001f498454000 	C:\Program Files\Java\jdk-11.0.9\bin\api-ms-win-crt-runtime-l1-1-0.dll
0x000001f498460000 - 0x000001f498464000 	C:\Program Files\Java\jdk-11.0.9\bin\api-ms-win-crt-stdio-l1-1-0.dll
0x000001f498470000 - 0x000001f498474000 	C:\Program Files\Java\jdk-11.0.9\bin\api-ms-win-crt-string-l1-1-0.dll
0x000001f498480000 - 0x000001f498483000 	C:\Program Files\Java\jdk-11.0.9\bin\api-ms-win-crt-time-l1-1-0.dll
0x000001f498490000 - 0x000001f498493000 	C:\Program Files\Java\jdk-11.0.9\bin\api-ms-win-crt-utility-l1-1-0.dll
0x00007ffa760c0000 - 0x00007ffa761ba000 	C:\Program Files\Java\jdk-11.0.9\bin\ucrtbase.dll
0x00007ffa8f460000 - 0x00007ffa8f4b1000 	C:\Users\magda\.openjfx\cache\11.0.2\concrt140.dll
0x00007ffa9eb20000 - 0x00007ffa9eb43000 	C:\Users\magda\.openjfx\cache\11.0.2\prism_d3d.dll
0x00007ffa4feb0000 - 0x00007ffa5007e000 	C:\WINDOWS\system32\d3d9.dll
0x00007ffaacf80000 - 0x00007ffaacfaf000 	C:\WINDOWS\SYSTEM32\dwmapi.dll
0x00007ffaacdb0000 - 0x00007ffaace4e000 	C:\WINDOWS\system32\uxtheme.dll
0x00007ffa4fcc0000 - 0x00007ffa4feab000 	C:\WINDOWS\System32\DriverStore\FileRepository\iigd_dch_base.inf_amd64_a5a132c6d8339491\igdumdim64.dll
0x00007ffa4c740000 - 0x00007ffa4fcbd000 	C:\WINDOWS\System32\DriverStore\FileRepository\iigd_dch_base.inf_amd64_a5a132c6d8339491\igd9dxva64.dll
0x00007ffab0690000 - 0x00007ffab07ba000 	C:\WINDOWS\System32\ole32.dll
0x00007ffaaffe0000 - 0x00007ffab00ad000 	C:\WINDOWS\System32\OLEAUT32.dll
0x00007ffa8f410000 - 0x00007ffa8f455000 	C:\Users\magda\.openjfx\cache\11.0.2\glass.dll
0x00007ffab1e70000 - 0x00007ffab1f4a000 	C:\WINDOWS\System32\COMDLG32.dll
0x00007ffab1aa0000 - 0x00007ffab1bb5000 	C:\WINDOWS\System32\MSCTF.dll
0x00007ffa74820000 - 0x00007ffa74844000 	C:\WINDOWS\System32\DriverStore\FileRepository\iigd_dch_base.inf_amd64_a5a132c6d8339491\igdinfo64.dll
0x00007ffaa1e40000 - 0x00007ffaa3d41000 	C:\WINDOWS\System32\DriverStore\FileRepository\iigd_dch_base.inf_amd64_a5a132c6d8339491\igc64.dll
0x00007ffaa6f40000 - 0x00007ffaa6f7b000 	C:\WINDOWS\SYSTEM32\dxcore.dll
0x00007ffaaf8e0000 - 0x00007ffaaf92e000 	C:\WINDOWS\System32\cfgmgr32.dll
0x00007ffa9f740000 - 0x00007ffa9f754000 	C:\Users\magda\.openjfx\cache\11.0.2\javafx_font.dll
0x00007ffa81740000 - 0x00007ffa819c3000 	C:\WINDOWS\SYSTEM32\dwrite.dll
0x00007ffa9ddb0000 - 0x00007ffa9dddc000 	C:\Users\magda\.openjfx\cache\11.0.2\javafx_iio.dll
0x00007ffa8f0e0000 - 0x00007ffa8f105000 	C:\Program Files\Java\jdk-11.0.9\bin\sunec.dll
0x00007ffaaef80000 - 0x00007ffaaef98000 	C:\WINDOWS\SYSTEM32\CRYPTSP.dll
0x00007ffaae710000 - 0x00007ffaae744000 	C:\WINDOWS\system32\rsaenh.dll
0x00007ffaaf930000 - 0x00007ffaaf957000 	C:\WINDOWS\System32\bcrypt.dll
0x00007ffaaf520000 - 0x00007ffaaf54e000 	C:\WINDOWS\SYSTEM32\USERENV.dll
0x00007ffaaefa0000 - 0x00007ffaaefac000 	C:\WINDOWS\SYSTEM32\CRYPTBASE.dll
0x00007ffaaea80000 - 0x00007ffaaeabb000 	C:\WINDOWS\SYSTEM32\IPHLPAPI.DLL
0x00007ffab1d70000 - 0x00007ffab1d78000 	C:\WINDOWS\System32\NSI.dll
0x00007ffaa7d00000 - 0x00007ffaa7d17000 	C:\WINDOWS\SYSTEM32\dhcpcsvc6.DLL
0x00007ffaa7ce0000 - 0x00007ffaa7cfd000 	C:\WINDOWS\SYSTEM32\dhcpcsvc.DLL
0x00007ffaaeac0000 - 0x00007ffaaeb8c000 	C:\WINDOWS\SYSTEM32\DNSAPI.dll
0x00007ffaa62e0000 - 0x00007ffaa62ea000 	C:\Windows\System32\rasadhlp.dll
0x00007ffaa18b0000 - 0x00007ffaa192f000 	C:\WINDOWS\System32\fwpuclnt.dll
0x00007ffaa9100000 - 0x00007ffaa910d000 	C:\Program Files\Java\jdk-11.0.9\bin\sunmscapi.dll
0x00007ffaafd40000 - 0x00007ffaafe96000 	C:\WINDOWS\System32\CRYPT32.dll
0x00007ffaaf0a0000 - 0x00007ffaaf0c7000 	C:\WINDOWS\SYSTEM32\ncrypt.dll
0x00007ffaaf060000 - 0x00007ffaaf09b000 	C:\WINDOWS\SYSTEM32\NTASN1.dll
0x00007ffab0b90000 - 0x00007ffab0c39000 	C:\WINDOWS\System32\clbcatq.dll
0x00007ffaa8b90000 - 0x00007ffaa8d44000 	C:\WINDOWS\SYSTEM32\WindowsCodecs.dll
0x00007ffa85810000 - 0x00007ffa8584e000 	C:\WINDOWS\system32\dataexchange.dll
0x00007ffaab8f0000 - 0x00007ffaabb54000 	C:\WINDOWS\system32\d3d11.dll
0x00007ffaac120000 - 0x00007ffaac306000 	C:\WINDOWS\system32\dcomp.dll

dbghelp: loaded successfully - version: 4.0.5 - missing functions: none
symbol engine: initialized successfully - sym options: 0x614 - pdb path: .;C:\Program Files\Java\jdk-11.0.9\bin;C:\WINDOWS\SYSTEM32;C:\WINDOWS\WinSxS\amd64_microsoft.windows.common-controls_6595b64144ccf1df_6.0.19041.1110_none_60b5254171f9507e;C:\Program Files\Java\jdk-11.0.9\bin\server;C:\Program Files\IntelliJ IDEA 2020.2.3\bin;C:\Users\magda\.openjfx\cache\11.0.2;C:\WINDOWS\System32\DriverStore\FileRepository\iigd_dch_base.inf_amd64_a5a132c6d8339491;C:\Program Files\Common Files\Microsoft Shared\Ink;C:\Users\magda\Downloads\opencv\build\java\x64;C:\Users\magda\AppData\Local\Microsoft\OneDrive\21.180.0905.0007;C:\WINDOWS\WinSxS\amd64_microsoft.windows.gdiplus_6595b64144ccf1df_1.1.19041.1151_none_91a40286cc884949

VM Arguments:
jvm_args: -ea -Djava.library.path=C:\Users\magda\Downloads\opencv\build\java\x64 --add-reads=graph.designer.drawing.pane=java.desktop --add-exports=javafx.graphics/com.sun.javafx.application=ALL-UNNAMED --add-opens=graph.designer.drawing.pane/fr.leward.graphdesigner.ui.drawingpane=ALL-UNNAMED -Didea.test.cyclic.buffer.size=1048576 -javaagent:C:\Program Files\IntelliJ IDEA 2020.2.3\lib\idea_rt.jar=56499:C:\Program Files\IntelliJ IDEA 2020.2.3\bin --patch-module=ColourTheWorldApp=C:/Moje dokumenty/STUDIA/NAUKA/JAVA/ColourTheWorldApp/target/test-classes --add-reads=ColourTheWorldApp=ALL-UNNAMED --add-opens=ColourTheWorldApp/pl.magdalena.brejna.colourtheworldapp.models=ALL-UNNAMED --add-modules=ColourTheWorldApp -Dfile.encoding=UTF-8 --module-path=C:\Users\magda\.m2\repository\org\openjfx\javafx-fxml\11.0.2\javafx-fxml-11.0.2-win.jar;C:\Users\magda\.m2\repository\org\openjfx\javafx-swing\11.0.1\javafx-swing-11.0.1-win.jar;C:\Users\magda\.m2\repository\mysql\mysql-connector-java\8.0.26\mysql-connector-java-8.0.26.jar;C:\Moje dokumenty\STUDIA\NAUKA\JAVA\ColourTheWorldApp\target\classes;C:\Users\magda\.m2\repository\org\openjfx\javafx-graphics\11.0.2\javafx-graphics-11.0.2-win.jar;C:\Users\magda\.m2\repository\org\openjfx\javafx-controls\11.0.2\javafx-controls-11.0.2-win.jar;C:\Users\magda\.m2\repository\org\openjfx\javafx-base\11.0.2\javafx-base-11.0.2-win.jar;C:\Users\magda\Downloads\opencv\build\java\opencv-452.jar;C:\Users\magda\.m2\repository\org\openpnp\opencv\4.5.1-2\opencv-4.5.1-2.jar 
java_command: com.intellij.rt.junit.JUnitStarter -ideVersion5 -junit4 pl.magdalena.brejna.colourtheworldapp.models.ProjectModelTest
java_class_path (initial): C:\Program Files\IntelliJ IDEA 2020.2.3\lib\idea_rt.jar;C:\Program Files\IntelliJ IDEA 2020.2.3\plugins\junit\lib\junit5-rt.jar;C:\Program Files\IntelliJ IDEA 2020.2.3\plugins\junit\lib\junit-rt.jar;C:\Moje dokumenty\STUDIA\NAUKA\JAVA\ColourTheWorldApp\target\test-classes;C:\Users\magda\.m2\repository\org\openjfx\javafx-graphics\11.0.2\javafx-graphics-11.0.2.jar;C:\Users\magda\.m2\repository\org\openjfx\javafx-base\11.0.2\javafx-base-11.0.2.jar;C:\Users\magda\.m2\repository\org\openjfx\javafx-controls\11.0.2\javafx-controls-11.0.2.jar;C:\Users\magda\.m2\repository\org\openjfx\javafx-fxml\11.0.2\javafx-fxml-11.0.2.jar;C:\Users\magda\.m2\repository\org\openjfx\javafx-swing\11.0.1\javafx-swing-11.0.1.jar;C:\Users\magda\.m2\repository\com\google\protobuf\protobuf-java\3.11.4\protobuf-java-3.11.4.jar;C:\Users\magda\.m2\repository\junit\junit\4.13-beta-3\junit-4.13-beta-3.jar;C:\Users\magda\.m2\repository\org\hamcrest\hamcrest-core\1.3\hamcrest-core-1.3.jar;C:\Users\magda\.m2\repository\org\testfx\testfx-junit\4.0.15-alpha\testfx-junit-4.0.15-alpha.jar;C:\Users\magda\.m2\repository\org\testfx\testfx-core\4.0.16-alpha\testfx-core-4.0.16-alpha.jar;C:\Users\magda\.m2\repository\org\assertj\assertj-core\3.13.2\assertj-core-3.13.2.jar
Launcher Type: SUN_STANDARD

[Global flags]
     intx CICompilerCount                          = 4                                         {product} {ergonomic}
     uint ConcGCThreads                            = 2                                         {product} {ergonomic}
     uint G1ConcRefinementThreads                  = 8                                         {product} {ergonomic}
   size_t G1HeapRegionSize                         = 1048576                                   {product} {ergonomic}
    uintx GCDrainStackTargetSize                   = 64                                        {product} {ergonomic}
   size_t InitialHeapSize                          = 134217728                                 {product} {ergonomic}
   size_t MarkStackSize                            = 4194304                                   {product} {ergonomic}
   size_t MaxHeapSize                              = 2116026368                                {product} {ergonomic}
   size_t MaxNewSize                               = 1268776960                                {product} {ergonomic}
   size_t MinHeapDeltaBytes                        = 1048576                                   {product} {ergonomic}
    uintx NonNMethodCodeHeapSize                   = 5836300                                {pd product} {ergonomic}
    uintx NonProfiledCodeHeapSize                  = 122910970                              {pd product} {ergonomic}
    uintx ProfiledCodeHeapSize                     = 122910970                              {pd product} {ergonomic}
    uintx ReservedCodeCacheSize                    = 251658240                              {pd product} {ergonomic}
     bool SegmentedCodeCache                       = true                                      {product} {ergonomic}
     bool UseCompressedClassPointers               = true                                 {lp64_product} {ergonomic}
     bool UseCompressedOops                        = true                                 {lp64_product} {ergonomic}
     bool UseG1GC                                  = true                                      {product} {ergonomic}
     bool UseLargePagesIndividualAllocation        = false                                  {pd product} {ergonomic}

Logging:
Log output configuration:
 #0: stdout all=warning uptime,level,tags
 #1: stderr all=off uptime,level,tags

Environment Variables:
PATH=C:\OCaml\bin;C:\Program Files\Common Files\Oracle\Java\javapath;D:\OracleDB\OracleDatabase\bin;C:\Program Files (x86)\Common Files\Oracle\Java\javapath;C:\WINDOWS\system32;C:\WINDOWS;C:\WINDOWS\System32\Wbem;C:\WINDOWS\System32\WindowsPowerShell\v1.0\;C:\WINDOWS\System32\OpenSSH\;C:\Program Files (x86)\AOMEI Backupper;C:\Program Files\Git\cmd;C:\Program Files\MySQL\MySQL Shell 8.0\bin\;C:\Users\magda\AppData\Local\Programs\Python\Python38-32\Scripts\;C:\Users\magda\AppData\Local\Programs\Python\Python38-32\;C:\Users\magda\AppData\Local\Microsoft\WindowsApps;;C:\Users\magda\AppData\Local\Programs\Microsoft VS Code\bin;C:\Program Files\IntelliJ IDEA 2020.2.3\bin;
USERNAME=magda
OS=Windows_NT
PROCESSOR_IDENTIFIER=Intel64 Family 6 Model 142 Stepping 10, GenuineIntel



---------------  S Y S T E M  ---------------

OS: Windows 10 , 64 bit Build 19041 (10.0.19041.1202)

CPU:total 8 (initial active 8) (4 cores per cpu, 2 threads per core) family 6 model 142 stepping 10, cmov, cx8, fxsr, mmx, sse, sse2, sse3, ssse3, sse4.1, sse4.2, popcnt, avx, avx2, aes, clmul, erms, 3dnowpref, lzcnt, ht, tsc, tscinvbit, bmi1, bmi2, adx, fma

Memory: 4k page, system-wide physical 8066M (357M free)
TotalPageFile size 32642M (AvailPageFile size 8M)
current process WorkingSet (physical memory assigned to process): 734M, peak: 737M
current process commit charge ("private bytes"): 827M, peak: 849M

vm_info: Java HotSpot(TM) 64-Bit Server VM (11.0.9+7-LTS) for windows-amd64 JRE (11.0.9+7-LTS), built on Sep 15 2020 16:47:03 by "mach5one" with MS VC++ 15.9 (VS2017)

END.
