#
# There is insufficient memory for the Java Runtime Environment to continue.
# Native memory allocation (mmap) failed to map 82837504 bytes for Failed to commit area from 0x0000000097a00000 to 0x000000009c900000 of length 82837504.
# Possible reasons:
#   The system is out of physical RAM or swap space
#   The process is running with CompressedOops enabled, and the Java Heap may be blocking the growth of the native heap
# Possible solutions:
#   Reduce memory load on the system
#   Increase physical memory or swap space
#   Check if swap backing store is full
#   Decrease Java heap size (-Xmx/-Xms)
#   Decrease number of Java threads
#   Decrease Java thread stack sizes (-Xss)
#   Set larger code cache with -XX:ReservedCodeCacheSize=
#   JVM is running with Unscaled Compressed Oops mode in which the Java heap is
#     placed in the first 4GB address space. The Java Heap base address is the
#     maximum limit for the native heap growth. Please use -XX:HeapBaseMinAddress
#     to set the Java Heap base and to place the Java Heap above 4GB virtual address.
# This output file may be truncated or incomplete.
#
#  Out of Memory Error (./open/src/hotspot/os/windows/os_windows.cpp:3275), pid=19780, tid=8756
#
# JRE version: Java(TM) SE Runtime Environment 18.9 (11.0.9+7) (build 11.0.9+7-LTS)
# Java VM: Java HotSpot(TM) 64-Bit Server VM 18.9 (11.0.9+7-LTS, mixed mode, tiered, compressed oops, g1 gc, windows-amd64)
# No core dump will be written. Minidumps are not enabled by default on client versions of Windows
#

---------------  S U M M A R Y ------------

Command Line: -ea -Djava.library.path=C:\Users\magda\Downloads\opencv\build\java\x64 --add-reads=graph.designer.drawing.pane=java.desktop --add-exports=javafx.graphics/com.sun.javafx.application=ALL-UNNAMED --add-opens=graph.designer.drawing.pane/fr.leward.graphdesigner.ui.drawingpane=ALL-UNNAMED -Didea.test.cyclic.buffer.size=1048576 -javaagent:C:\Program Files\IntelliJ IDEA 2020.2.3\lib\idea_rt.jar=59553:C:\Program Files\IntelliJ IDEA 2020.2.3\bin --patch-module=ColourTheWorldApp=C:/Moje dokumenty/STUDIA/NAUKA/JAVA/ColourTheWorldApp/target/test-classes --add-reads=ColourTheWorldApp=ALL-UNNAMED --add-opens=ColourTheWorldApp/pl.magdalena.brejna.colourtheworldapp.controllers=ALL-UNNAMED --add-modules=ColourTheWorldApp -Dfile.encoding=UTF-8 --module-path=C:\Users\magda\.m2\repository\org\openjfx\javafx-fxml\11.0.2\javafx-fxml-11.0.2-win.jar;C:\Users\magda\.m2\repository\org\openjfx\javafx-swing\11.0.1\javafx-swing-11.0.1-win.jar;C:\Users\magda\.m2\repository\org\openjfx\javafx-base\11.0.2\javafx-base-11.0.2-win.jar;C:\Moje dokumenty\STUDIA\NAUKA\JAVA\ColourTheWorldApp\target\classes;C:\Users\magda\.m2\repository\org\openjfx\javafx-controls\11.0.2\javafx-controls-11.0.2-win.jar;C:\Users\magda\.m2\repository\mysql\mysql-connector-java\8.0.26\mysql-connector-java-8.0.26.jar;C:\Users\magda\.m2\repository\org\openjfx\javafx-graphics\11.0.2\javafx-graphics-11.0.2-win.jar;C:\Users\magda\Downloads\opencv\build\java\opencv-452.jar;C:\Users\magda\.m2\repository\org\openpnp\opencv\4.5.1-2\opencv-4.5.1-2.jar com.intellij.rt.junit.JUnitStarter -ideVersion5 -junit4 pl.magdalena.brejna.colourtheworldapp.controllers.MainMenuButtonsControllerTest

Host: Intel(R) Core(TM) i5-8250U CPU @ 1.60GHz, 8 cores, 7G,  Windows 10 , 64 bit Build 19041 (10.0.19041.1202)
Time: Thu Oct  7 21:18:20 2021 Œrodkowoeuropejski czas letni elapsed time: 11.443454 seconds (0d 0h 0m 11s)

---------------  T H R E A D  ---------------

Current thread (0x0000013b52a6f800):  VMThread "VM Thread" [stack: 0x00000028d3100000,0x00000028d3200000] [id=8756]

Stack: [0x00000028d3100000,0x00000028d3200000]
[error occurred during error reporting (printing stack bounds), id 0xc0000005, EXCEPTION_ACCESS_VIOLATION (0xc0000005) at pc=0x0000013b3c200dad]

Native frames: (J=compiled Java code, j=interpreted, Vv=VM code, C=native code)
V  [jvm.dll+0x611a3a]
V  [jvm.dll+0x748aaf]
V  [jvm.dll+0x74a135]
V  [jvm.dll+0x74a715]
V  [jvm.dll+0x74a6cb]
V  [jvm.dll+0x611323]
V  [jvm.dll+0x6116e8]
C  [ntdll.dll+0xa20cf]
C  [ntdll.dll+0x51454]
C  [ntdll.dll+0xa0bfe]
C  0x0000013b3c200dad

VM_Operation (0x00000028d44fbb70): G1CollectForAllocation, mode: safepoint, requested by thread 0x0000013b547f3800


---------------  P R O C E S S  ---------------

Threads class SMR info:
_java_thread_list=0x0000013b5be180e0, length=22, elements={
0x0000013b33d7f000, 0x0000013b52a91800, 0x0000013b52a9d000, 0x0000013b52aab800,
0x0000013b52aac800, 0x0000013b52aae800, 0x0000013b52aba000, 0x0000013b52ac2000,
0x0000013b534df800, 0x0000013b53902000, 0x0000013b5392c800, 0x0000013b53aac000,
0x0000013b53bfc000, 0x0000013b53fde000, 0x0000013b547f1000, 0x0000013b547f3800,
0x0000013b53fb4000, 0x0000013b54901000, 0x0000013b55073800, 0x0000013b5506e000,
0x0000013b55074800, 0x0000013b5506e800
}

Java Threads: ( => current thread )
  0x0000013b33d7f000 JavaThread "main" [_thread_blocked, id=25692, stack(0x00000028d2b00000,0x00000028d2c00000)]
  0x0000013b52a91800 JavaThread "Reference Handler" daemon [_thread_blocked, id=22472, stack(0x00000028d3200000,0x00000028d3300000)]
  0x0000013b52a9d000 JavaThread "Finalizer" daemon [_thread_blocked, id=24640, stack(0x00000028d3300000,0x00000028d3400000)]
  0x0000013b52aab800 JavaThread "Signal Dispatcher" daemon [_thread_blocked, id=14960, stack(0x00000028d3400000,0x00000028d3500000)]
  0x0000013b52aac800 JavaThread "Attach Listener" daemon [_thread_blocked, id=25464, stack(0x00000028d3500000,0x00000028d3600000)]
  0x0000013b52aae800 JavaThread "C2 CompilerThread0" daemon [_thread_blocked, id=25556, stack(0x00000028d3600000,0x00000028d3700000)]
  0x0000013b52aba000 JavaThread "C1 CompilerThread0" daemon [_thread_blocked, id=14024, stack(0x00000028d3700000,0x00000028d3800000)]
  0x0000013b52ac2000 JavaThread "Sweeper thread" daemon [_thread_blocked, id=11808, stack(0x00000028d3800000,0x00000028d3900000)]
  0x0000013b534df800 JavaThread "Common-Cleaner" daemon [_thread_blocked, id=2536, stack(0x00000028d3900000,0x00000028d3a00000)]
  0x0000013b53902000 JavaThread "Monitor Ctrl-Break" daemon [_thread_in_native, id=23612, stack(0x00000028d3b00000,0x00000028d3c00000)]
  0x0000013b5392c800 JavaThread "Service Thread" daemon [_thread_blocked, id=2460, stack(0x00000028d3c00000,0x00000028d3d00000)]
  0x0000013b53aac000 JavaThread "testfx-async-pool-thread-1" daemon [_thread_blocked, id=23424, stack(0x00000028d3e00000,0x00000028d3f00000)]
  0x0000013b53bfc000 JavaThread "JavaFX-Launcher" daemon [_thread_blocked, id=22052, stack(0x00000028d3f00000,0x00000028d4000000)]
  0x0000013b53fde000 JavaThread "QuantumRenderer-0" daemon [_thread_blocked, id=10976, stack(0x00000028d4000000,0x00000028d4100000)]
  0x0000013b547f1000 JavaThread "InvokeLaterDispatcher" daemon [_thread_blocked, id=10728, stack(0x00000028d4300000,0x00000028d4400000)]
  0x0000013b547f3800 JavaThread "JavaFX Application Thread" daemon [_thread_blocked, id=14548, stack(0x00000028d4400000,0x00000028d4500000)]
  0x0000013b53fb4000 JavaThread "Thread-3" daemon [_thread_blocked, id=25288, stack(0x00000028d4800000,0x00000028d4900000)]
  0x0000013b54901000 JavaThread "testfx-async-pool-thread-2" daemon [_thread_blocked, id=6904, stack(0x00000028d4900000,0x00000028d4a00000)]
  0x0000013b55073800 JavaThread "Keep-Alive-Timer" daemon [_thread_blocked, id=25696, stack(0x00000028d4a00000,0x00000028d4b00000)]
  0x0000013b5506e000 JavaThread "mysql-cj-abandoned-connection-cleanup" daemon [_thread_blocked, id=25236, stack(0x00000028d4b00000,0x00000028d4c00000)]
  0x0000013b55074800 JavaThread "Prism Font Disposer" daemon [_thread_blocked, id=16256, stack(0x00000028d4f00000,0x00000028d5000000)]
  0x0000013b5506e800 JavaThread "Cleaner-0" daemon [_thread_blocked, id=6948, stack(0x00000028d5000000,0x00000028d5100000)]

Other Threads:
=>0x0000013b52a6f800 VMThread "VM Thread" [stack: 0x00000028d3100000,0x00000028d3200000] [id=8756]
  0x0000013b5395b800 WatcherThread [stack: 0x00000028d3d00000,0x00000028d3e00000] [id=17476]
  0x0000013b33d92000 GCTaskThread "GC Thread#0" [stack: 0x00000028d2c00000,0x00000028d2d00000] [id=26024]
  0x0000013b53ef1000 GCTaskThread "GC Thread#1" [stack: 0x00000028d4100000,0x00000028d4200000] [id=11192]
  0x0000013b53ef1800 GCTaskThread "GC Thread#2" [stack: 0x00000028d4200000,0x00000028d4300000] [id=26612]
  0x0000013b53706800 GCTaskThread "GC Thread#3" [stack: 0x00000028d5100000,0x00000028d5200000] [id=14112]
  0x0000013b54a9b800 GCTaskThread "GC Thread#4" [stack: 0x00000028d5200000,0x00000028d5300000] [id=22060]
  0x0000013b5c1a3000 GCTaskThread "GC Thread#5" [stack: 0x00000028d5300000,0x00000028d5400000] [id=25744]
  0x0000013b53b08000 GCTaskThread "GC Thread#6" [stack: 0x00000028d5400000,0x00000028d5500000] [id=19168]
  0x0000013b5c3c7000 GCTaskThread "GC Thread#7" [stack: 0x00000028d5500000,0x00000028d5600000] [id=7596]
  0x0000013b33dc4800 ConcurrentGCThread "G1 Main Marker" [stack: 0x00000028d2d00000,0x00000028d2e00000] [id=24092]
  0x0000013b33dc5800 ConcurrentGCThread "G1 Conc#0" [stack: 0x00000028d2e00000,0x00000028d2f00000] [id=896]
  0x0000013b54a01800 ConcurrentGCThread "G1 Conc#1" [stack: 0x00000028d3a00000,0x00000028d3b00000] [id=9128]
  0x0000013b528e0800 ConcurrentGCThread "G1 Refine#0" [stack: 0x00000028d2f00000,0x00000028d3000000] [id=6764]
  0x0000013b528e1000 ConcurrentGCThread "G1 Young RemSet Sampling" [stack: 0x00000028d3000000,0x00000028d3100000] [id=4356]

Threads with active compile tasks:

VM state:at safepoint (normal execution)

VM Mutex/Monitor currently owned by a thread:  ([mutex/lock_event])
[0x0000013b33d7a5b0] Threads_lock - owner thread: 0x0000013b52a6f800
[0x0000013b33d798c0] Heap_lock - owner thread: 0x0000013b547f3800

Heap address: 0x0000000081e00000, size: 2018 MB, Compressed Oops mode: 32-bit
Narrow klass base: 0x0000000000000000, Narrow klass shift: 3
Compressed class space size: 1073741824 Address: 0x0000000100000000

Heap:
 garbage-first heap   total 437248K, used 209329K [0x0000000081e00000, 0x0000000100000000)
  region size 1024K, 3 young (3072K), 3 survivors (3072K)
 Metaspace       used 42760K, capacity 44294K, committed 44572K, reserved 1087488K
  class space    used 5332K, capacity 5989K, committed 6040K, reserved 1048576K
Heap Regions: E=young(eden), S=young(survivor), O=old, HS=humongous(starts), HC=humongous(continues), CS=collection set, F=free, A=archive, TAMS=top-at-mark-start (previous, next)
|   0|0x0000000081e00000, 0x0000000081f00000, 0x0000000081f00000|100%|HS|  |TAMS 0x0000000081f00000, 0x0000000081f00000| Complete 
|   1|0x0000000081f00000, 0x0000000082000000, 0x0000000082000000|100%|HC|  |TAMS 0x0000000082000000, 0x0000000082000000| Complete 
|   2|0x0000000082000000, 0x0000000082100000, 0x0000000082100000|100%|HS|  |TAMS 0x0000000082100000, 0x0000000082100000| Complete 
|   3|0x0000000082100000, 0x0000000082200000, 0x0000000082200000|100%|HC|  |TAMS 0x0000000082200000, 0x0000000082200000| Complete 
|   4|0x0000000082200000, 0x0000000082300000, 0x0000000082300000|100%|HS|  |TAMS 0x0000000082300000, 0x0000000082300000| Complete 
|   5|0x0000000082300000, 0x0000000082400000, 0x0000000082400000|100%|HC|  |TAMS 0x0000000082400000, 0x0000000082400000| Complete 
|   6|0x0000000082400000, 0x0000000082500000, 0x0000000082500000|100%|HC|  |TAMS 0x0000000082500000, 0x0000000082500000| Complete 
|   7|0x0000000082500000, 0x0000000082600000, 0x0000000082600000|100%|HC|  |TAMS 0x0000000082600000, 0x0000000082600000| Complete 
|   8|0x0000000082600000, 0x0000000082700000, 0x0000000082700000|100%|HC|  |TAMS 0x0000000082700000, 0x0000000082700000| Complete 
|   9|0x0000000082700000, 0x0000000082800000, 0x0000000082800000|100%|HS|  |TAMS 0x0000000082800000, 0x0000000082800000| Complete 
|  10|0x0000000082800000, 0x0000000082900000, 0x0000000082900000|100%|HC|  |TAMS 0x0000000082900000, 0x0000000082900000| Complete 
|  11|0x0000000082900000, 0x0000000082a00000, 0x0000000082a00000|100%|HS|  |TAMS 0x0000000082a00000, 0x0000000082a00000| Complete 
|  12|0x0000000082a00000, 0x0000000082b00000, 0x0000000082b00000|100%| O|  |TAMS 0x0000000082b00000, 0x0000000082b00000| Untracked 
|  13|0x0000000082b00000, 0x0000000082c00000, 0x0000000082c00000|100%| O|  |TAMS 0x0000000082c00000, 0x0000000082c00000| Untracked 
|  14|0x0000000082c00000, 0x0000000082ca0800, 0x0000000082d00000| 62%| O|  |TAMS 0x0000000082ca0800, 0x0000000082ca0800| Untracked 
|  15|0x0000000082d00000, 0x0000000082e00000, 0x0000000082e00000|100%|HS|  |TAMS 0x0000000082e00000, 0x0000000082e00000| Complete 
|  16|0x0000000082e00000, 0x0000000082f00000, 0x0000000082f00000|100%|HC|  |TAMS 0x0000000082f00000, 0x0000000082f00000| Complete 
|  17|0x0000000082f00000, 0x0000000083000000, 0x0000000083000000|100%|HS|  |TAMS 0x0000000083000000, 0x0000000083000000| Complete 
|  18|0x0000000083000000, 0x0000000083100000, 0x0000000083100000|100%|HC|  |TAMS 0x0000000083100000, 0x0000000083100000| Complete 
|  19|0x0000000083100000, 0x0000000083200000, 0x0000000083200000|100%|HS|  |TAMS 0x0000000083200000, 0x0000000083200000| Complete 
|  20|0x0000000083200000, 0x0000000083300000, 0x0000000083300000|100%|HS|  |TAMS 0x0000000083300000, 0x0000000083300000| Complete 
|  21|0x0000000083300000, 0x0000000083400000, 0x0000000083400000|100%|HS|  |TAMS 0x0000000083400000, 0x0000000083400000| Complete 
|  22|0x0000000083400000, 0x0000000083500000, 0x0000000083500000|100%|HC|  |TAMS 0x0000000083500000, 0x0000000083500000| Complete 
|  23|0x0000000083500000, 0x0000000083600000, 0x0000000083600000|100%|HS|  |TAMS 0x0000000083600000, 0x0000000083600000| Complete 
|  24|0x0000000083600000, 0x0000000083700000, 0x0000000083700000|100%|HC|  |TAMS 0x0000000083700000, 0x0000000083700000| Complete 
|  25|0x0000000083700000, 0x0000000083800000, 0x0000000083800000|100%|HS|  |TAMS 0x0000000083800000, 0x0000000083800000| Complete 
|  26|0x0000000083800000, 0x0000000083900000, 0x0000000083900000|100%|HS|  |TAMS 0x0000000083900000, 0x0000000083900000| Complete 
|  27|0x0000000083900000, 0x0000000083900000, 0x0000000083a00000|  0%| F|  |TAMS 0x0000000083900000, 0x0000000083900000| Untracked 
|  28|0x0000000083a00000, 0x0000000083b00000, 0x0000000083b00000|100%| O|  |TAMS 0x0000000083b00000, 0x0000000083b00000| Untracked 
|  29|0x0000000083b00000, 0x0000000083c00000, 0x0000000083c00000|100%| O|  |TAMS 0x0000000083c00000, 0x0000000083c00000| Untracked 
|  30|0x0000000083c00000, 0x0000000083d00000, 0x0000000083d00000|100%| O|  |TAMS 0x0000000083d00000, 0x0000000083d00000| Untracked 
|  31|0x0000000083d00000, 0x0000000083e00000, 0x0000000083e00000|100%|HS|  |TAMS 0x0000000083e00000, 0x0000000083e00000| Complete 
|  32|0x0000000083e00000, 0x0000000083f00000, 0x0000000083f00000|100%|HC|  |TAMS 0x0000000083f00000, 0x0000000083f00000| Complete 
|  33|0x0000000083f00000, 0x0000000084000000, 0x0000000084000000|100%|HC|  |TAMS 0x0000000084000000, 0x0000000084000000| Complete 
|  34|0x0000000084000000, 0x0000000084100000, 0x0000000084100000|100%|HC|  |TAMS 0x0000000084100000, 0x0000000084100000| Complete 
|  35|0x0000000084100000, 0x0000000084200000, 0x0000000084200000|100%|HC|  |TAMS 0x0000000084200000, 0x0000000084200000| Complete 
|  36|0x0000000084200000, 0x0000000084300000, 0x0000000084300000|100%|HC|  |TAMS 0x0000000084300000, 0x0000000084300000| Complete 
|  37|0x0000000084300000, 0x0000000084400000, 0x0000000084400000|100%|HC|  |TAMS 0x0000000084400000, 0x0000000084400000| Complete 
|  38|0x0000000084400000, 0x0000000084500000, 0x0000000084500000|100%|HC|  |TAMS 0x0000000084500000, 0x0000000084500000| Complete 
|  39|0x0000000084500000, 0x0000000084600000, 0x0000000084600000|100%|HC|  |TAMS 0x0000000084600000, 0x0000000084600000| Complete 
|  40|0x0000000084600000, 0x0000000084700000, 0x0000000084700000|100%|HC|  |TAMS 0x0000000084700000, 0x0000000084700000| Complete 
|  41|0x0000000084700000, 0x0000000084800000, 0x0000000084800000|100%|HC|  |TAMS 0x0000000084800000, 0x0000000084800000| Complete 
|  42|0x0000000084800000, 0x0000000084900000, 0x0000000084900000|100%|HC|  |TAMS 0x0000000084900000, 0x0000000084900000| Complete 
|  43|0x0000000084900000, 0x0000000084a00000, 0x0000000084a00000|100%| O|  |TAMS 0x0000000084a00000, 0x0000000084a00000| Untracked 
|  44|0x0000000084a00000, 0x0000000084b00000, 0x0000000084b00000|100%| O|  |TAMS 0x0000000084b00000, 0x0000000084b00000| Untracked 
|  45|0x0000000084b00000, 0x0000000084c00000, 0x0000000084c00000|100%| O|  |TAMS 0x0000000084c00000, 0x0000000084c00000| Untracked 
|  46|0x0000000084c00000, 0x0000000084d00000, 0x0000000084d00000|100%| O|  |TAMS 0x0000000084d00000, 0x0000000084d00000| Untracked 
|  47|0x0000000084d00000, 0x0000000084e00000, 0x0000000084e00000|100%| O|  |TAMS 0x0000000084e00000, 0x0000000084e00000| Untracked 
|  48|0x0000000084e00000, 0x0000000084f00000, 0x0000000084f00000|100%| O|  |TAMS 0x0000000084f00000, 0x0000000084f00000| Untracked 
|  49|0x0000000084f00000, 0x0000000085000000, 0x0000000085000000|100%| O|  |TAMS 0x0000000085000000, 0x0000000085000000| Untracked 
|  50|0x0000000085000000, 0x0000000085100000, 0x0000000085100000|100%| O|  |TAMS 0x0000000085100000, 0x0000000085100000| Untracked 
|  51|0x0000000085100000, 0x0000000085200000, 0x0000000085200000|100%| O|  |TAMS 0x0000000085200000, 0x0000000085200000| Untracked 
|  52|0x0000000085200000, 0x0000000085300000, 0x0000000085300000|100%| O|  |TAMS 0x0000000085300000, 0x0000000085300000| Untracked 
|  53|0x0000000085300000, 0x0000000085400000, 0x0000000085400000|100%| O|  |TAMS 0x0000000085400000, 0x0000000085400000| Untracked 
|  54|0x0000000085400000, 0x0000000085500000, 0x0000000085500000|100%|HS|  |TAMS 0x0000000085500000, 0x0000000085500000| Complete 
|  55|0x0000000085500000, 0x0000000085600000, 0x0000000085600000|100%|HC|  |TAMS 0x0000000085600000, 0x0000000085600000| Complete 
|  56|0x0000000085600000, 0x0000000085700000, 0x0000000085700000|100%| O|  |TAMS 0x0000000085700000, 0x0000000085700000| Untracked 
|  57|0x0000000085700000, 0x0000000085800000, 0x0000000085800000|100%|HS|  |TAMS 0x0000000085800000, 0x0000000085800000| Complete 
|  58|0x0000000085800000, 0x0000000085900000, 0x0000000085900000|100%|HC|  |TAMS 0x0000000085900000, 0x0000000085900000| Complete 
|  59|0x0000000085900000, 0x0000000085a00000, 0x0000000085a00000|100%|HC|  |TAMS 0x0000000085a00000, 0x0000000085a00000| Complete 
|  60|0x0000000085a00000, 0x0000000085b00000, 0x0000000085b00000|100%|HC|  |TAMS 0x0000000085b00000, 0x0000000085b00000| Complete 
|  61|0x0000000085b00000, 0x0000000085c00000, 0x0000000085c00000|100%|HC|  |TAMS 0x0000000085c00000, 0x0000000085c00000| Complete 
|  62|0x0000000085c00000, 0x0000000085d00000, 0x0000000085d00000|100%|HC|  |TAMS 0x0000000085d00000, 0x0000000085d00000| Complete 
|  63|0x0000000085d00000, 0x0000000085e00000, 0x0000000085e00000|100%|HC|  |TAMS 0x0000000085e00000, 0x0000000085e00000| Complete 
|  64|0x0000000085e00000, 0x0000000085f00000, 0x0000000085f00000|100%|HC|  |TAMS 0x0000000085f00000, 0x0000000085f00000| Complete 
|  65|0x0000000085f00000, 0x0000000086000000, 0x0000000086000000|100%|HC|  |TAMS 0x0000000086000000, 0x0000000086000000| Complete 
|  66|0x0000000086000000, 0x0000000086100000, 0x0000000086100000|100%|HC|  |TAMS 0x0000000086100000, 0x0000000086100000| Complete 
|  67|0x0000000086100000, 0x0000000086200000, 0x0000000086200000|100%|HC|  |TAMS 0x0000000086200000, 0x0000000086200000| Complete 
|  68|0x0000000086200000, 0x0000000086300000, 0x0000000086300000|100%|HC|  |TAMS 0x0000000086300000, 0x0000000086300000| Complete 
|  69|0x0000000086300000, 0x0000000086400000, 0x0000000086400000|100%|HC|  |TAMS 0x0000000086400000, 0x0000000086400000| Complete 
|  70|0x0000000086400000, 0x0000000086500000, 0x0000000086500000|100%|HC|  |TAMS 0x0000000086500000, 0x0000000086500000| Complete 
|  71|0x0000000086500000, 0x0000000086600000, 0x0000000086600000|100%|HC|  |TAMS 0x0000000086600000, 0x0000000086600000| Complete 
|  72|0x0000000086600000, 0x0000000086700000, 0x0000000086700000|100%|HC|  |TAMS 0x0000000086700000, 0x0000000086700000| Complete 
|  73|0x0000000086700000, 0x0000000086800000, 0x0000000086800000|100%|HC|  |TAMS 0x0000000086800000, 0x0000000086800000| Complete 
|  74|0x0000000086800000, 0x0000000086900000, 0x0000000086900000|100%|HC|  |TAMS 0x0000000086900000, 0x0000000086900000| Complete 
|  75|0x0000000086900000, 0x0000000086a00000, 0x0000000086a00000|100%|HC|  |TAMS 0x0000000086a00000, 0x0000000086a00000| Complete 
|  76|0x0000000086a00000, 0x0000000086b00000, 0x0000000086b00000|100%|HC|  |TAMS 0x0000000086b00000, 0x0000000086b00000| Complete 
|  77|0x0000000086b00000, 0x0000000086c00000, 0x0000000086c00000|100%|HC|  |TAMS 0x0000000086c00000, 0x0000000086c00000| Complete 
|  78|0x0000000086c00000, 0x0000000086d00000, 0x0000000086d00000|100%|HC|  |TAMS 0x0000000086d00000, 0x0000000086d00000| Complete 
|  79|0x0000000086d00000, 0x0000000086e00000, 0x0000000086e00000|100%|HS|  |TAMS 0x0000000086d00000, 0x0000000086e00000| Complete 
|  80|0x0000000086e00000, 0x0000000086f00000, 0x0000000086f00000|100%|HC|  |TAMS 0x0000000086e00000, 0x0000000086f00000| Complete 
|  81|0x0000000086f00000, 0x0000000087000000, 0x0000000087000000|100%|HS|  |TAMS 0x0000000086f00000, 0x0000000087000000| Complete 
|  82|0x0000000087000000, 0x0000000087100000, 0x0000000087100000|100%|HC|  |TAMS 0x0000000087000000, 0x0000000087100000| Complete 
|  83|0x0000000087100000, 0x0000000087100000, 0x0000000087200000|  0%| F|  |TAMS 0x0000000087100000, 0x0000000087100000| Untracked 
|  84|0x0000000087200000, 0x0000000087300000, 0x0000000087300000|100%| O|  |TAMS 0x0000000087300000, 0x0000000087300000| Untracked 
|  85|0x0000000087300000, 0x0000000087400000, 0x0000000087400000|100%|HS|  |TAMS 0x0000000087400000, 0x0000000087400000| Complete 
|  86|0x0000000087400000, 0x0000000087500000, 0x0000000087500000|100%|HC|  |TAMS 0x0000000087500000, 0x0000000087500000| Complete 
|  87|0x0000000087500000, 0x0000000087600000, 0x0000000087600000|100%|HS|  |TAMS 0x0000000087600000, 0x0000000087600000| Complete 
|  88|0x0000000087600000, 0x0000000087700000, 0x0000000087700000|100%|HC|  |TAMS 0x0000000087700000, 0x0000000087700000| Complete 
|  89|0x0000000087700000, 0x0000000087800000, 0x0000000087800000|100%|HC|  |TAMS 0x0000000087800000, 0x0000000087800000| Complete 
|  90|0x0000000087800000, 0x0000000087900000, 0x0000000087900000|100%|HC|  |TAMS 0x0000000087900000, 0x0000000087900000| Complete 
|  91|0x0000000087900000, 0x0000000087a00000, 0x0000000087a00000|100%|HC|  |TAMS 0x0000000087a00000, 0x0000000087a00000| Complete 
|  92|0x0000000087a00000, 0x0000000087b00000, 0x0000000087b00000|100%|HC|  |TAMS 0x0000000087b00000, 0x0000000087b00000| Complete 
|  93|0x0000000087b00000, 0x0000000087c00000, 0x0000000087c00000|100%|HC|  |TAMS 0x0000000087c00000, 0x0000000087c00000| Complete 
|  94|0x0000000087c00000, 0x0000000087d00000, 0x0000000087d00000|100%|HC|  |TAMS 0x0000000087d00000, 0x0000000087d00000| Complete 
|  95|0x0000000087d00000, 0x0000000087e00000, 0x0000000087e00000|100%|HC|  |TAMS 0x0000000087e00000, 0x0000000087e00000| Complete 
|  96|0x0000000087e00000, 0x0000000087f00000, 0x0000000087f00000|100%|HC|  |TAMS 0x0000000087f00000, 0x0000000087f00000| Complete 
|  97|0x0000000087f00000, 0x0000000088000000, 0x0000000088000000|100%|HC|  |TAMS 0x0000000088000000, 0x0000000088000000| Complete 
|  98|0x0000000088000000, 0x0000000088100000, 0x0000000088100000|100%|HC|  |TAMS 0x0000000088100000, 0x0000000088100000| Complete 
|  99|0x0000000088100000, 0x0000000088200000, 0x0000000088200000|100%|HS|  |TAMS 0x0000000088200000, 0x0000000088200000| Complete 
| 100|0x0000000088200000, 0x0000000088300000, 0x0000000088300000|100%|HC|  |TAMS 0x0000000088300000, 0x0000000088300000| Complete 
| 101|0x0000000088300000, 0x0000000088400000, 0x0000000088400000|100%|HS|  |TAMS 0x0000000088400000, 0x0000000088400000| Complete 
| 102|0x0000000088400000, 0x0000000088500000, 0x0000000088500000|100%|HC|  |TAMS 0x0000000088500000, 0x0000000088500000| Complete 
| 103|0x0000000088500000, 0x0000000088600000, 0x0000000088600000|100%|HC|  |TAMS 0x0000000088600000, 0x0000000088600000| Complete 
| 104|0x0000000088600000, 0x0000000088700000, 0x0000000088700000|100%|HC|  |TAMS 0x0000000088700000, 0x0000000088700000| Complete 
| 105|0x0000000088700000, 0x0000000088800000, 0x0000000088800000|100%|HC|  |TAMS 0x0000000088800000, 0x0000000088800000| Complete 
| 106|0x0000000088800000, 0x0000000088900000, 0x0000000088900000|100%|HC|  |TAMS 0x0000000088900000, 0x0000000088900000| Complete 
| 107|0x0000000088900000, 0x0000000088a00000, 0x0000000088a00000|100%|HC|  |TAMS 0x0000000088a00000, 0x0000000088a00000| Complete 
| 108|0x0000000088a00000, 0x0000000088b00000, 0x0000000088b00000|100%|HC|  |TAMS 0x0000000088b00000, 0x0000000088b00000| Complete 
| 109|0x0000000088b00000, 0x0000000088c00000, 0x0000000088c00000|100%|HC|  |TAMS 0x0000000088c00000, 0x0000000088c00000| Complete 
| 110|0x0000000088c00000, 0x0000000088d00000, 0x0000000088d00000|100%|HC|  |TAMS 0x0000000088d00000, 0x0000000088d00000| Complete 
| 111|0x0000000088d00000, 0x0000000088e00000, 0x0000000088e00000|100%|HC|  |TAMS 0x0000000088e00000, 0x0000000088e00000| Complete 
| 112|0x0000000088e00000, 0x0000000088f00000, 0x0000000088f00000|100%|HC|  |TAMS 0x0000000088f00000, 0x0000000088f00000| Complete 
| 113|0x0000000088f00000, 0x0000000089000000, 0x0000000089000000|100%|HC|  |TAMS 0x0000000089000000, 0x0000000089000000| Complete 
| 114|0x0000000089000000, 0x0000000089100000, 0x0000000089100000|100%|HC|  |TAMS 0x0000000089100000, 0x0000000089100000| Complete 
| 115|0x0000000089100000, 0x0000000089200000, 0x0000000089200000|100%|HC|  |TAMS 0x0000000089200000, 0x0000000089200000| Complete 
| 116|0x0000000089200000, 0x0000000089300000, 0x0000000089300000|100%|HC|  |TAMS 0x0000000089300000, 0x0000000089300000| Complete 
| 117|0x0000000089300000, 0x0000000089400000, 0x0000000089400000|100%|HC|  |TAMS 0x0000000089400000, 0x0000000089400000| Complete 
| 118|0x0000000089400000, 0x0000000089500000, 0x0000000089500000|100%|HC|  |TAMS 0x0000000089500000, 0x0000000089500000| Complete 
| 119|0x0000000089500000, 0x0000000089600000, 0x0000000089600000|100%|HC|  |TAMS 0x0000000089600000, 0x0000000089600000| Complete 
| 120|0x0000000089600000, 0x0000000089700000, 0x0000000089700000|100%|HC|  |TAMS 0x0000000089700000, 0x0000000089700000| Complete 
| 121|0x0000000089700000, 0x0000000089800000, 0x0000000089800000|100%|HC|  |TAMS 0x0000000089800000, 0x0000000089800000| Complete 
| 122|0x0000000089800000, 0x0000000089900000, 0x0000000089900000|100%|HC|  |TAMS 0x0000000089900000, 0x0000000089900000| Complete 
| 123|0x0000000089900000, 0x0000000089a00000, 0x0000000089a00000|100%|HS|  |TAMS 0x0000000089a00000, 0x0000000089a00000| Complete 
| 124|0x0000000089a00000, 0x0000000089b00000, 0x0000000089b00000|100%| O|  |TAMS 0x0000000089b00000, 0x0000000089b00000| Untracked 
| 125|0x0000000089b00000, 0x0000000089c00000, 0x0000000089c00000|100%|HS|  |TAMS 0x0000000089c00000, 0x0000000089c00000| Complete 
| 126|0x0000000089c00000, 0x0000000089c00000, 0x0000000089d00000|  0%| F|  |TAMS 0x0000000089c00000, 0x0000000089c00000| Untracked 
| 127|0x0000000089d00000, 0x0000000089d00000, 0x0000000089e00000|  0%| F|  |TAMS 0x0000000089d00000, 0x0000000089d00000| Untracked 
| 128|0x0000000089e00000, 0x0000000089e00000, 0x0000000089f00000|  0%| F|  |TAMS 0x0000000089e00000, 0x0000000089e00000| Untracked 
| 129|0x0000000089f00000, 0x0000000089f00000, 0x000000008a000000|  0%| F|  |TAMS 0x0000000089f00000, 0x0000000089f00000| Untracked 
| 130|0x000000008a000000, 0x000000008a000000, 0x000000008a100000|  0%| F|  |TAMS 0x000000008a000000, 0x000000008a000000| Untracked 
| 131|0x000000008a100000, 0x000000008a100000, 0x000000008a200000|  0%| F|  |TAMS 0x000000008a100000, 0x000000008a100000| Untracked 
| 132|0x000000008a200000, 0x000000008a200000, 0x000000008a300000|  0%| F|  |TAMS 0x000000008a200000, 0x000000008a200000| Untracked 
| 133|0x000000008a300000, 0x000000008a400000, 0x000000008a400000|100%|HS|  |TAMS 0x000000008a400000, 0x000000008a400000| Complete 
| 134|0x000000008a400000, 0x000000008a500000, 0x000000008a500000|100%|HC|  |TAMS 0x000000008a500000, 0x000000008a500000| Complete 
| 135|0x000000008a500000, 0x000000008a600000, 0x000000008a600000|100%|HC|  |TAMS 0x000000008a600000, 0x000000008a600000| Complete 
| 136|0x000000008a600000, 0x000000008a700000, 0x000000008a700000|100%|HC|  |TAMS 0x000000008a700000, 0x000000008a700000| Complete 
| 137|0x000000008a700000, 0x000000008a800000, 0x000000008a800000|100%|HC|  |TAMS 0x000000008a800000, 0x000000008a800000| Complete 
| 138|0x000000008a800000, 0x000000008a900000, 0x000000008a900000|100%|HC|  |TAMS 0x000000008a900000, 0x000000008a900000| Complete 
| 139|0x000000008a900000, 0x000000008aa00000, 0x000000008aa00000|100%|HC|  |TAMS 0x000000008aa00000, 0x000000008aa00000| Complete 
| 140|0x000000008aa00000, 0x000000008ab00000, 0x000000008ab00000|100%|HC|  |TAMS 0x000000008ab00000, 0x000000008ab00000| Complete 
| 141|0x000000008ab00000, 0x000000008ac00000, 0x000000008ac00000|100%|HC|  |TAMS 0x000000008ac00000, 0x000000008ac00000| Complete 
| 142|0x000000008ac00000, 0x000000008ad00000, 0x000000008ad00000|100%|HC|  |TAMS 0x000000008ad00000, 0x000000008ad00000| Complete 
| 143|0x000000008ad00000, 0x000000008ae00000, 0x000000008ae00000|100%|HC|  |TAMS 0x000000008ae00000, 0x000000008ae00000| Complete 
| 144|0x000000008ae00000, 0x000000008af00000, 0x000000008af00000|100%|HC|  |TAMS 0x000000008af00000, 0x000000008af00000| Complete 
| 145|0x000000008af00000, 0x000000008b000000, 0x000000008b000000|100%|HS|  |TAMS 0x000000008b000000, 0x000000008b000000| Complete 
| 146|0x000000008b000000, 0x000000008b100000, 0x000000008b100000|100%|HC|  |TAMS 0x000000008b100000, 0x000000008b100000| Complete 
| 147|0x000000008b100000, 0x000000008b200000, 0x000000008b200000|100%|HC|  |TAMS 0x000000008b200000, 0x000000008b200000| Complete 
| 148|0x000000008b200000, 0x000000008b300000, 0x000000008b300000|100%|HC|  |TAMS 0x000000008b300000, 0x000000008b300000| Complete 
| 149|0x000000008b300000, 0x000000008b400000, 0x000000008b400000|100%|HC|  |TAMS 0x000000008b400000, 0x000000008b400000| Complete 
| 150|0x000000008b400000, 0x000000008b500000, 0x000000008b500000|100%|HC|  |TAMS 0x000000008b500000, 0x000000008b500000| Complete 
| 151|0x000000008b500000, 0x000000008b600000, 0x000000008b600000|100%|HC|  |TAMS 0x000000008b600000, 0x000000008b600000| Complete 
| 152|0x000000008b600000, 0x000000008b700000, 0x000000008b700000|100%|HC|  |TAMS 0x000000008b700000, 0x000000008b700000| Complete 
| 153|0x000000008b700000, 0x000000008b800000, 0x000000008b800000|100%|HC|  |TAMS 0x000000008b800000, 0x000000008b800000| Complete 
| 154|0x000000008b800000, 0x000000008b900000, 0x000000008b900000|100%|HC|  |TAMS 0x000000008b900000, 0x000000008b900000| Complete 
| 155|0x000000008b900000, 0x000000008ba00000, 0x000000008ba00000|100%|HC|  |TAMS 0x000000008ba00000, 0x000000008ba00000| Complete 
| 156|0x000000008ba00000, 0x000000008bb00000, 0x000000008bb00000|100%|HC|  |TAMS 0x000000008bb00000, 0x000000008bb00000| Complete 
| 157|0x000000008bb00000, 0x000000008bc00000, 0x000000008bc00000|100%|HC|  |TAMS 0x000000008bc00000, 0x000000008bc00000| Complete 
| 158|0x000000008bc00000, 0x000000008bd00000, 0x000000008bd00000|100%|HC|  |TAMS 0x000000008bd00000, 0x000000008bd00000| Complete 
| 159|0x000000008bd00000, 0x000000008be00000, 0x000000008be00000|100%|HC|  |TAMS 0x000000008be00000, 0x000000008be00000| Complete 
| 160|0x000000008be00000, 0x000000008bf00000, 0x000000008bf00000|100%|HC|  |TAMS 0x000000008bf00000, 0x000000008bf00000| Complete 
| 161|0x000000008bf00000, 0x000000008c000000, 0x000000008c000000|100%|HC|  |TAMS 0x000000008c000000, 0x000000008c000000| Complete 
| 162|0x000000008c000000, 0x000000008c100000, 0x000000008c100000|100%|HC|  |TAMS 0x000000008c100000, 0x000000008c100000| Complete 
| 163|0x000000008c100000, 0x000000008c200000, 0x000000008c200000|100%|HC|  |TAMS 0x000000008c200000, 0x000000008c200000| Complete 
| 164|0x000000008c200000, 0x000000008c300000, 0x000000008c300000|100%|HC|  |TAMS 0x000000008c300000, 0x000000008c300000| Complete 
| 165|0x000000008c300000, 0x000000008c400000, 0x000000008c400000|100%|HC|  |TAMS 0x000000008c400000, 0x000000008c400000| Complete 
| 166|0x000000008c400000, 0x000000008c500000, 0x000000008c500000|100%|HC|  |TAMS 0x000000008c500000, 0x000000008c500000| Complete 
| 167|0x000000008c500000, 0x000000008c600000, 0x000000008c600000|100%|HS|  |TAMS 0x000000008c600000, 0x000000008c600000| Complete 
| 168|0x000000008c600000, 0x000000008c700000, 0x000000008c700000|100%|HC|  |TAMS 0x000000008c700000, 0x000000008c700000| Complete 
| 169|0x000000008c700000, 0x000000008c800000, 0x000000008c800000|100%|HC|  |TAMS 0x000000008c800000, 0x000000008c800000| Complete 
| 170|0x000000008c800000, 0x000000008c900000, 0x000000008c900000|100%|HC|  |TAMS 0x000000008c900000, 0x000000008c900000| Complete 
| 171|0x000000008c900000, 0x000000008ca00000, 0x000000008ca00000|100%|HC|  |TAMS 0x000000008ca00000, 0x000000008ca00000| Complete 
| 172|0x000000008ca00000, 0x000000008cb00000, 0x000000008cb00000|100%|HC|  |TAMS 0x000000008cb00000, 0x000000008cb00000| Complete 
| 173|0x000000008cb00000, 0x000000008cc00000, 0x000000008cc00000|100%|HC|  |TAMS 0x000000008cc00000, 0x000000008cc00000| Complete 
| 174|0x000000008cc00000, 0x000000008cd00000, 0x000000008cd00000|100%|HC|  |TAMS 0x000000008cd00000, 0x000000008cd00000| Complete 
| 175|0x000000008cd00000, 0x000000008ce00000, 0x000000008ce00000|100%|HC|  |TAMS 0x000000008ce00000, 0x000000008ce00000| Complete 
| 176|0x000000008ce00000, 0x000000008cf00000, 0x000000008cf00000|100%|HC|  |TAMS 0x000000008cf00000, 0x000000008cf00000| Complete 
| 177|0x000000008cf00000, 0x000000008d000000, 0x000000008d000000|100%|HC|  |TAMS 0x000000008d000000, 0x000000008d000000| Complete 
| 178|0x000000008d000000, 0x000000008d100000, 0x000000008d100000|100%|HC|  |TAMS 0x000000008d100000, 0x000000008d100000| Complete 
| 179|0x000000008d100000, 0x000000008d200000, 0x000000008d200000|100%|HC|  |TAMS 0x000000008d200000, 0x000000008d200000| Complete 
| 180|0x000000008d200000, 0x000000008d300000, 0x000000008d300000|100%|HC|  |TAMS 0x000000008d300000, 0x000000008d300000| Complete 
| 181|0x000000008d300000, 0x000000008d400000, 0x000000008d400000|100%|HC|  |TAMS 0x000000008d400000, 0x000000008d400000| Complete 
| 182|0x000000008d400000, 0x000000008d500000, 0x000000008d500000|100%|HC|  |TAMS 0x000000008d500000, 0x000000008d500000| Complete 
| 183|0x000000008d500000, 0x000000008d600000, 0x000000008d600000|100%|HC|  |TAMS 0x000000008d600000, 0x000000008d600000| Complete 
| 184|0x000000008d600000, 0x000000008d700000, 0x000000008d700000|100%|HC|  |TAMS 0x000000008d700000, 0x000000008d700000| Complete 
| 185|0x000000008d700000, 0x000000008d800000, 0x000000008d800000|100%|HC|  |TAMS 0x000000008d800000, 0x000000008d800000| Complete 
| 186|0x000000008d800000, 0x000000008d900000, 0x000000008d900000|100%|HC|  |TAMS 0x000000008d900000, 0x000000008d900000| Complete 
| 187|0x000000008d900000, 0x000000008da00000, 0x000000008da00000|100%|HC|  |TAMS 0x000000008da00000, 0x000000008da00000| Complete 
| 188|0x000000008da00000, 0x000000008db00000, 0x000000008db00000|100%|HC|  |TAMS 0x000000008db00000, 0x000000008db00000| Complete 
| 189|0x000000008db00000, 0x000000008dc00000, 0x000000008dc00000|100%|HS|  |TAMS 0x000000008db00000, 0x000000008dc00000| Complete 
| 190|0x000000008dc00000, 0x000000008dd00000, 0x000000008dd00000|100%|HC|  |TAMS 0x000000008dc00000, 0x000000008dd00000| Complete 
| 191|0x000000008dd00000, 0x000000008de00000, 0x000000008de00000|100%|HC|  |TAMS 0x000000008dd00000, 0x000000008de00000| Complete 
| 192|0x000000008de00000, 0x000000008df00000, 0x000000008df00000|100%|HC|  |TAMS 0x000000008de00000, 0x000000008df00000| Complete 
| 193|0x000000008df00000, 0x000000008e000000, 0x000000008e000000|100%|HC|  |TAMS 0x000000008df00000, 0x000000008e000000| Complete 
| 194|0x000000008e000000, 0x000000008e100000, 0x000000008e100000|100%|HC|  |TAMS 0x000000008e000000, 0x000000008e100000| Complete 
| 195|0x000000008e100000, 0x000000008e200000, 0x000000008e200000|100%|HC|  |TAMS 0x000000008e100000, 0x000000008e200000| Complete 
| 196|0x000000008e200000, 0x000000008e300000, 0x000000008e300000|100%|HC|  |TAMS 0x000000008e200000, 0x000000008e300000| Complete 
| 197|0x000000008e300000, 0x000000008e400000, 0x000000008e400000|100%|HC|  |TAMS 0x000000008e300000, 0x000000008e400000| Complete 
| 198|0x000000008e400000, 0x000000008e500000, 0x000000008e500000|100%|HC|  |TAMS 0x000000008e400000, 0x000000008e500000| Complete 
| 199|0x000000008e500000, 0x000000008e600000, 0x000000008e600000|100%|HC|  |TAMS 0x000000008e500000, 0x000000008e600000| Complete 
| 200|0x000000008e600000, 0x000000008e700000, 0x000000008e700000|100%|HC|  |TAMS 0x000000008e600000, 0x000000008e700000| Complete 
| 201|0x000000008e700000, 0x000000008e800000, 0x000000008e800000|100%|HC|  |TAMS 0x000000008e700000, 0x000000008e800000| Complete 
| 202|0x000000008e800000, 0x000000008e900000, 0x000000008e900000|100%|HC|  |TAMS 0x000000008e800000, 0x000000008e900000| Complete 
| 203|0x000000008e900000, 0x000000008ea00000, 0x000000008ea00000|100%|HC|  |TAMS 0x000000008e900000, 0x000000008ea00000| Complete 
| 204|0x000000008ea00000, 0x000000008eb00000, 0x000000008eb00000|100%|HC|  |TAMS 0x000000008ea00000, 0x000000008eb00000| Complete 
| 205|0x000000008eb00000, 0x000000008ec00000, 0x000000008ec00000|100%|HC|  |TAMS 0x000000008eb00000, 0x000000008ec00000| Complete 
| 206|0x000000008ec00000, 0x000000008ed00000, 0x000000008ed00000|100%|HC|  |TAMS 0x000000008ec00000, 0x000000008ed00000| Complete 
| 207|0x000000008ed00000, 0x000000008ee00000, 0x000000008ee00000|100%|HC|  |TAMS 0x000000008ed00000, 0x000000008ee00000| Complete 
| 208|0x000000008ee00000, 0x000000008ef00000, 0x000000008ef00000|100%|HC|  |TAMS 0x000000008ee00000, 0x000000008ef00000| Complete 
| 209|0x000000008ef00000, 0x000000008f000000, 0x000000008f000000|100%|HC|  |TAMS 0x000000008ef00000, 0x000000008f000000| Complete 
| 210|0x000000008f000000, 0x000000008f100000, 0x000000008f100000|100%|HC|  |TAMS 0x000000008f000000, 0x000000008f100000| Complete 
| 211|0x000000008f100000, 0x000000008f100000, 0x000000008f200000|  0%| F|  |TAMS 0x000000008f100000, 0x000000008f100000| Untracked 
| 212|0x000000008f200000, 0x000000008f200000, 0x000000008f300000|  0%| F|  |TAMS 0x000000008f200000, 0x000000008f200000| Untracked 
| 213|0x000000008f300000, 0x000000008f300000, 0x000000008f400000|  0%| F|  |TAMS 0x000000008f300000, 0x000000008f300000| Untracked 
| 214|0x000000008f400000, 0x000000008f400000, 0x000000008f500000|  0%| F|  |TAMS 0x000000008f400000, 0x000000008f400000| Untracked 
| 215|0x000000008f500000, 0x000000008f500000, 0x000000008f600000|  0%| F|  |TAMS 0x000000008f500000, 0x000000008f500000| Untracked 
| 216|0x000000008f600000, 0x000000008f600000, 0x000000008f700000|  0%| F|  |TAMS 0x000000008f600000, 0x000000008f600000| Untracked 
| 217|0x000000008f700000, 0x000000008f700000, 0x000000008f800000|  0%| F|  |TAMS 0x000000008f700000, 0x000000008f700000| Untracked 
| 218|0x000000008f800000, 0x000000008f800000, 0x000000008f900000|  0%| F|  |TAMS 0x000000008f800000, 0x000000008f800000| Untracked 
| 219|0x000000008f900000, 0x000000008f900000, 0x000000008fa00000|  0%| F|  |TAMS 0x000000008f900000, 0x000000008f900000| Untracked 
| 220|0x000000008fa00000, 0x000000008fa00000, 0x000000008fb00000|  0%| F|  |TAMS 0x000000008fa00000, 0x000000008fa00000| Untracked 
| 221|0x000000008fb00000, 0x000000008fb00000, 0x000000008fc00000|  0%| F|  |TAMS 0x000000008fb00000, 0x000000008fb00000| Untracked 
| 222|0x000000008fc00000, 0x000000008fc00000, 0x000000008fd00000|  0%| F|  |TAMS 0x000000008fc00000, 0x000000008fc00000| Untracked 
| 223|0x000000008fd00000, 0x000000008fd00000, 0x000000008fe00000|  0%| F|  |TAMS 0x000000008fd00000, 0x000000008fd00000| Untracked 
| 224|0x000000008fe00000, 0x000000008fe00000, 0x000000008ff00000|  0%| F|  |TAMS 0x000000008fe00000, 0x000000008fe00000| Untracked 
| 225|0x000000008ff00000, 0x000000008ff00000, 0x0000000090000000|  0%| F|  |TAMS 0x000000008ff00000, 0x000000008ff00000| Untracked 
| 226|0x0000000090000000, 0x0000000090000000, 0x0000000090100000|  0%| F|  |TAMS 0x0000000090000000, 0x0000000090000000| Untracked 
| 227|0x0000000090100000, 0x0000000090100000, 0x0000000090200000|  0%| F|  |TAMS 0x0000000090100000, 0x0000000090100000| Untracked 
| 228|0x0000000090200000, 0x0000000090200000, 0x0000000090300000|  0%| F|  |TAMS 0x0000000090200000, 0x0000000090200000| Untracked 
| 229|0x0000000090300000, 0x0000000090300000, 0x0000000090400000|  0%| F|  |TAMS 0x0000000090300000, 0x0000000090300000| Untracked 
| 230|0x0000000090400000, 0x0000000090400000, 0x0000000090500000|  0%| F|  |TAMS 0x0000000090400000, 0x0000000090400000| Untracked 
| 231|0x0000000090500000, 0x0000000090500000, 0x0000000090600000|  0%| F|  |TAMS 0x0000000090500000, 0x0000000090500000| Untracked 
| 232|0x0000000090600000, 0x0000000090600000, 0x0000000090700000|  0%| F|  |TAMS 0x0000000090600000, 0x0000000090600000| Untracked 
| 233|0x0000000090700000, 0x0000000090700000, 0x0000000090800000|  0%| F|  |TAMS 0x0000000090700000, 0x0000000090700000| Untracked 
| 234|0x0000000090800000, 0x0000000090800000, 0x0000000090900000|  0%| F|  |TAMS 0x0000000090800000, 0x0000000090800000| Untracked 
| 235|0x0000000090900000, 0x0000000090900000, 0x0000000090a00000|  0%| F|  |TAMS 0x0000000090900000, 0x0000000090900000| Untracked 
| 236|0x0000000090a00000, 0x0000000090a00000, 0x0000000090b00000|  0%| F|  |TAMS 0x0000000090a00000, 0x0000000090a00000| Untracked 
| 237|0x0000000090b00000, 0x0000000090b00000, 0x0000000090c00000|  0%| F|  |TAMS 0x0000000090b00000, 0x0000000090b00000| Untracked 
| 238|0x0000000090c00000, 0x0000000090c00000, 0x0000000090d00000|  0%| F|  |TAMS 0x0000000090c00000, 0x0000000090c00000| Untracked 
| 239|0x0000000090d00000, 0x0000000090d00000, 0x0000000090e00000|  0%| F|  |TAMS 0x0000000090d00000, 0x0000000090d00000| Untracked 
| 240|0x0000000090e00000, 0x0000000090e00000, 0x0000000090f00000|  0%| F|  |TAMS 0x0000000090e00000, 0x0000000090e00000| Untracked 
| 241|0x0000000090f00000, 0x0000000090f00000, 0x0000000091000000|  0%| F|  |TAMS 0x0000000090f00000, 0x0000000090f00000| Untracked 
| 242|0x0000000091000000, 0x0000000091000000, 0x0000000091100000|  0%| F|  |TAMS 0x0000000091000000, 0x0000000091000000| Untracked 
| 243|0x0000000091100000, 0x0000000091100000, 0x0000000091200000|  0%| F|  |TAMS 0x0000000091100000, 0x0000000091100000| Untracked 
| 244|0x0000000091200000, 0x0000000091200000, 0x0000000091300000|  0%| F|  |TAMS 0x0000000091200000, 0x0000000091200000| Untracked 
| 245|0x0000000091300000, 0x0000000091300000, 0x0000000091400000|  0%| F|  |TAMS 0x0000000091300000, 0x0000000091300000| Untracked 
| 246|0x0000000091400000, 0x0000000091400000, 0x0000000091500000|  0%| F|  |TAMS 0x0000000091400000, 0x0000000091400000| Untracked 
| 247|0x0000000091500000, 0x0000000091500000, 0x0000000091600000|  0%| F|  |TAMS 0x0000000091500000, 0x0000000091500000| Untracked 
| 248|0x0000000091600000, 0x0000000091600000, 0x0000000091700000|  0%| F|  |TAMS 0x0000000091600000, 0x0000000091600000| Untracked 
| 249|0x0000000091700000, 0x0000000091700000, 0x0000000091800000|  0%| F|  |TAMS 0x0000000091700000, 0x0000000091700000| Untracked 
| 250|0x0000000091800000, 0x0000000091800000, 0x0000000091900000|  0%| F|  |TAMS 0x0000000091800000, 0x0000000091800000| Untracked 
| 251|0x0000000091900000, 0x0000000091900000, 0x0000000091a00000|  0%| F|  |TAMS 0x0000000091900000, 0x0000000091900000| Untracked 
| 252|0x0000000091a00000, 0x0000000091a00000, 0x0000000091b00000|  0%| F|  |TAMS 0x0000000091a00000, 0x0000000091a00000| Untracked 
| 253|0x0000000091b00000, 0x0000000091b00000, 0x0000000091c00000|  0%| F|  |TAMS 0x0000000091b00000, 0x0000000091b00000| Untracked 
| 254|0x0000000091c00000, 0x0000000091c00000, 0x0000000091d00000|  0%| F|  |TAMS 0x0000000091c00000, 0x0000000091c00000| Untracked 
| 255|0x0000000091d00000, 0x0000000091d00000, 0x0000000091e00000|  0%| F|  |TAMS 0x0000000091d00000, 0x0000000091d00000| Untracked 
| 256|0x0000000091e00000, 0x0000000091e00000, 0x0000000091f00000|  0%| F|  |TAMS 0x0000000091e00000, 0x0000000091e00000| Untracked 
| 257|0x0000000091f00000, 0x0000000091f00000, 0x0000000092000000|  0%| F|  |TAMS 0x0000000091f00000, 0x0000000091f00000| Untracked 
| 258|0x0000000092000000, 0x0000000092000000, 0x0000000092100000|  0%| F|  |TAMS 0x0000000092000000, 0x0000000092000000| Untracked 
| 259|0x0000000092100000, 0x0000000092100000, 0x0000000092200000|  0%| F|  |TAMS 0x0000000092100000, 0x0000000092100000| Untracked 
| 260|0x0000000092200000, 0x0000000092200000, 0x0000000092300000|  0%| F|  |TAMS 0x0000000092200000, 0x0000000092200000| Untracked 
| 261|0x0000000092300000, 0x0000000092300000, 0x0000000092400000|  0%| F|  |TAMS 0x0000000092300000, 0x0000000092300000| Untracked 
| 262|0x0000000092400000, 0x0000000092400000, 0x0000000092500000|  0%| F|  |TAMS 0x0000000092400000, 0x0000000092400000| Untracked 
| 263|0x0000000092500000, 0x0000000092500000, 0x0000000092600000|  0%| F|  |TAMS 0x0000000092500000, 0x0000000092500000| Untracked 
| 264|0x0000000092600000, 0x0000000092600000, 0x0000000092700000|  0%| F|  |TAMS 0x0000000092600000, 0x0000000092600000| Untracked 
| 265|0x0000000092700000, 0x0000000092700000, 0x0000000092800000|  0%| F|  |TAMS 0x0000000092700000, 0x0000000092700000| Untracked 
| 266|0x0000000092800000, 0x0000000092800000, 0x0000000092900000|  0%| F|  |TAMS 0x0000000092800000, 0x0000000092800000| Untracked 
| 267|0x0000000092900000, 0x0000000092900000, 0x0000000092a00000|  0%| F|  |TAMS 0x0000000092900000, 0x0000000092900000| Untracked 
| 268|0x0000000092a00000, 0x0000000092a00000, 0x0000000092b00000|  0%| F|  |TAMS 0x0000000092a00000, 0x0000000092a00000| Untracked 
| 269|0x0000000092b00000, 0x0000000092b00000, 0x0000000092c00000|  0%| F|  |TAMS 0x0000000092b00000, 0x0000000092b00000| Untracked 
| 270|0x0000000092c00000, 0x0000000092c00000, 0x0000000092d00000|  0%| F|  |TAMS 0x0000000092c00000, 0x0000000092c00000| Untracked 
| 271|0x0000000092d00000, 0x0000000092d00000, 0x0000000092e00000|  0%| F|  |TAMS 0x0000000092d00000, 0x0000000092d00000| Untracked 
| 272|0x0000000092e00000, 0x0000000092e00000, 0x0000000092f00000|  0%| F|  |TAMS 0x0000000092e00000, 0x0000000092e00000| Untracked 
| 273|0x0000000092f00000, 0x0000000092f00000, 0x0000000093000000|  0%| F|  |TAMS 0x0000000092f00000, 0x0000000092f00000| Untracked 
| 274|0x0000000093000000, 0x0000000093000000, 0x0000000093100000|  0%| F|  |TAMS 0x0000000093000000, 0x0000000093000000| Untracked 
| 275|0x0000000093100000, 0x0000000093100000, 0x0000000093200000|  0%| F|  |TAMS 0x0000000093100000, 0x0000000093100000| Untracked 
| 276|0x0000000093200000, 0x0000000093200000, 0x0000000093300000|  0%| F|  |TAMS 0x0000000093200000, 0x0000000093200000| Untracked 
| 277|0x0000000093300000, 0x0000000093300000, 0x0000000093400000|  0%| F|  |TAMS 0x0000000093300000, 0x0000000093300000| Untracked 
| 278|0x0000000093400000, 0x0000000093400000, 0x0000000093500000|  0%| F|  |TAMS 0x0000000093400000, 0x0000000093400000| Untracked 
| 279|0x0000000093500000, 0x0000000093500000, 0x0000000093600000|  0%| F|  |TAMS 0x0000000093500000, 0x0000000093500000| Untracked 
| 280|0x0000000093600000, 0x0000000093600000, 0x0000000093700000|  0%| F|  |TAMS 0x0000000093600000, 0x0000000093600000| Untracked 
| 281|0x0000000093700000, 0x0000000093700000, 0x0000000093800000|  0%| F|  |TAMS 0x0000000093700000, 0x0000000093700000| Untracked 
| 282|0x0000000093800000, 0x0000000093800000, 0x0000000093900000|  0%| F|  |TAMS 0x0000000093800000, 0x0000000093800000| Untracked 
| 283|0x0000000093900000, 0x0000000093900000, 0x0000000093a00000|  0%| F|  |TAMS 0x0000000093900000, 0x0000000093900000| Untracked 
| 284|0x0000000093a00000, 0x0000000093a00000, 0x0000000093b00000|  0%| F|  |TAMS 0x0000000093a00000, 0x0000000093a00000| Untracked 
| 285|0x0000000093b00000, 0x0000000093b00000, 0x0000000093c00000|  0%| F|  |TAMS 0x0000000093b00000, 0x0000000093b00000| Untracked 
| 286|0x0000000093c00000, 0x0000000093c00000, 0x0000000093d00000|  0%| F|  |TAMS 0x0000000093c00000, 0x0000000093c00000| Untracked 
| 287|0x0000000093d00000, 0x0000000093d00000, 0x0000000093e00000|  0%| F|  |TAMS 0x0000000093d00000, 0x0000000093d00000| Untracked 
| 288|0x0000000093e00000, 0x0000000093e00000, 0x0000000093f00000|  0%| F|  |TAMS 0x0000000093e00000, 0x0000000093e00000| Untracked 
| 289|0x0000000093f00000, 0x0000000093f00000, 0x0000000094000000|  0%| F|  |TAMS 0x0000000093f00000, 0x0000000093f00000| Untracked 
| 290|0x0000000094000000, 0x0000000094000000, 0x0000000094100000|  0%| F|  |TAMS 0x0000000094000000, 0x0000000094000000| Untracked 
| 291|0x0000000094100000, 0x0000000094100000, 0x0000000094200000|  0%| F|  |TAMS 0x0000000094100000, 0x0000000094100000| Untracked 
| 292|0x0000000094200000, 0x0000000094200000, 0x0000000094300000|  0%| F|  |TAMS 0x0000000094200000, 0x0000000094200000| Untracked 
| 293|0x0000000094300000, 0x0000000094300000, 0x0000000094400000|  0%| F|  |TAMS 0x0000000094300000, 0x0000000094300000| Untracked 
| 294|0x0000000094400000, 0x0000000094400000, 0x0000000094500000|  0%| F|  |TAMS 0x0000000094400000, 0x0000000094400000| Untracked 
| 295|0x0000000094500000, 0x0000000094500000, 0x0000000094600000|  0%| F|  |TAMS 0x0000000094500000, 0x0000000094500000| Untracked 
| 296|0x0000000094600000, 0x0000000094600000, 0x0000000094700000|  0%| F|  |TAMS 0x0000000094600000, 0x0000000094600000| Untracked 
| 297|0x0000000094700000, 0x0000000094700000, 0x0000000094800000|  0%| F|  |TAMS 0x0000000094700000, 0x0000000094700000| Untracked 
| 298|0x0000000094800000, 0x0000000094800000, 0x0000000094900000|  0%| F|  |TAMS 0x0000000094800000, 0x0000000094800000| Untracked 
| 299|0x0000000094900000, 0x0000000094900000, 0x0000000094a00000|  0%| F|  |TAMS 0x0000000094900000, 0x0000000094900000| Untracked 
| 300|0x0000000094a00000, 0x0000000094a00000, 0x0000000094b00000|  0%| F|  |TAMS 0x0000000094a00000, 0x0000000094a00000| Untracked 
| 301|0x0000000094b00000, 0x0000000094b00000, 0x0000000094c00000|  0%| F|  |TAMS 0x0000000094b00000, 0x0000000094b00000| Untracked 
| 302|0x0000000094c00000, 0x0000000094c00000, 0x0000000094d00000|  0%| F|  |TAMS 0x0000000094c00000, 0x0000000094c00000| Untracked 
| 303|0x0000000094d00000, 0x0000000094d00000, 0x0000000094e00000|  0%| F|  |TAMS 0x0000000094d00000, 0x0000000094d00000| Untracked 
| 304|0x0000000094e00000, 0x0000000094e00000, 0x0000000094f00000|  0%| F|  |TAMS 0x0000000094e00000, 0x0000000094e00000| Untracked 
| 305|0x0000000094f00000, 0x0000000094f00000, 0x0000000095000000|  0%| F|  |TAMS 0x0000000094f00000, 0x0000000094f00000| Untracked 
| 306|0x0000000095000000, 0x0000000095000000, 0x0000000095100000|  0%| F|  |TAMS 0x0000000095000000, 0x0000000095000000| Untracked 
| 307|0x0000000095100000, 0x0000000095100000, 0x0000000095200000|  0%| F|  |TAMS 0x0000000095100000, 0x0000000095100000| Untracked 
| 308|0x0000000095200000, 0x0000000095200000, 0x0000000095300000|  0%| F|  |TAMS 0x0000000095200000, 0x0000000095200000| Untracked 
| 309|0x0000000095300000, 0x0000000095300000, 0x0000000095400000|  0%| F|  |TAMS 0x0000000095300000, 0x0000000095300000| Untracked 
| 310|0x0000000095400000, 0x0000000095400000, 0x0000000095500000|  0%| F|  |TAMS 0x0000000095400000, 0x0000000095400000| Untracked 
| 311|0x0000000095500000, 0x0000000095500000, 0x0000000095600000|  0%| F|  |TAMS 0x0000000095500000, 0x0000000095500000| Untracked 
| 312|0x0000000095600000, 0x0000000095600000, 0x0000000095700000|  0%| F|  |TAMS 0x0000000095600000, 0x0000000095600000| Untracked 
| 313|0x0000000095700000, 0x0000000095700000, 0x0000000095800000|  0%| F|  |TAMS 0x0000000095700000, 0x0000000095700000| Untracked 
| 314|0x0000000095800000, 0x0000000095800000, 0x0000000095900000|  0%| F|  |TAMS 0x0000000095800000, 0x0000000095800000| Untracked 
| 315|0x0000000095900000, 0x0000000095900000, 0x0000000095a00000|  0%| F|  |TAMS 0x0000000095900000, 0x0000000095900000| Untracked 
| 316|0x0000000095a00000, 0x0000000095a00000, 0x0000000095b00000|  0%| F|  |TAMS 0x0000000095a00000, 0x0000000095a00000| Untracked 
| 317|0x0000000095b00000, 0x0000000095b00000, 0x0000000095c00000|  0%| F|  |TAMS 0x0000000095b00000, 0x0000000095b00000| Untracked 
| 318|0x0000000095c00000, 0x0000000095c00000, 0x0000000095d00000|  0%| F|  |TAMS 0x0000000095c00000, 0x0000000095c00000| Untracked 
| 319|0x0000000095d00000, 0x0000000095d00000, 0x0000000095e00000|  0%| F|  |TAMS 0x0000000095d00000, 0x0000000095d00000| Untracked 
| 320|0x0000000095e00000, 0x0000000095e00000, 0x0000000095f00000|  0%| F|  |TAMS 0x0000000095e00000, 0x0000000095e00000| Untracked 
| 321|0x0000000095f00000, 0x0000000095f00000, 0x0000000096000000|  0%| F|  |TAMS 0x0000000095f00000, 0x0000000095f00000| Untracked 
| 322|0x0000000096000000, 0x0000000096000000, 0x0000000096100000|  0%| F|  |TAMS 0x0000000096000000, 0x0000000096000000| Untracked 
| 323|0x0000000096100000, 0x0000000096100000, 0x0000000096200000|  0%| F|  |TAMS 0x0000000096100000, 0x0000000096100000| Untracked 
| 324|0x0000000096200000, 0x0000000096200000, 0x0000000096300000|  0%| F|  |TAMS 0x0000000096200000, 0x0000000096200000| Untracked 
| 325|0x0000000096300000, 0x0000000096300000, 0x0000000096400000|  0%| F|  |TAMS 0x0000000096300000, 0x0000000096300000| Untracked 
| 326|0x0000000096400000, 0x0000000096400000, 0x0000000096500000|  0%| F|  |TAMS 0x0000000096400000, 0x0000000096400000| Untracked 
| 327|0x0000000096500000, 0x0000000096500000, 0x0000000096600000|  0%| F|  |TAMS 0x0000000096500000, 0x0000000096500000| Untracked 
| 328|0x0000000096600000, 0x0000000096600000, 0x0000000096700000|  0%| F|  |TAMS 0x0000000096600000, 0x0000000096600000| Untracked 
| 329|0x0000000096700000, 0x0000000096700000, 0x0000000096800000|  0%| F|  |TAMS 0x0000000096700000, 0x0000000096700000| Untracked 
| 330|0x0000000096800000, 0x0000000096800000, 0x0000000096900000|  0%| F|  |TAMS 0x0000000096800000, 0x0000000096800000| Untracked 
| 331|0x0000000096900000, 0x0000000096900000, 0x0000000096a00000|  0%| F|  |TAMS 0x0000000096900000, 0x0000000096900000| Untracked 
| 332|0x0000000096a00000, 0x0000000096a00000, 0x0000000096b00000|  0%| F|  |TAMS 0x0000000096a00000, 0x0000000096a00000| Untracked 
| 333|0x0000000096b00000, 0x0000000096b00000, 0x0000000096c00000|  0%| F|  |TAMS 0x0000000096b00000, 0x0000000096b00000| Untracked 
| 334|0x0000000096c00000, 0x0000000096c00000, 0x0000000096d00000|  0%| F|  |TAMS 0x0000000096c00000, 0x0000000096c00000| Untracked 
| 335|0x0000000096d00000, 0x0000000096d00000, 0x0000000096e00000|  0%| F|  |TAMS 0x0000000096d00000, 0x0000000096d00000| Untracked 
| 336|0x0000000096e00000, 0x0000000096e00000, 0x0000000096f00000|  0%| F|  |TAMS 0x0000000096e00000, 0x0000000096e00000| Untracked 
| 337|0x0000000096f00000, 0x0000000096f00000, 0x0000000097000000|  0%| F|  |TAMS 0x0000000096f00000, 0x0000000096f00000| Untracked 
| 338|0x0000000097000000, 0x0000000097000000, 0x0000000097100000|  0%| F|  |TAMS 0x0000000097000000, 0x0000000097000000| Untracked 
| 339|0x0000000097100000, 0x0000000097100000, 0x0000000097200000|  0%| F|  |TAMS 0x0000000097100000, 0x0000000097100000| Untracked 
| 340|0x0000000097200000, 0x0000000097200000, 0x0000000097300000|  0%| F|  |TAMS 0x0000000097200000, 0x0000000097200000| Untracked 
| 341|0x0000000097300000, 0x0000000097300000, 0x0000000097400000|  0%| F|  |TAMS 0x0000000097300000, 0x0000000097300000| Untracked 
| 342|0x0000000097400000, 0x0000000097400000, 0x0000000097500000|  0%| F|  |TAMS 0x0000000097400000, 0x0000000097400000| Untracked 
| 343|0x0000000097500000, 0x00000000975cbe78, 0x0000000097600000| 79%| S|CS|TAMS 0x0000000097500000, 0x0000000097500000| Complete 
| 344|0x0000000097600000, 0x0000000097700000, 0x0000000097700000|100%| S|CS|TAMS 0x0000000097600000, 0x0000000097600000| Complete 
| 345|0x0000000097700000, 0x0000000097800000, 0x0000000097800000|100%| S|CS|TAMS 0x0000000097700000, 0x0000000097700000| Complete 
| 346|0x0000000097800000, 0x0000000097800000, 0x0000000097900000|  0%| F|  |TAMS 0x0000000097800000, 0x0000000097800000| Untracked 
| 347|0x0000000097900000, 0x0000000097900000, 0x0000000097a00000|  0%| F|  |TAMS 0x0000000097900000, 0x0000000097900000| Untracked 

Card table byte_map: [0x0000013b4b930000,0x0000013b4bd30000] _byte_map_base: 0x0000013b4b521000

Marking Bits (Prev, Next): (CMBitMap*) 0x0000013b33dbbff0, (CMBitMap*) 0x0000013b33dbbfb8
 Prev Bits: [0x0000013b4e0c0000, 0x0000013b50048000)
 Next Bits: [0x0000013b4c130000, 0x0000013b4e0b8000)

Polling page: 0x0000013b31bb0000

Metaspace:

Usage:
  Non-class:     37.41 MB capacity,    36.55 MB ( 98%) used,   696.89 KB (  2%) free+waste,   180.44 KB ( <1%) overhead. 
      Class:      5.85 MB capacity,     5.21 MB ( 89%) used,   568.53 KB (  9%) free+waste,    88.00 KB (  1%) overhead. 
       Both:     43.26 MB capacity,    41.76 MB ( 97%) used,     1.24 MB (  3%) free+waste,   268.44 KB ( <1%) overhead. 

Virtual space:
  Non-class space:       38.00 MB reserved,      37.63 MB (>99%) committed 
      Class space:        1.00 GB reserved,       5.90 MB ( <1%) committed 
             Both:        1.04 GB reserved,      43.53 MB (  4%) committed 

Chunk freelists:
   Non-Class:  4.38 KB
       Class:  0 bytes
        Both:  4.38 KB

CodeHeap 'non-profiled nmethods': size=120000Kb used=2437Kb max_used=2437Kb free=117562Kb
 bounds [0x0000013b43cd0000, 0x0000013b43f40000, 0x0000013b4b200000]
CodeHeap 'profiled nmethods': size=120000Kb used=12235Kb max_used=12235Kb free=107764Kb
 bounds [0x0000013b3c7a0000, 0x0000013b3d3a0000, 0x0000013b43cd0000]
CodeHeap 'non-nmethods': size=5760Kb used=1434Kb max_used=1470Kb free=4325Kb
 bounds [0x0000013b3c200000, 0x0000013b3c470000, 0x0000013b3c7a0000]
 total_blobs=6311 nmethods=5408 adapters=814
 compilation: enabled
              stopped_count=0, restarted_count=0
 full_count=0

Compilation events (10 events):
Event: 11.231 Thread 0x0000013b52aba000 nmethod 5455 0x0000013b3d38af90 code [0x0000013b3d38b160, 0x0000013b3d38b558]
Event: 11.231 Thread 0x0000013b52aba000 5449       3       java.io.FileInputStream::available (5 bytes)
Event: 11.231 Thread 0x0000013b52aba000 nmethod 5449 0x0000013b3d38b710 code [0x0000013b3d38b8c0, 0x0000013b3d38ba50]
Event: 11.315 Thread 0x0000013b52aae800 nmethod 5446 0x0000013b43f30890 code [0x0000013b43f30a80, 0x0000013b43f31118]
Event: 11.411 Thread 0x0000013b52aba000 5456       3       java.util.Collections$SingletonList::get (41 bytes)
Event: 11.417 Thread 0x0000013b52aba000 nmethod 5456 0x0000013b3d38bb10 code [0x0000013b3d38bd80, 0x0000013b3d38c710]
Event: 11.417 Thread 0x0000013b52aba000 5458   !   3       javafx.fxml.FXMLLoader$InstanceDeclarationElement::constructValue (208 bytes)
Event: 11.418 Thread 0x0000013b52aba000 nmethod 5458 0x0000013b3d38ca90 code [0x0000013b3d38ce40, 0x0000013b3d38e2f0]
Event: 11.418 Thread 0x0000013b52aba000 5457       3       javafx.fxml.FXMLLoader$ValueElement::processValue (242 bytes)
Event: 11.422 Thread 0x0000013b52aba000 nmethod 5457 0x0000013b3d38ec10 code [0x0000013b3d38f1c0, 0x0000013b3d391ec0]

GC Heap History (10 events):
Event: 8.995 GC heap after
{Heap after GC invocations=41 (full 0):
 garbage-first heap   total 214016K, used 138458K [0x0000000081e00000, 0x0000000100000000)
  region size 1024K, 1 young (1024K), 1 survivors (1024K)
 Metaspace       used 42420K, capacity 43992K, committed 44060K, reserved 1087488K
  class space    used 5328K, capacity 5981K, committed 6040K, reserved 1048576K
}
Event: 9.870 GC heap before
{Heap before GC invocations=42 (full 0):
 garbage-first heap   total 214016K, used 144602K [0x0000000081e00000, 0x0000000100000000)
  region size 1024K, 7 young (7168K), 1 survivors (1024K)
 Metaspace       used 42559K, capacity 44120K, committed 44316K, reserved 1087488K
  class space    used 5328K, capacity 5981K, committed 6040K, reserved 1048576K
}
Event: 9.883 GC heap after
{Heap after GC invocations=43 (full 0):
 garbage-first heap   total 356352K, used 140427K [0x0000000081e00000, 0x0000000100000000)
  region size 1024K, 2 young (2048K), 2 survivors (2048K)
 Metaspace       used 42559K, capacity 44120K, committed 44316K, reserved 1087488K
  class space    used 5328K, capacity 5981K, committed 6040K, reserved 1048576K
}
Event: 10.075 GC heap before
{Heap before GC invocations=44 (full 0):
 garbage-first heap   total 356352K, used 168075K [0x0000000081e00000, 0x0000000100000000)
  region size 1024K, 4 young (4096K), 2 survivors (2048K)
 Metaspace       used 42594K, capacity 44196K, committed 44316K, reserved 1087488K
  class space    used 5329K, capacity 5983K, committed 6040K, reserved 1048576K
}
Event: 10.089 GC heap after
{Heap after GC invocations=45 (full 0):
 garbage-first heap   total 356352K, used 167327K [0x0000000081e00000, 0x0000000100000000)
  region size 1024K, 2 young (2048K), 2 survivors (2048K)
 Metaspace       used 42594K, capacity 44196K, committed 44316K, reserved 1087488K
  class space    used 5329K, capacity 5983K, committed 6040K, reserved 1048576K
}
Event: 10.299 GC heap before
{Heap before GC invocations=46 (full 0):
 garbage-first heap   total 356352K, used 184735K [0x0000000081e00000, 0x0000000100000000)
  region size 1024K, 3 young (3072K), 2 survivors (2048K)
 Metaspace       used 42596K, capacity 44196K, committed 44316K, reserved 1087488K
  class space    used 5329K, capacity 5983K, committed 6040K, reserved 1048576K
}
Event: 10.316 GC heap after
{Heap after GC invocations=47 (full 0):
 garbage-first heap   total 356352K, used 180672K [0x0000000081e00000, 0x0000000100000000)
  region size 1024K, 2 young (2048K), 2 survivors (2048K)
 Metaspace       used 42596K, capacity 44196K, committed 44316K, reserved 1087488K
  class space    used 5329K, capacity 5983K, committed 6040K, reserved 1048576K
}
Event: 11.173 GC heap before
{Heap before GC invocations=48 (full 0):
 garbage-first heap   total 356352K, used 185792K [0x0000000081e00000, 0x0000000100000000)
  region size 1024K, 7 young (7168K), 2 survivors (2048K)
 Metaspace       used 42740K, capacity 44287K, committed 44572K, reserved 1087488K
  class space    used 5331K, capacity 5988K, committed 6040K, reserved 1048576K
}
Event: 11.187 GC heap after
{Heap after GC invocations=49 (full 0):
 garbage-first heap   total 356352K, used 182477K [0x0000000081e00000, 0x0000000100000000)
  region size 1024K, 3 young (3072K), 3 survivors (3072K)
 Metaspace       used 42740K, capacity 44287K, committed 44572K, reserved 1087488K
  class space    used 5331K, capacity 5988K, committed 6040K, reserved 1048576K
}
Event: 11.428 GC heap before
{Heap before GC invocations=50 (full 0):
 garbage-first heap   total 356352K, used 210125K [0x0000000081e00000, 0x0000000100000000)
  region size 1024K, 5 young (5120K), 3 survivors (3072K)
 Metaspace       used 42760K, capacity 44294K, committed 44572K, reserved 1087488K
  class space    used 5332K, capacity 5989K, committed 6040K, reserved 1048576K
}

Deoptimization events (10 events):
Event: 9.023 Thread 0x0000013b547f3800 Uncommon trap: reason=speculate_class_check action=maybe_recompile pc=0x0000013b43ea3ed4 method=sun.security.provider.DigestBase.implCompressMultiBlock([BII)I @ 11 c2
Event: 9.023 Thread 0x0000013b547f3800 Uncommon trap: reason=speculate_class_check action=maybe_recompile pc=0x0000013b43ea3ed4 method=sun.security.provider.DigestBase.implCompressMultiBlock([BII)I @ 11 c2
Event: 9.023 Thread 0x0000013b547f3800 Uncommon trap: reason=speculate_class_check action=maybe_recompile pc=0x0000013b43ea3ed4 method=sun.security.provider.DigestBase.implCompressMultiBlock([BII)I @ 11 c2
Event: 9.023 Thread 0x0000013b547f3800 Uncommon trap: reason=speculate_class_check action=maybe_recompile pc=0x0000013b43ea3ed4 method=sun.security.provider.DigestBase.implCompressMultiBlock([BII)I @ 11 c2
Event: 9.860 Thread 0x0000013b547f3800 Uncommon trap: reason=unstable_if action=reinterpret pc=0x0000013b43dd780c method=java.util.Properties$LineReader.readLine()I @ 318 c2
Event: 10.427 Thread 0x0000013b547f3800 Uncommon trap: reason=array_check action=maybe_recompile pc=0x0000013b43eec3e4 method=javafx.css.CompoundSelector.applies(Ljavafx/css/Styleable;[Ljava/util/Set;I)Z @ 128 c2
Event: 10.428 Thread 0x0000013b547f3800 Uncommon trap: reason=array_check action=maybe_recompile pc=0x0000013b43ef0c8c method=javafx.css.CompoundSelector.applies(Ljavafx/css/Styleable;[Ljava/util/Set;I)Z @ 128 c2
Event: 10.428 Thread 0x0000013b547f3800 Uncommon trap: reason=array_check action=maybe_recompile pc=0x0000013b43ef0c8c method=javafx.css.CompoundSelector.applies(Ljavafx/css/Styleable;[Ljava/util/Set;I)Z @ 128 c2
Event: 10.428 Thread 0x0000013b547f3800 Uncommon trap: reason=array_check action=maybe_recompile pc=0x0000013b43ef0c8c method=javafx.css.CompoundSelector.applies(Ljavafx/css/Styleable;[Ljava/util/Set;I)Z @ 128 c2
Event: 10.428 Thread 0x0000013b547f3800 Uncommon trap: reason=array_check action=maybe_recompile pc=0x0000013b43eec3e4 method=javafx.css.CompoundSelector.applies(Ljavafx/css/Styleable;[Ljava/util/Set;I)Z @ 128 c2

Classes redefined (0 events):
No events

Internal exceptions (10 events):
Event: 9.851 Thread 0x0000013b547f3800 Exception <a 'sun/nio/fs/WindowsException'{0x000000008e9576b8}> (0x000000008e9576b8) thrown at [./open/src/hotspot/share/prims/jni.cpp, line 611]
Event: 9.852 Thread 0x0000013b547f3800 Exception <a 'sun/nio/fs/WindowsException'{0x000000008e95aa70}> (0x000000008e95aa70) thrown at [./open/src/hotspot/share/prims/jni.cpp, line 611]
Event: 9.852 Thread 0x0000013b547f3800 Exception <a 'sun/nio/fs/WindowsException'{0x000000008e95b420}> (0x000000008e95b420) thrown at [./open/src/hotspot/share/prims/jni.cpp, line 611]
Event: 9.852 Thread 0x0000013b547f3800 Exception <a 'sun/nio/fs/WindowsException'{0x000000008e95bfc8}> (0x000000008e95bfc8) thrown at [./open/src/hotspot/share/prims/jni.cpp, line 611]
Event: 9.852 Thread 0x0000013b547f3800 Exception <a 'sun/nio/fs/WindowsException'{0x000000008e95c978}> (0x000000008e95c978) thrown at [./open/src/hotspot/share/prims/jni.cpp, line 611]
Event: 9.852 Thread 0x0000013b547f3800 Exception <a 'sun/nio/fs/WindowsException'{0x000000008e95d850}> (0x000000008e95d850) thrown at [./open/src/hotspot/share/prims/jni.cpp, line 611]
Event: 10.218 Thread 0x0000013b547f3800 Exception <a 'java/io/FileNotFoundException'{0x0000000097938710}> (0x0000000097938710) thrown at [./open/src/hotspot/share/prims/jni.cpp, line 611]
Event: 10.224 Thread 0x0000013b547f3800 Exception <a 'java/io/FileNotFoundException'{0x0000000097954030}> (0x0000000097954030) thrown at [./open/src/hotspot/share/prims/jni.cpp, line 611]
Event: 10.394 Thread 0x0000013b547f3800 Exception <a 'java/net/SocketException'{0x0000000097676a98}: Software caused connection abort: socket write error> (0x0000000097676a98) thrown at [./open/src/hotspot/share/prims/jni.cpp, line 632]
Event: 11.146 Thread 0x0000013b547f3800 Exception <a 'sun/nio/fs/WindowsException'{0x000000009744cd20}> (0x000000009744cd20) thrown at [./open/src/hotspot/share/prims/jni.cpp, line 611]

Events (10 events):
Event: 11.187 Executing VM operation: G1CollectForAllocation done
Event: 11.192 Executing VM operation: RevokeBias
Event: 11.192 Executing VM operation: RevokeBias done
Event: 11.192 Executing VM operation: RevokeBias
Event: 11.192 Executing VM operation: RevokeBias done
Event: 11.261 Executing VM operation: CGC_Operation
Event: 11.315 Executing VM operation: CGC_Operation done
Event: 11.341 Executing VM operation: CGC_Operation
Event: 11.341 Executing VM operation: CGC_Operation done
Event: 11.427 Executing VM operation: G1CollectForAllocation


Dynamic libraries:
0x00007ff6852d0000 - 0x00007ff6852df000 	C:\Program Files\Java\jdk-11.0.9\bin\java.exe
0x00007ffab1f90000 - 0x00007ffab2185000 	C:\WINDOWS\SYSTEM32\ntdll.dll
0x00007ffab1db0000 - 0x00007ffab1e6e000 	C:\WINDOWS\System32\KERNEL32.DLL
0x00007ffaafa70000 - 0x00007ffaafd39000 	C:\WINDOWS\System32\KERNELBASE.dll
0x00007ffaaf6b0000 - 0x00007ffaaf7b0000 	C:\WINDOWS\System32\ucrtbase.dll
0x00007ffaa8560000 - 0x00007ffaa8575000 	C:\Program Files\Java\jdk-11.0.9\bin\VCRUNTIME140.dll
0x00007ffaa8580000 - 0x00007ffaa8598000 	C:\Program Files\Java\jdk-11.0.9\bin\jli.dll
0x00007ffab04a0000 - 0x00007ffab054c000 	C:\WINDOWS\System32\ADVAPI32.dll
0x00007ffab0af0000 - 0x00007ffab0b8e000 	C:\WINDOWS\System32\msvcrt.dll
0x00007ffab0950000 - 0x00007ffab09eb000 	C:\WINDOWS\System32\sechost.dll
0x00007ffab07c0000 - 0x00007ffab08ea000 	C:\WINDOWS\System32\RPCRT4.dll
0x00007ffab0cc0000 - 0x00007ffab0e61000 	C:\WINDOWS\System32\USER32.dll
0x00007ffaaf8b0000 - 0x00007ffaaf8d2000 	C:\WINDOWS\System32\win32u.dll
0x00007ffa9fd30000 - 0x00007ffa9ffca000 	C:\WINDOWS\WinSxS\amd64_microsoft.windows.common-controls_6595b64144ccf1df_6.0.19041.1110_none_60b5254171f9507e\COMCTL32.dll
0x00007ffab00b0000 - 0x00007ffab00db000 	C:\WINDOWS\System32\GDI32.dll
0x00007ffaaf960000 - 0x00007ffaafa6b000 	C:\WINDOWS\System32\gdi32full.dll
0x00007ffaaf810000 - 0x00007ffaaf8ad000 	C:\WINDOWS\System32\msvcp_win.dll
0x00007ffaa8710000 - 0x00007ffaa871a000 	C:\WINDOWS\SYSTEM32\VERSION.dll
0x00007ffab1d80000 - 0x00007ffab1db0000 	C:\WINDOWS\System32\IMM32.DLL
0x00007ffa9ec20000 - 0x00007ffa9ecbb000 	C:\Program Files\Java\jdk-11.0.9\bin\msvcp140.dll
0x00007ffa63640000 - 0x00007ffa64137000 	C:\Program Files\Java\jdk-11.0.9\bin\server\jvm.dll
0x00007ffab0c40000 - 0x00007ffab0c48000 	C:\WINDOWS\System32\PSAPI.DLL
0x00007ffa9de20000 - 0x00007ffa9de47000 	C:\WINDOWS\SYSTEM32\WINMM.dll
0x00007ffa98dc0000 - 0x00007ffa98dc9000 	C:\WINDOWS\SYSTEM32\WSOCK32.dll
0x00007ffab1a30000 - 0x00007ffab1a9b000 	C:\WINDOWS\System32\WS2_32.dll
0x00007ffaadf80000 - 0x00007ffaadf92000 	C:\WINDOWS\SYSTEM32\kernel.appcore.dll
0x00007ffaaae90000 - 0x00007ffaaaea0000 	C:\Program Files\Java\jdk-11.0.9\bin\verify.dll
0x00007ffaad580000 - 0x00007ffaad764000 	C:\WINDOWS\SYSTEM32\DBGHELP.DLL
0x00007ffa9dbd0000 - 0x00007ffa9dbfc000 	C:\WINDOWS\SYSTEM32\dbgcore.DLL
0x00007ffaaff50000 - 0x00007ffaaffd3000 	C:\WINDOWS\System32\bcryptPrimitives.dll
0x00007ffaa8530000 - 0x00007ffaa8558000 	C:\Program Files\Java\jdk-11.0.9\bin\java.dll
0x00007ffaaae60000 - 0x00007ffaaae6a000 	C:\Program Files\Java\jdk-11.0.9\bin\jimage.dll
0x00007ffaa80a0000 - 0x00007ffaa80ae000 	C:\Program Files\Java\jdk-11.0.9\bin\instrument.dll
0x00007ffaa8020000 - 0x00007ffaa8036000 	C:\Program Files\Java\jdk-11.0.9\bin\zip.dll
0x00007ffab0e70000 - 0x00007ffab15af000 	C:\WINDOWS\System32\SHELL32.dll
0x00007ffaad790000 - 0x00007ffaadf20000 	C:\WINDOWS\SYSTEM32\windows.storage.dll
0x00007ffab00e0000 - 0x00007ffab0435000 	C:\WINDOWS\System32\combase.dll
0x00007ffaaf030000 - 0x00007ffaaf05c000 	C:\WINDOWS\SYSTEM32\Wldp.dll
0x00007ffab05e0000 - 0x00007ffab068e000 	C:\WINDOWS\System32\SHCORE.dll
0x00007ffab0440000 - 0x00007ffab0495000 	C:\WINDOWS\System32\shlwapi.dll
0x00007ffaaf5f0000 - 0x00007ffaaf60f000 	C:\WINDOWS\SYSTEM32\profapi.dll
0x00007ffaa7970000 - 0x00007ffaa7989000 	C:\Program Files\Java\jdk-11.0.9\bin\net.dll
0x00007ffaa1b60000 - 0x00007ffaa1c68000 	C:\WINDOWS\SYSTEM32\WINHTTP.dll
0x00007ffaaed90000 - 0x00007ffaaedfa000 	C:\WINDOWS\system32\mswsock.dll
0x00007ffaa7420000 - 0x00007ffaa7432000 	C:\Program Files\Java\jdk-11.0.9\bin\nio.dll
0x00007ffa8f430000 - 0x00007ffa8f44a000 	C:\Program Files\IntelliJ IDEA 2020.2.3\bin\breakgen64.dll
0x0000013b31d90000 - 0x0000013b31d93000 	C:\Program Files\Java\jdk-11.0.9\bin\api-ms-win-core-console-l1-1-0.dll
0x0000013b31da0000 - 0x0000013b31da3000 	C:\Program Files\Java\jdk-11.0.9\bin\api-ms-win-core-datetime-l1-1-0.dll
0x0000013b33c90000 - 0x0000013b33c93000 	C:\Program Files\Java\jdk-11.0.9\bin\api-ms-win-core-debug-l1-1-0.dll
0x0000013b33ca0000 - 0x0000013b33ca3000 	C:\Program Files\Java\jdk-11.0.9\bin\api-ms-win-core-errorhandling-l1-1-0.dll
0x0000013b33cb0000 - 0x0000013b33cb4000 	C:\Program Files\Java\jdk-11.0.9\bin\api-ms-win-core-file-l1-1-0.dll
0x0000013b33cc0000 - 0x0000013b33cc3000 	C:\Program Files\Java\jdk-11.0.9\bin\api-ms-win-core-file-l1-2-0.dll
0x0000013b33cd0000 - 0x0000013b33cd3000 	C:\Program Files\Java\jdk-11.0.9\bin\api-ms-win-core-file-l2-1-0.dll
0x0000013b33ce0000 - 0x0000013b33ce3000 	C:\Program Files\Java\jdk-11.0.9\bin\api-ms-win-core-handle-l1-1-0.dll
0x0000013b33cf0000 - 0x0000013b33cf3000 	C:\Program Files\Java\jdk-11.0.9\bin\api-ms-win-core-heap-l1-1-0.dll
0x0000013b33d00000 - 0x0000013b33d03000 	C:\Program Files\Java\jdk-11.0.9\bin\api-ms-win-core-interlocked-l1-1-0.dll
0x0000013b33d10000 - 0x0000013b33d13000 	C:\Program Files\Java\jdk-11.0.9\bin\api-ms-win-core-libraryloader-l1-1-0.dll
0x0000013b33d20000 - 0x0000013b33d23000 	C:\Program Files\Java\jdk-11.0.9\bin\api-ms-win-core-localization-l1-2-0.dll
0x0000013b33d30000 - 0x0000013b33d33000 	C:\Program Files\Java\jdk-11.0.9\bin\api-ms-win-core-memory-l1-1-0.dll
0x0000013b33d40000 - 0x0000013b33d43000 	C:\Program Files\Java\jdk-11.0.9\bin\api-ms-win-core-namedpipe-l1-1-0.dll
0x0000013b33d50000 - 0x0000013b33d53000 	C:\Program Files\Java\jdk-11.0.9\bin\api-ms-win-core-processenvironment-l1-1-0.dll
0x0000013b55510000 - 0x0000013b55513000 	C:\Program Files\Java\jdk-11.0.9\bin\api-ms-win-core-processthreads-l1-1-0.dll
0x0000013b55520000 - 0x0000013b55523000 	C:\Program Files\Java\jdk-11.0.9\bin\api-ms-win-core-processthreads-l1-1-1.dll
0x0000013b55530000 - 0x0000013b55533000 	C:\Program Files\Java\jdk-11.0.9\bin\api-ms-win-core-profile-l1-1-0.dll
0x0000013b55540000 - 0x0000013b55543000 	C:\Program Files\Java\jdk-11.0.9\bin\api-ms-win-core-rtlsupport-l1-1-0.dll
0x0000013b55550000 - 0x0000013b55553000 	C:\Program Files\Java\jdk-11.0.9\bin\api-ms-win-core-string-l1-1-0.dll
0x0000013b55560000 - 0x0000013b55563000 	C:\Program Files\Java\jdk-11.0.9\bin\api-ms-win-core-synch-l1-1-0.dll
0x0000013b557a0000 - 0x0000013b557a3000 	C:\Program Files\Java\jdk-11.0.9\bin\api-ms-win-core-synch-l1-2-0.dll
0x0000013b557b0000 - 0x0000013b557b3000 	C:\Program Files\Java\jdk-11.0.9\bin\api-ms-win-core-sysinfo-l1-1-0.dll
0x0000013b557c0000 - 0x0000013b557c3000 	C:\Program Files\Java\jdk-11.0.9\bin\api-ms-win-core-timezone-l1-1-0.dll
0x0000013b55570000 - 0x0000013b55573000 	C:\Program Files\Java\jdk-11.0.9\bin\api-ms-win-core-util-l1-1-0.dll
0x0000013b55580000 - 0x0000013b55583000 	C:\Program Files\Java\jdk-11.0.9\bin\api-ms-win-crt-conio-l1-1-0.dll
0x0000013b55590000 - 0x0000013b55594000 	C:\Program Files\Java\jdk-11.0.9\bin\api-ms-win-crt-convert-l1-1-0.dll
0x0000013b555a0000 - 0x0000013b555a3000 	C:\Program Files\Java\jdk-11.0.9\bin\api-ms-win-crt-environment-l1-1-0.dll
0x0000013b555b0000 - 0x0000013b555b3000 	C:\Program Files\Java\jdk-11.0.9\bin\api-ms-win-crt-filesystem-l1-1-0.dll
0x0000013b555c0000 - 0x0000013b555c3000 	C:\Program Files\Java\jdk-11.0.9\bin\api-ms-win-crt-heap-l1-1-0.dll
0x0000013b555d0000 - 0x0000013b555d3000 	C:\Program Files\Java\jdk-11.0.9\bin\api-ms-win-crt-locale-l1-1-0.dll
0x0000013b555e0000 - 0x0000013b555e5000 	C:\Program Files\Java\jdk-11.0.9\bin\api-ms-win-crt-math-l1-1-0.dll
0x0000013b555f0000 - 0x0000013b555f5000 	C:\Program Files\Java\jdk-11.0.9\bin\api-ms-win-crt-multibyte-l1-1-0.dll
0x0000013b55600000 - 0x0000013b55610000 	C:\Program Files\Java\jdk-11.0.9\bin\api-ms-win-crt-private-l1-1-0.dll
0x0000013b55610000 - 0x0000013b55613000 	C:\Program Files\Java\jdk-11.0.9\bin\api-ms-win-crt-process-l1-1-0.dll
0x0000013b55620000 - 0x0000013b55624000 	C:\Program Files\Java\jdk-11.0.9\bin\api-ms-win-crt-runtime-l1-1-0.dll
0x0000013b55630000 - 0x0000013b55634000 	C:\Program Files\Java\jdk-11.0.9\bin\api-ms-win-crt-stdio-l1-1-0.dll
0x0000013b55640000 - 0x0000013b55644000 	C:\Program Files\Java\jdk-11.0.9\bin\api-ms-win-crt-string-l1-1-0.dll
0x0000013b55650000 - 0x0000013b55653000 	C:\Program Files\Java\jdk-11.0.9\bin\api-ms-win-crt-time-l1-1-0.dll
0x0000013b55660000 - 0x0000013b55663000 	C:\Program Files\Java\jdk-11.0.9\bin\api-ms-win-crt-utility-l1-1-0.dll
0x00007ffa760c0000 - 0x00007ffa761ba000 	C:\Program Files\Java\jdk-11.0.9\bin\ucrtbase.dll
0x00007ffa82940000 - 0x00007ffa82991000 	C:\Users\magda\.openjfx\cache\11.0.2\concrt140.dll
0x00007ffa8b960000 - 0x00007ffa8b983000 	C:\Users\magda\.openjfx\cache\11.0.2\prism_d3d.dll
0x00007ffa4feb0000 - 0x00007ffa5007e000 	C:\WINDOWS\system32\d3d9.dll
0x00007ffaacf80000 - 0x00007ffaacfaf000 	C:\WINDOWS\SYSTEM32\dwmapi.dll
0x00007ffaacdb0000 - 0x00007ffaace4e000 	C:\WINDOWS\system32\uxtheme.dll
0x00007ffa72ee0000 - 0x00007ffa730cb000 	C:\WINDOWS\System32\DriverStore\FileRepository\iigd_dch_base.inf_amd64_a5a132c6d8339491\igdumdim64.dll
0x00007ffa4c740000 - 0x00007ffa4fcbd000 	C:\WINDOWS\System32\DriverStore\FileRepository\iigd_dch_base.inf_amd64_a5a132c6d8339491\igd9dxva64.dll
0x00007ffab0690000 - 0x00007ffab07ba000 	C:\WINDOWS\System32\ole32.dll
0x00007ffaaffe0000 - 0x00007ffab00ad000 	C:\WINDOWS\System32\OLEAUT32.dll
0x00007ffa82aa0000 - 0x00007ffa82ae5000 	C:\Users\magda\.openjfx\cache\11.0.2\glass.dll
0x00007ffab1e70000 - 0x00007ffab1f4a000 	C:\WINDOWS\System32\COMDLG32.dll
0x00007ffab1aa0000 - 0x00007ffab1bb5000 	C:\WINDOWS\System32\MSCTF.dll
0x00007ffa74820000 - 0x00007ffa74844000 	C:\WINDOWS\System32\DriverStore\FileRepository\iigd_dch_base.inf_amd64_a5a132c6d8339491\igdinfo64.dll
0x00007ffaa1e40000 - 0x00007ffaa3d41000 	C:\WINDOWS\System32\DriverStore\FileRepository\iigd_dch_base.inf_amd64_a5a132c6d8339491\igc64.dll
0x00007ffaa6f40000 - 0x00007ffaa6f7b000 	C:\WINDOWS\SYSTEM32\dxcore.dll
0x00007ffaaf8e0000 - 0x00007ffaaf92e000 	C:\WINDOWS\System32\cfgmgr32.dll
0x00007ffa87fa0000 - 0x00007ffa87fb4000 	C:\Users\magda\.openjfx\cache\11.0.2\javafx_font.dll
0x00007ffa81740000 - 0x00007ffa819c3000 	C:\WINDOWS\SYSTEM32\dwrite.dll
0x00007ffa871b0000 - 0x00007ffa871dc000 	C:\Users\magda\.openjfx\cache\11.0.2\javafx_iio.dll
0x00007ffa7e260000 - 0x00007ffa7e285000 	C:\Program Files\Java\jdk-11.0.9\bin\sunec.dll
0x00007ffaaef80000 - 0x00007ffaaef98000 	C:\WINDOWS\SYSTEM32\CRYPTSP.dll
0x00007ffaae710000 - 0x00007ffaae744000 	C:\WINDOWS\system32\rsaenh.dll
0x00007ffaaf930000 - 0x00007ffaaf957000 	C:\WINDOWS\System32\bcrypt.dll
0x00007ffaaf520000 - 0x00007ffaaf54e000 	C:\WINDOWS\SYSTEM32\USERENV.dll
0x00007ffaaefa0000 - 0x00007ffaaefac000 	C:\WINDOWS\SYSTEM32\CRYPTBASE.dll
0x00007ffaaea80000 - 0x00007ffaaeabb000 	C:\WINDOWS\SYSTEM32\IPHLPAPI.DLL
0x00007ffab1d70000 - 0x00007ffab1d78000 	C:\WINDOWS\System32\NSI.dll
0x00007ffaa7d00000 - 0x00007ffaa7d17000 	C:\WINDOWS\SYSTEM32\dhcpcsvc6.DLL
0x00007ffaa7ce0000 - 0x00007ffaa7cfd000 	C:\WINDOWS\SYSTEM32\dhcpcsvc.DLL
0x00007ffaaeac0000 - 0x00007ffaaeb8c000 	C:\WINDOWS\SYSTEM32\DNSAPI.dll
0x00007ffaa62e0000 - 0x00007ffaa62ea000 	C:\Windows\System32\rasadhlp.dll
0x00007ffaa18b0000 - 0x00007ffaa192f000 	C:\WINDOWS\System32\fwpuclnt.dll
0x00007ffa9d810000 - 0x00007ffa9d81d000 	C:\Program Files\Java\jdk-11.0.9\bin\sunmscapi.dll
0x00007ffaafd40000 - 0x00007ffaafe96000 	C:\WINDOWS\System32\CRYPT32.dll
0x00007ffaaf0a0000 - 0x00007ffaaf0c7000 	C:\WINDOWS\SYSTEM32\ncrypt.dll
0x00007ffaaf060000 - 0x00007ffaaf09b000 	C:\WINDOWS\SYSTEM32\NTASN1.dll
0x00007ffab0b90000 - 0x00007ffab0c39000 	C:\WINDOWS\System32\clbcatq.dll
0x00007ffaa8b90000 - 0x00007ffaa8d44000 	C:\WINDOWS\SYSTEM32\WindowsCodecs.dll
0x00007ffa85810000 - 0x00007ffa8584e000 	C:\WINDOWS\system32\dataexchange.dll
0x00007ffaab8f0000 - 0x00007ffaabb54000 	C:\WINDOWS\system32\d3d11.dll
0x00007ffaac120000 - 0x00007ffaac306000 	C:\WINDOWS\system32\dcomp.dll

dbghelp: loaded successfully - version: 4.0.5 - missing functions: none
symbol engine: initialized successfully - sym options: 0x614 - pdb path: .;C:\Program Files\Java\jdk-11.0.9\bin;C:\WINDOWS\SYSTEM32;C:\WINDOWS\WinSxS\amd64_microsoft.windows.common-controls_6595b64144ccf1df_6.0.19041.1110_none_60b5254171f9507e;C:\Program Files\Java\jdk-11.0.9\bin\server;C:\Program Files\IntelliJ IDEA 2020.2.3\bin;C:\Users\magda\.openjfx\cache\11.0.2;C:\WINDOWS\System32\DriverStore\FileRepository\iigd_dch_base.inf_amd64_a5a132c6d8339491;C:\Program Files\Common Files\Microsoft Shared\Ink

VM Arguments:
jvm_args: -ea -Djava.library.path=C:\Users\magda\Downloads\opencv\build\java\x64 --add-reads=graph.designer.drawing.pane=java.desktop --add-exports=javafx.graphics/com.sun.javafx.application=ALL-UNNAMED --add-opens=graph.designer.drawing.pane/fr.leward.graphdesigner.ui.drawingpane=ALL-UNNAMED -Didea.test.cyclic.buffer.size=1048576 -javaagent:C:\Program Files\IntelliJ IDEA 2020.2.3\lib\idea_rt.jar=59553:C:\Program Files\IntelliJ IDEA 2020.2.3\bin --patch-module=ColourTheWorldApp=C:/Moje dokumenty/STUDIA/NAUKA/JAVA/ColourTheWorldApp/target/test-classes --add-reads=ColourTheWorldApp=ALL-UNNAMED --add-opens=ColourTheWorldApp/pl.magdalena.brejna.colourtheworldapp.controllers=ALL-UNNAMED --add-modules=ColourTheWorldApp -Dfile.encoding=UTF-8 --module-path=C:\Users\magda\.m2\repository\org\openjfx\javafx-fxml\11.0.2\javafx-fxml-11.0.2-win.jar;C:\Users\magda\.m2\repository\org\openjfx\javafx-swing\11.0.1\javafx-swing-11.0.1-win.jar;C:\Users\magda\.m2\repository\org\openjfx\javafx-base\11.0.2\javafx-base-11.0.2-win.jar;C:\Moje dokumenty\STUDIA\NAUKA\JAVA\ColourTheWorldApp\target\classes;C:\Users\magda\.m2\repository\org\openjfx\javafx-controls\11.0.2\javafx-controls-11.0.2-win.jar;C:\Users\magda\.m2\repository\mysql\mysql-connector-java\8.0.26\mysql-connector-java-8.0.26.jar;C:\Users\magda\.m2\repository\org\openjfx\javafx-graphics\11.0.2\javafx-graphics-11.0.2-win.jar;C:\Users\magda\Downloads\opencv\build\java\opencv-452.jar;C:\Users\magda\.m2\repository\org\openpnp\opencv\4.5.1-2\opencv-4.5.1-2.jar 
java_command: com.intellij.rt.junit.JUnitStarter -ideVersion5 -junit4 pl.magdalena.brejna.colourtheworldapp.controllers.MainMenuButtonsControllerTest
java_class_path (initial): C:\Program Files\IntelliJ IDEA 2020.2.3\lib\idea_rt.jar;C:\Program Files\IntelliJ IDEA 2020.2.3\plugins\junit\lib\junit5-rt.jar;C:\Program Files\IntelliJ IDEA 2020.2.3\plugins\junit\lib\junit-rt.jar;C:\Moje dokumenty\STUDIA\NAUKA\JAVA\ColourTheWorldApp\target\test-classes;C:\Users\magda\.m2\repository\org\openjfx\javafx-graphics\11.0.2\javafx-graphics-11.0.2.jar;C:\Users\magda\.m2\repository\org\openjfx\javafx-base\11.0.2\javafx-base-11.0.2.jar;C:\Users\magda\.m2\repository\org\openjfx\javafx-controls\11.0.2\javafx-controls-11.0.2.jar;C:\Users\magda\.m2\repository\org\openjfx\javafx-fxml\11.0.2\javafx-fxml-11.0.2.jar;C:\Users\magda\.m2\repository\org\openjfx\javafx-swing\11.0.1\javafx-swing-11.0.1.jar;C:\Users\magda\.m2\repository\com\google\protobuf\protobuf-java\3.11.4\protobuf-java-3.11.4.jar;C:\Users\magda\.m2\repository\junit\junit\4.13-beta-3\junit-4.13-beta-3.jar;C:\Users\magda\.m2\repository\org\hamcrest\hamcrest-core\1.3\hamcrest-core-1.3.jar;C:\Users\magda\.m2\repository\org\testfx\testfx-junit\4.0.15-alpha\testfx-junit-4.0.15-alpha.jar;C:\Users\magda\.m2\repository\org\testfx\testfx-core\4.0.16-alpha\testfx-core-4.0.16-alpha.jar;C:\Users\magda\.m2\repository\org\assertj\assertj-core\3.13.2\assertj-core-3.13.2.jar
Launcher Type: SUN_STANDARD

[Global flags]
     intx CICompilerCount                          = 4                                         {product} {ergonomic}
     uint ConcGCThreads                            = 2                                         {product} {ergonomic}
     uint G1ConcRefinementThreads                  = 8                                         {product} {ergonomic}
   size_t G1HeapRegionSize                         = 1048576                                   {product} {ergonomic}
    uintx GCDrainStackTargetSize                   = 64                                        {product} {ergonomic}
   size_t InitialHeapSize                          = 134217728                                 {product} {ergonomic}
   size_t MarkStackSize                            = 4194304                                   {product} {ergonomic}
   size_t MaxHeapSize                              = 2116026368                                {product} {ergonomic}
   size_t MaxNewSize                               = 1268776960                                {product} {ergonomic}
   size_t MinHeapDeltaBytes                        = 1048576                                   {product} {ergonomic}
    uintx NonNMethodCodeHeapSize                   = 5836300                                {pd product} {ergonomic}
    uintx NonProfiledCodeHeapSize                  = 122910970                              {pd product} {ergonomic}
    uintx ProfiledCodeHeapSize                     = 122910970                              {pd product} {ergonomic}
    uintx ReservedCodeCacheSize                    = 251658240                              {pd product} {ergonomic}
     bool SegmentedCodeCache                       = true                                      {product} {ergonomic}
     bool UseCompressedClassPointers               = true                                 {lp64_product} {ergonomic}
     bool UseCompressedOops                        = true                                 {lp64_product} {ergonomic}
     bool UseG1GC                                  = true                                      {product} {ergonomic}
     bool UseLargePagesIndividualAllocation        = false                                  {pd product} {ergonomic}

Logging:
Log output configuration:
 #0: stdout all=warning uptime,level,tags
 #1: stderr all=off uptime,level,tags

Environment Variables:
PATH=C:\OCaml\bin;C:\Program Files\Common Files\Oracle\Java\javapath;D:\OracleDB\OracleDatabase\bin;C:\Program Files (x86)\Common Files\Oracle\Java\javapath;C:\WINDOWS\system32;C:\WINDOWS;C:\WINDOWS\System32\Wbem;C:\WINDOWS\System32\WindowsPowerShell\v1.0\;C:\WINDOWS\System32\OpenSSH\;C:\Program Files (x86)\AOMEI Backupper;C:\Program Files\Git\cmd;C:\Program Files\MySQL\MySQL Shell 8.0\bin\;C:\Users\magda\AppData\Local\Programs\Python\Python38-32\Scripts\;C:\Users\magda\AppData\Local\Programs\Python\Python38-32\;C:\Users\magda\AppData\Local\Microsoft\WindowsApps;;C:\Users\magda\AppData\Local\Programs\Microsoft VS Code\bin;C:\Program Files\IntelliJ IDEA 2020.2.3\bin;
USERNAME=magda
OS=Windows_NT
PROCESSOR_IDENTIFIER=Intel64 Family 6 Model 142 Stepping 10, GenuineIntel



---------------  S Y S T E M  ---------------

OS: Windows 10 , 64 bit Build 19041 (10.0.19041.1202)

CPU:total 8 (initial active 8) (4 cores per cpu, 2 threads per core) family 6 model 142 stepping 10, cmov, cx8, fxsr, mmx, sse, sse2, sse3, ssse3, sse4.1, sse4.2, popcnt, avx, avx2, aes, clmul, erms, 3dnowpref, lzcnt, ht, tsc, tscinvbit, bmi1, bmi2, adx, fma

Memory: 4k page, system-wide physical 8066M (277M free)
TotalPageFile size 32642M (AvailPageFile size 35M)
current process WorkingSet (physical memory assigned to process): 410M, peak: 441M
current process commit charge ("private bytes"): 821M, peak: 901M

vm_info: Java HotSpot(TM) 64-Bit Server VM (11.0.9+7-LTS) for windows-amd64 JRE (11.0.9+7-LTS), built on Sep 15 2020 16:47:03 by "mach5one" with MS VC++ 15.9 (VS2017)

END.
