#
# There is insufficient memory for the Java Runtime Environment to continue.
# Native memory allocation (mmap) failed to map 23068672 bytes for Failed to commit area from 0x000000008ea00000 to 0x0000000090000000 of length 23068672.
# Possible reasons:
#   The system is out of physical RAM or swap space
#   The process is running with CompressedOops enabled, and the Java Heap may be blocking the growth of the native heap
# Possible solutions:
#   Reduce memory load on the system
#   Increase physical memory or swap space
#   Check if swap backing store is full
#   Decrease Java heap size (-Xmx/-Xms)
#   Decrease number of Java threads
#   Decrease Java thread stack sizes (-Xss)
#   Set larger code cache with -XX:ReservedCodeCacheSize=
#   JVM is running with Unscaled Compressed Oops mode in which the Java heap is
#     placed in the first 4GB address space. The Java Heap base address is the
#     maximum limit for the native heap growth. Please use -XX:HeapBaseMinAddress
#     to set the Java Heap base and to place the Java Heap above 4GB virtual address.
# This output file may be truncated or incomplete.
#
#  Out of Memory Error (./open/src/hotspot/os/windows/os_windows.cpp:3275), pid=14264, tid=23104
#
# JRE version: Java(TM) SE Runtime Environment 18.9 (11.0.9+7) (build 11.0.9+7-LTS)
# Java VM: Java HotSpot(TM) 64-Bit Server VM 18.9 (11.0.9+7-LTS, mixed mode, tiered, compressed oops, g1 gc, windows-amd64)
# No core dump will be written. Minidumps are not enabled by default on client versions of Windows
#

---------------  S U M M A R Y ------------

Command Line: -ea -Djava.library.path=C:\Users\magda\Downloads\opencv\build\java\x64 --add-reads=graph.designer.drawing.pane=java.desktop --add-exports=javafx.graphics/com.sun.javafx.application=ALL-UNNAMED --add-opens=graph.designer.drawing.pane/fr.leward.graphdesigner.ui.drawingpane=ALL-UNNAMED -Didea.test.cyclic.buffer.size=1048576 -javaagent:C:\Program Files\IntelliJ IDEA 2020.2.3\lib\idea_rt.jar=56550:C:\Program Files\IntelliJ IDEA 2020.2.3\bin --patch-module=ColourTheWorldApp=C:/Moje dokumenty/STUDIA/NAUKA/JAVA/ColourTheWorldApp/target/test-classes --add-reads=ColourTheWorldApp=ALL-UNNAMED --add-opens=ColourTheWorldApp/pl.magdalena.brejna.colourtheworldapp.models=ALL-UNNAMED --add-modules=ColourTheWorldApp -Dfile.encoding=UTF-8 --module-path=C:\Users\magda\.m2\repository\org\openjfx\javafx-fxml\11.0.2\javafx-fxml-11.0.2-win.jar;C:\Users\magda\.m2\repository\org\openjfx\javafx-swing\11.0.1\javafx-swing-11.0.1-win.jar;C:\Users\magda\.m2\repository\mysql\mysql-connector-java\8.0.26\mysql-connector-java-8.0.26.jar;C:\Moje dokumenty\STUDIA\NAUKA\JAVA\ColourTheWorldApp\target\classes;C:\Users\magda\.m2\repository\org\openjfx\javafx-graphics\11.0.2\javafx-graphics-11.0.2-win.jar;C:\Users\magda\.m2\repository\org\openjfx\javafx-controls\11.0.2\javafx-controls-11.0.2-win.jar;C:\Users\magda\.m2\repository\org\openjfx\javafx-base\11.0.2\javafx-base-11.0.2-win.jar;C:\Users\magda\Downloads\opencv\build\java\opencv-452.jar;C:\Users\magda\.m2\repository\org\openpnp\opencv\4.5.1-2\opencv-4.5.1-2.jar com.intellij.rt.junit.JUnitStarter -ideVersion5 -junit4 pl.magdalena.brejna.colourtheworldapp.models.ProjectModelTest

Host: Intel(R) Core(TM) i5-8250U CPU @ 1.60GHz, 8 cores, 7G,  Windows 10 , 64 bit Build 19041 (10.0.19041.1202)
Time: Tue Oct  5 22:43:04 2021 Œrodkowoeuropejski czas letni elapsed time: 15.062484 seconds (0d 0h 0m 15s)

---------------  T H R E A D  ---------------

Current thread (0x000001a3c5343000):  JavaThread "JavaFX Application Thread" daemon [_thread_in_vm, id=23104, stack(0x00000024dc400000,0x00000024dc500000)]

Stack: [0x00000024dc400000,0x00000024dc500000]
Native frames: (J=compiled Java code, j=interpreted, Vv=VM code, C=native code)
V  [jvm.dll+0x611a3a]
V  [jvm.dll+0x748aaf]
V  [jvm.dll+0x74a135]
V  [jvm.dll+0x74a7b3]
V  [jvm.dll+0x2439f8]
V  [jvm.dll+0x60eeda]
V  [jvm.dll+0x603de5]
V  [jvm.dll+0x2f785c]
V  [jvm.dll+0x2f76e2]
V  [jvm.dll+0x2fc396]
V  [jvm.dll+0x33e1df]
V  [jvm.dll+0x33dc10]
V  [jvm.dll+0x2d62dc]
V  [jvm.dll+0x2d21bf]
V  [jvm.dll+0x5aa312]
V  [jvm.dll+0x5a9e37]
V  [jvm.dll+0x1e89ed]
V  [jvm.dll+0x723187]
V  [jvm.dll+0x175648]
C  0x000001a3ac6ee0f7

Java frames: (J=compiled Java code, j=interpreted, Vv=VM code)
v  ~RuntimeStub::new_type_array Runtime1 stub
J 4470 c1 java.nio.ByteBuffer.allocate(I)Ljava/nio/ByteBuffer; java.base@11.0.9 (19 bytes) @ 0x000001a3ad47c1d0 [0x000001a3ad47bf60+0x0000000000000270]
j  com.sun.javafx.iio.png.PNGImageLoader2.load(IIIZZ)Lcom/sun/javafx/iio/ImageFrame;+106 javafx.graphics
j  com.sun.javafx.iio.ImageStorage.loadAll(Lcom/sun/javafx/iio/ImageLoader;DDZFZ)[Lcom/sun/javafx/iio/ImageFrame;+54 javafx.graphics
j  com.sun.javafx.iio.ImageStorage.loadAll(Ljava/lang/String;Lcom/sun/javafx/iio/ImageLoadListener;DDZFZ)[Lcom/sun/javafx/iio/ImageFrame;+136 javafx.graphics
j  com.sun.javafx.tk.quantum.PrismImageLoader2.loadAll(Ljava/lang/String;DDZFZ)V+23 javafx.graphics
j  com.sun.javafx.tk.quantum.PrismImageLoader2.<init>(Ljava/lang/String;DDZFZ)V+15 javafx.graphics
j  com.sun.javafx.tk.quantum.QuantumToolkit.loadImage(Ljava/lang/String;DDZZ)Lcom/sun/javafx/tk/ImageLoader;+16 javafx.graphics
j  javafx.scene.image.Image.loadImage(Ljava/lang/String;DDZZ)Lcom/sun/javafx/tk/ImageLoader;+10 javafx.graphics
j  javafx.scene.image.Image.initialize(Ljava/lang/Object;)V+92 javafx.graphics
j  javafx.scene.image.Image.<init>(Ljava/lang/String;DDZZZ)V+20 javafx.graphics
j  com.sun.javafx.fxml.builder.JavaFXImageBuilder.build()Ljavafx/scene/image/Image;+28 javafx.fxml
j  com.sun.javafx.fxml.builder.JavaFXImageBuilder.build()Ljava/lang/Object;+1 javafx.fxml
J 4716 c1 javafx.fxml.FXMLLoader$ValueElement.processEndElement()V javafx.fxml (194 bytes) @ 0x000001a3ad52b5bc [0x000001a3ad52b240+0x000000000000037c]
J 4537 c1 javafx.fxml.FXMLLoader.processEndElement()V javafx.fxml (42 bytes) @ 0x000001a3ad4af0e4 [0x000001a3ad4aefe0+0x0000000000000104]
j  javafx.fxml.FXMLLoader.loadImpl(Ljava/io/InputStream;Ljava/lang/Class;)Ljava/lang/Object;+210 javafx.fxml
j  javafx.fxml.FXMLLoader.loadImpl(Ljava/lang/Class;)Ljava/lang/Object;+30 javafx.fxml
j  javafx.fxml.FXMLLoader.access$2700(Ljavafx/fxml/FXMLLoader;Ljava/lang/Class;)Ljava/lang/Object;+2 javafx.fxml
j  javafx.fxml.FXMLLoader$IncludeElement.constructValue()Ljava/lang/Object;+237 javafx.fxml
J 4714 c1 javafx.fxml.FXMLLoader$ValueElement.processStartElement()V javafx.fxml (34 bytes) @ 0x000001a3ad52a8a4 [0x000001a3ad52a780+0x0000000000000124]
J 4529 c1 javafx.fxml.FXMLLoader.processStartElement()V javafx.fxml (30 bytes) @ 0x000001a3ad4a3b8c [0x000001a3ad4a3a60+0x000000000000012c]
j  javafx.fxml.FXMLLoader.loadImpl(Ljava/io/InputStream;Ljava/lang/Class;)Ljava/lang/Object;+203 javafx.fxml
j  javafx.fxml.FXMLLoader.loadImpl(Ljava/lang/Class;)Ljava/lang/Object;+30 javafx.fxml
j  javafx.fxml.FXMLLoader.load()Ljava/lang/Object;+17 javafx.fxml
j  pl.magdalena.brejna.colourtheworldapp.utils.FxmlUtils.fxmlLoader(Ljava/lang/String;)Ljavafx/scene/layout/BorderPane;+22 ColourTheWorldApp
j  pl.magdalena.brejna.colourtheworldapp.Main.start(Ljavafx/stage/Stage;)V+7 ColourTheWorldApp
j  org.testfx.toolkit.impl.ApplicationServiceImpl.lambda$start$0(Ljavafx/application/Application;Ljavafx/stage/Stage;)Ljava/lang/Void;+2
j  org.testfx.toolkit.impl.ApplicationServiceImpl$$Lambda$158.call()Ljava/lang/Object;+8
j  java.util.concurrent.FutureTask.run()V+39 java.base@11.0.9
J 5715 c1 com.sun.javafx.application.PlatformImpl$$Lambda$146.run()Ljava/lang/Object; javafx.graphics (8 bytes) @ 0x000001a3ad7dd3f4 [0x000001a3ad7dd2c0+0x0000000000000134]
v  ~StubRoutines::call_stub
J 4740  java.security.AccessController.doPrivileged(Ljava/security/PrivilegedAction;Ljava/security/AccessControlContext;)Ljava/lang/Object; java.base@11.0.9 (0 bytes) @ 0x000001a3b4303226 [0x000001a3b43031c0+0x0000000000000066]
J 5712 c1 com.sun.javafx.application.PlatformImpl.lambda$runLater$11(Ljava/lang/Runnable;Ljava/security/AccessControlContext;)V javafx.graphics (38 bytes) @ 0x000001a3ad7dc044 [0x000001a3ad7dbcc0+0x0000000000000384]
J 5711 c1 com.sun.javafx.application.PlatformImpl$$Lambda$145.run()V javafx.graphics (12 bytes) @ 0x000001a3ad7db8bc [0x000001a3ad7db840+0x000000000000007c]
J 4961 c1 com.sun.glass.ui.InvokeLaterDispatcher$Future.run()V javafx.graphics (91 bytes) @ 0x000001a3ad5d2e04 [0x000001a3ad5d2d00+0x0000000000000104]
v  ~StubRoutines::call_stub
j  com.sun.glass.ui.win.WinCommonDialogs._showFileChooser(JLjava/lang/String;Ljava/lang/String;Ljava/lang/String;IZ[Lcom/sun/glass/ui/CommonDialogs$ExtensionFilter;I)Lcom/sun/glass/ui/CommonDialogs$FileChooserResult;+0 javafx.graphics
j  com.sun.glass.ui.win.WinCommonDialogs.showFileChooser_impl(Lcom/sun/glass/ui/Window;Ljava/lang/String;Ljava/lang/String;Ljava/lang/String;IZ[Lcom/sun/glass/ui/CommonDialogs$ExtensionFilter;I)Lcom/sun/glass/ui/CommonDialogs$FileChooserResult;+35 javafx.graphics
j  com.sun.glass.ui.win.WinApplication.staticCommonDialogs_showFileChooser(Lcom/sun/glass/ui/Window;Ljava/lang/String;Ljava/lang/String;Ljava/lang/String;IZ[Lcom/sun/glass/ui/CommonDialogs$ExtensionFilter;I)Lcom/sun/glass/ui/CommonDialogs$FileChooserResult;+27 javafx.graphics
j  com.sun.glass.ui.CommonDialogs.showFileChooser(Lcom/sun/glass/ui/Window;Ljava/io/File;Ljava/lang/String;Ljava/lang/String;IZLjava/util/List;I)Lcom/sun/glass/ui/CommonDialogs$FileChooserResult;+121 javafx.graphics
j  com.sun.javafx.tk.quantum.QuantumToolkit.showFileChooser(Lcom/sun/javafx/tk/TKStage;Ljava/lang/String;Ljava/io/File;Ljava/lang/String;Lcom/sun/javafx/tk/FileChooserType;Ljava/util/List;Ljavafx/stage/FileChooser$ExtensionFilter;)Lcom/sun/glass/ui/CommonDialogs$FileChooserResult;+72 javafx.graphics
j  javafx.stage.FileChooser.showDialog(Ljavafx/stage/Window;Lcom/sun/javafx/tk/FileChooserType;)Ljava/util/List;+36 javafx.graphics
j  javafx.stage.FileChooser.showSaveDialog(Ljavafx/stage/Window;)Ljava/io/File;+5 javafx.graphics
j  pl.magdalena.brejna.colourtheworldapp.models.ProjectModel.saveImage(Ljavafx/stage/FileChooser;)V+4 ColourTheWorldApp
j  pl.magdalena.brejna.colourtheworldapp.models.ProjectModel.saveColouringBook()V+41 ColourTheWorldApp
j  pl.magdalena.brejna.colourtheworldapp.models.ProjectModelTest.lambda$saveColouringBookTest$9()V+4 ColourTheWorldApp
j  pl.magdalena.brejna.colourtheworldapp.models.ProjectModelTest$$Lambda$530.run()V+4 ColourTheWorldApp
J 5715 c1 com.sun.javafx.application.PlatformImpl$$Lambda$146.run()Ljava/lang/Object; javafx.graphics (8 bytes) @ 0x000001a3ad7dd3f4 [0x000001a3ad7dd2c0+0x0000000000000134]
v  ~StubRoutines::call_stub
J 4740  java.security.AccessController.doPrivileged(Ljava/security/PrivilegedAction;Ljava/security/AccessControlContext;)Ljava/lang/Object; java.base@11.0.9 (0 bytes) @ 0x000001a3b4303226 [0x000001a3b43031c0+0x0000000000000066]
J 5712 c1 com.sun.javafx.application.PlatformImpl.lambda$runLater$11(Ljava/lang/Runnable;Ljava/security/AccessControlContext;)V javafx.graphics (38 bytes) @ 0x000001a3ad7dc044 [0x000001a3ad7dbcc0+0x0000000000000384]
J 5711 c1 com.sun.javafx.application.PlatformImpl$$Lambda$145.run()V javafx.graphics (12 bytes) @ 0x000001a3ad7db8bc [0x000001a3ad7db840+0x000000000000007c]
J 4961 c1 com.sun.glass.ui.InvokeLaterDispatcher$Future.run()V javafx.graphics (91 bytes) @ 0x000001a3ad5d2e04 [0x000001a3ad5d2d00+0x0000000000000104]
v  ~StubRoutines::call_stub
j  com.sun.glass.ui.win.WinCommonDialogs._showFileChooser(JLjava/lang/String;Ljava/lang/String;Ljava/lang/String;IZ[Lcom/sun/glass/ui/CommonDialogs$ExtensionFilter;I)Lcom/sun/glass/ui/CommonDialogs$FileChooserResult;+0 javafx.graphics
j  com.sun.glass.ui.win.WinCommonDialogs.showFileChooser_impl(Lcom/sun/glass/ui/Window;Ljava/lang/String;Ljava/lang/String;Ljava/lang/String;IZ[Lcom/sun/glass/ui/CommonDialogs$ExtensionFilter;I)Lcom/sun/glass/ui/CommonDialogs$FileChooserResult;+35 javafx.graphics
j  com.sun.glass.ui.win.WinApplication.staticCommonDialogs_showFileChooser(Lcom/sun/glass/ui/Window;Ljava/lang/String;Ljava/lang/String;Ljava/lang/String;IZ[Lcom/sun/glass/ui/CommonDialogs$ExtensionFilter;I)Lcom/sun/glass/ui/CommonDialogs$FileChooserResult;+27 javafx.graphics
j  com.sun.glass.ui.CommonDialogs.showFileChooser(Lcom/sun/glass/ui/Window;Ljava/io/File;Ljava/lang/String;Ljava/lang/String;IZLjava/util/List;I)Lcom/sun/glass/ui/CommonDialogs$FileChooserResult;+121 javafx.graphics
j  com.sun.javafx.tk.quantum.QuantumToolkit.showFileChooser(Lcom/sun/javafx/tk/TKStage;Ljava/lang/String;Ljava/io/File;Ljava/lang/String;Lcom/sun/javafx/tk/FileChooserType;Ljava/util/List;Ljavafx/stage/FileChooser$ExtensionFilter;)Lcom/sun/glass/ui/CommonDialogs$FileChooserResult;+72 javafx.graphics
j  javafx.stage.FileChooser.showDialog(Ljavafx/stage/Window;Lcom/sun/javafx/tk/FileChooserType;)Ljava/util/List;+36 javafx.graphics
j  javafx.stage.FileChooser.showOpenDialog(Ljavafx/stage/Window;)Ljava/io/File;+5 javafx.graphics
j  pl.magdalena.brejna.colourtheworldapp.models.ProjectModel.loadImage()Ljavafx/scene/image/Image;+17 ColourTheWorldApp
j  pl.magdalena.brejna.colourtheworldapp.models.ProjectModelTest.lambda$loadImageTest$5()V+26 ColourTheWorldApp
j  pl.magdalena.brejna.colourtheworldapp.models.ProjectModelTest$$Lambda$528.run()V+4 ColourTheWorldApp
J 5715 c1 com.sun.javafx.application.PlatformImpl$$Lambda$146.run()Ljava/lang/Object; javafx.graphics (8 bytes) @ 0x000001a3ad7dd3f4 [0x000001a3ad7dd2c0+0x0000000000000134]
v  ~StubRoutines::call_stub
J 4740  java.security.AccessController.doPrivileged(Ljava/security/PrivilegedAction;Ljava/security/AccessControlContext;)Ljava/lang/Object; java.base@11.0.9 (0 bytes) @ 0x000001a3b4303226 [0x000001a3b43031c0+0x0000000000000066]
J 5712 c1 com.sun.javafx.application.PlatformImpl.lambda$runLater$11(Ljava/lang/Runnable;Ljava/security/AccessControlContext;)V javafx.graphics (38 bytes) @ 0x000001a3ad7dc044 [0x000001a3ad7dbcc0+0x0000000000000384]
J 5711 c1 com.sun.javafx.application.PlatformImpl$$Lambda$145.run()V javafx.graphics (12 bytes) @ 0x000001a3ad7db8bc [0x000001a3ad7db840+0x000000000000007c]
J 4961 c1 com.sun.glass.ui.InvokeLaterDispatcher$Future.run()V javafx.graphics (91 bytes) @ 0x000001a3ad5d2e04 [0x000001a3ad5d2d00+0x0000000000000104]
v  ~StubRoutines::call_stub
j  com.sun.glass.ui.win.WinApplication._runLoop(Ljava/lang/Runnable;)V+0 javafx.graphics
j  com.sun.glass.ui.win.WinApplication.lambda$runLoop$3(ILjava/lang/Runnable;)V+8 javafx.graphics
j  com.sun.glass.ui.win.WinApplication$$Lambda$134.run()V+12 javafx.graphics
j  java.lang.Thread.run()V+11 java.base@11.0.9
v  ~StubRoutines::call_stub

---------------  P R O C E S S  ---------------

Threads class SMR info:
_java_thread_list=0x000001a3cc0e8470, length=23, elements={
0x000001a3a298c800, 0x000001a3c3654800, 0x000001a3c365d800, 0x000001a3c3fe3000,
0x000001a3c366e000, 0x000001a3c3670000, 0x000001a3c367f800, 0x000001a3c3686000,
0x000001a3c4083000, 0x000001a3c42d0000, 0x000001a3c446f800, 0x000001a3c48a2800,
0x000001a3c499f800, 0x000001a3c5337000, 0x000001a3c49b3000, 0x000001a3c5343000,
0x000001a3c5395000, 0x000001a3c41f1000, 0x000001a3c553f800, 0x000001a3c553a000,
0x000001a3c553c800, 0x000001a3c553b000, 0x000001a3c553d000
}

Java Threads: ( => current thread )
  0x000001a3a298c800 JavaThread "main" [_thread_blocked, id=22832, stack(0x00000024daa00000,0x00000024dab00000)]
  0x000001a3c3654800 JavaThread "Reference Handler" daemon [_thread_blocked, id=24772, stack(0x00000024db100000,0x00000024db200000)]
  0x000001a3c365d800 JavaThread "Finalizer" daemon [_thread_blocked, id=11056, stack(0x00000024db200000,0x00000024db300000)]
  0x000001a3c3fe3000 JavaThread "Signal Dispatcher" daemon [_thread_blocked, id=11740, stack(0x00000024db300000,0x00000024db400000)]
  0x000001a3c366e000 JavaThread "Attach Listener" daemon [_thread_blocked, id=21032, stack(0x00000024db400000,0x00000024db500000)]
  0x000001a3c3670000 JavaThread "C2 CompilerThread0" daemon [_thread_blocked, id=19372, stack(0x00000024db500000,0x00000024db600000)]
  0x000001a3c367f800 JavaThread "C1 CompilerThread0" daemon [_thread_blocked, id=4916, stack(0x00000024db600000,0x00000024db700000)]
  0x000001a3c3686000 JavaThread "Sweeper thread" daemon [_thread_blocked, id=19836, stack(0x00000024db700000,0x00000024db800000)]
  0x000001a3c4083000 JavaThread "Common-Cleaner" daemon [_thread_blocked, id=19928, stack(0x00000024db800000,0x00000024db900000)]
  0x000001a3c42d0000 JavaThread "Monitor Ctrl-Break" daemon [_thread_in_native, id=8140, stack(0x00000024dbb00000,0x00000024dbc00000)]
  0x000001a3c446f800 JavaThread "Service Thread" daemon [_thread_blocked, id=7696, stack(0x00000024dbc00000,0x00000024dbd00000)]
  0x000001a3c48a2800 JavaThread "testfx-async-pool-thread-1" daemon [_thread_blocked, id=19444, stack(0x00000024dbe00000,0x00000024dbf00000)]
  0x000001a3c499f800 JavaThread "JavaFX-Launcher" daemon [_thread_blocked, id=25232, stack(0x00000024dbf00000,0x00000024dc000000)]
  0x000001a3c5337000 JavaThread "QuantumRenderer-0" daemon [_thread_blocked, id=6696, stack(0x00000024dc000000,0x00000024dc100000)]
  0x000001a3c49b3000 JavaThread "InvokeLaterDispatcher" daemon [_thread_blocked, id=12272, stack(0x00000024dc300000,0x00000024dc400000)]
=>0x000001a3c5343000 JavaThread "JavaFX Application Thread" daemon [_thread_in_vm, id=23104, stack(0x00000024dc400000,0x00000024dc500000)]
  0x000001a3c5395000 JavaThread "Thread-3" daemon [_thread_in_native, id=10600, stack(0x00000024dba00000,0x00000024dbb00000)]
  0x000001a3c41f1000 JavaThread "testfx-async-pool-thread-2" daemon [_thread_blocked, id=1132, stack(0x00000024db900000,0x00000024dba00000)]
  0x000001a3c553f800 JavaThread "Keep-Alive-Timer" daemon [_thread_blocked, id=20396, stack(0x00000024dcb00000,0x00000024dcc00000)]
  0x000001a3c553a000 JavaThread "mysql-cj-abandoned-connection-cleanup" daemon [_thread_blocked, id=15664, stack(0x00000024dcc00000,0x00000024dcd00000)]
  0x000001a3c553c800 JavaThread "Prism Font Disposer" daemon [_thread_blocked, id=25520, stack(0x00000024dd000000,0x00000024dd100000)]
  0x000001a3c553b000 JavaThread "Cleaner-0" daemon [_thread_blocked, id=804, stack(0x00000024dd100000,0x00000024dd200000)]
  0x000001a3c553d000 JavaThread "Java2D Disposer" daemon [_thread_blocked, id=10256, stack(0x00000024dc900000,0x00000024dca00000)]

Other Threads:
  0x000001a3c3632000 VMThread "VM Thread" [stack: 0x00000024db000000,0x00000024db100000] [id=24904]
  0x000001a3c46bc000 WatcherThread [stack: 0x00000024dbd00000,0x00000024dbe00000] [id=24524]
  0x000001a3a29a2000 GCTaskThread "GC Thread#0" [stack: 0x00000024dab00000,0x00000024dac00000] [id=15528]
  0x000001a3c4ad7000 GCTaskThread "GC Thread#1" [stack: 0x00000024dc100000,0x00000024dc200000] [id=20736]
  0x000001a3c533a000 GCTaskThread "GC Thread#2" [stack: 0x00000024dc200000,0x00000024dc300000] [id=23556]
  0x000001a3c5c36800 GCTaskThread "GC Thread#3" [stack: 0x00000024de400000,0x00000024de500000] [id=25224]
  0x000001a3a29d3000 ConcurrentGCThread "G1 Main Marker" [stack: 0x00000024dac00000,0x00000024dad00000] [id=19672]
  0x000001a3a29d7800 ConcurrentGCThread "G1 Conc#0" [stack: 0x00000024dad00000,0x00000024dae00000] [id=8952]
  0x000001a3cc14c800 ConcurrentGCThread "G1 Conc#1" [stack: 0x00000024dca00000,0x00000024dcb00000] [id=22592]
  0x000001a3a2a68800 ConcurrentGCThread "G1 Refine#0" [stack: 0x00000024dae00000,0x00000024daf00000] [id=9892]
  0x000001a3c34a0800 ConcurrentGCThread "G1 Young RemSet Sampling" [stack: 0x00000024daf00000,0x00000024db000000] [id=5372]

Threads with active compile tasks:

VM state:not at safepoint (normal execution)

VM Mutex/Monitor currently owned by a thread:  ([mutex/lock_event])
[0x000001a3a29872e0] Heap_lock - owner thread: 0x000001a3c5343000

Heap address: 0x0000000081e00000, size: 2018 MB, Compressed Oops mode: 32-bit
Narrow klass base: 0x0000000000000000, Narrow klass shift: 3
Compressed class space size: 1073741824 Address: 0x0000000100000000

Heap:
 garbage-first heap   total 231424K, used 170513K [0x0000000081e00000, 0x0000000100000000)
  region size 1024K, 23 young (23552K), 1 survivors (1024K)
 Metaspace       used 42765K, capacity 44047K, committed 44316K, reserved 1087488K
  class space    used 4901K, capacity 5420K, committed 5528K, reserved 1048576K
Heap Regions: E=young(eden), S=young(survivor), O=old, HS=humongous(starts), HC=humongous(continues), CS=collection set, F=free, A=archive, TAMS=top-at-mark-start (previous, next)
|   0|0x0000000081e00000, 0x0000000081f00000, 0x0000000081f00000|100%| O|  |TAMS 0x0000000081f00000, 0x0000000081e00000| Untracked 
|   1|0x0000000081f00000, 0x0000000082000000, 0x0000000082000000|100%| O|  |TAMS 0x0000000082000000, 0x0000000081f00000| Complete 
|   2|0x0000000082000000, 0x0000000082100000, 0x0000000082100000|100%|HS|  |TAMS 0x0000000082000000, 0x0000000082000000| Complete 
|   3|0x0000000082100000, 0x0000000082200000, 0x0000000082200000|100%| O|  |TAMS 0x0000000082200000, 0x0000000082100000| Complete 
|   4|0x0000000082200000, 0x0000000082300000, 0x0000000082300000|100%|HS|  |TAMS 0x0000000082200000, 0x0000000082200000| Complete 
|   5|0x0000000082300000, 0x0000000082400000, 0x0000000082400000|100%|HC|  |TAMS 0x0000000082300000, 0x0000000082300000| Complete 
|   6|0x0000000082400000, 0x0000000082500000, 0x0000000082500000|100%|HS|  |TAMS 0x0000000082400000, 0x0000000082400000| Complete 
|   7|0x0000000082500000, 0x0000000082600000, 0x0000000082600000|100%|HC|  |TAMS 0x0000000082500000, 0x0000000082500000| Complete 
|   8|0x0000000082600000, 0x0000000082700000, 0x0000000082700000|100%|HS|  |TAMS 0x0000000082600000, 0x0000000082600000| Complete 
|   9|0x0000000082700000, 0x0000000082800000, 0x0000000082800000|100%|HS|  |TAMS 0x0000000082800000, 0x0000000082700000| Complete 
|  10|0x0000000082800000, 0x0000000082900000, 0x0000000082900000|100%|HC|  |TAMS 0x0000000082900000, 0x0000000082800000| Complete 
|  11|0x0000000082900000, 0x0000000082a00000, 0x0000000082a00000|100%|HS|  |TAMS 0x0000000082a00000, 0x0000000082900000| Complete 
|  12|0x0000000082a00000, 0x0000000082b00000, 0x0000000082b00000|100%|HC|  |TAMS 0x0000000082b00000, 0x0000000082a00000| Complete 
|  13|0x0000000082b00000, 0x0000000082c00000, 0x0000000082c00000|100%| O|  |TAMS 0x0000000082c00000, 0x0000000082b00000| Complete 
|  14|0x0000000082c00000, 0x0000000082d00000, 0x0000000082d00000|100%| O|  |TAMS 0x0000000082d00000, 0x0000000082c00000| Complete 
|  15|0x0000000082d00000, 0x0000000082e00000, 0x0000000082e00000|100%|HS|  |TAMS 0x0000000082e00000, 0x0000000082d00000| Complete 
|  16|0x0000000082e00000, 0x0000000082f00000, 0x0000000082f00000|100%|HC|  |TAMS 0x0000000082f00000, 0x0000000082e00000| Complete 
|  17|0x0000000082f00000, 0x0000000083000000, 0x0000000083000000|100%|HS|  |TAMS 0x0000000083000000, 0x0000000082f00000| Complete 
|  18|0x0000000083000000, 0x0000000083100000, 0x0000000083100000|100%|HC|  |TAMS 0x0000000083100000, 0x0000000083000000| Complete 
|  19|0x0000000083100000, 0x0000000083200000, 0x0000000083200000|100%| O|  |TAMS 0x0000000083200000, 0x0000000083100000| Complete 
|  20|0x0000000083200000, 0x0000000083300000, 0x0000000083300000|100%|HS|  |TAMS 0x0000000083300000, 0x0000000083200000| Complete 
|  21|0x0000000083300000, 0x0000000083400000, 0x0000000083400000|100%|HC|  |TAMS 0x0000000083400000, 0x0000000083300000| Complete 
|  22|0x0000000083400000, 0x0000000083500000, 0x0000000083500000|100%|HS|  |TAMS 0x0000000083500000, 0x0000000083400000| Complete 
|  23|0x0000000083500000, 0x0000000083600000, 0x0000000083600000|100%| O|  |TAMS 0x0000000083600000, 0x0000000083500000| Complete 
|  24|0x0000000083600000, 0x0000000083700000, 0x0000000083700000|100%| O|  |TAMS 0x0000000083700000, 0x0000000083600000| Complete 
|  25|0x0000000083700000, 0x000000008378ec00, 0x0000000083800000| 55%| O|  |TAMS 0x000000008378ec00, 0x0000000083700000| Untracked 
|  26|0x0000000083800000, 0x0000000083800000, 0x0000000083900000|  0%| F|  |TAMS 0x0000000083800000, 0x0000000083800000| Untracked 
|  27|0x0000000083900000, 0x0000000083a00000, 0x0000000083a00000|100%| O|  |TAMS 0x0000000083a00000, 0x0000000083900000| Complete 
|  28|0x0000000083a00000, 0x0000000083b00000, 0x0000000083b00000|100%| O|  |TAMS 0x0000000083b00000, 0x0000000083a00000| Complete 
|  29|0x0000000083b00000, 0x0000000083c00000, 0x0000000083c00000|100%| O|  |TAMS 0x0000000083c00000, 0x0000000083b00000| Complete 
|  30|0x0000000083c00000, 0x0000000083d00000, 0x0000000083d00000|100%| O|  |TAMS 0x0000000083d00000, 0x0000000083c00000| Complete 
|  31|0x0000000083d00000, 0x0000000083e00000, 0x0000000083e00000|100%| O|  |TAMS 0x0000000083e00000, 0x0000000083d00000| Untracked 
|  32|0x0000000083e00000, 0x0000000083e00000, 0x0000000083f00000|  0%| F|  |TAMS 0x0000000083e00000, 0x0000000083e00000| Untracked 
|  33|0x0000000083f00000, 0x0000000084000000, 0x0000000084000000|100%|HS|  |TAMS 0x0000000084000000, 0x0000000083f00000| Complete 
|  34|0x0000000084000000, 0x0000000084100000, 0x0000000084100000|100%|HC|  |TAMS 0x0000000084100000, 0x0000000084000000| Complete 
|  35|0x0000000084100000, 0x0000000084200000, 0x0000000084200000|100%| O|  |TAMS 0x0000000084200000, 0x0000000084100000| Complete 
|  36|0x0000000084200000, 0x0000000084300000, 0x0000000084300000|100%|HS|  |TAMS 0x0000000084300000, 0x0000000084200000| Complete 
|  37|0x0000000084300000, 0x0000000084400000, 0x0000000084400000|100%|HC|  |TAMS 0x0000000084400000, 0x0000000084300000| Complete 
|  38|0x0000000084400000, 0x0000000084500000, 0x0000000084500000|100%| O|  |TAMS 0x0000000084500000, 0x0000000084400000| Complete 
|  39|0x0000000084500000, 0x0000000084600000, 0x0000000084600000|100%| O|  |TAMS 0x0000000084600000, 0x0000000084500000| Complete 
|  40|0x0000000084600000, 0x0000000084700000, 0x0000000084700000|100%|HS|  |TAMS 0x0000000084700000, 0x0000000084600000| Complete 
|  41|0x0000000084700000, 0x0000000084800000, 0x0000000084800000|100%|HC|  |TAMS 0x0000000084800000, 0x0000000084700000| Complete 
|  42|0x0000000084800000, 0x0000000084900000, 0x0000000084900000|100%|HS|  |TAMS 0x0000000084900000, 0x0000000084800000| Complete 
|  43|0x0000000084900000, 0x0000000084a00000, 0x0000000084a00000|100%|HC|  |TAMS 0x0000000084a00000, 0x0000000084900000| Complete 
|  44|0x0000000084a00000, 0x0000000084b00000, 0x0000000084b00000|100%| O|  |TAMS 0x0000000084b00000, 0x0000000084a00000| Untracked 
|  45|0x0000000084b00000, 0x0000000084c00000, 0x0000000084c00000|100%| O|  |TAMS 0x0000000084c00000, 0x0000000084b00000| Untracked 
|  46|0x0000000084c00000, 0x0000000084d00000, 0x0000000084d00000|100%| O|  |TAMS 0x0000000084d00000, 0x0000000084c00000| Untracked 
|  47|0x0000000084d00000, 0x0000000084e00000, 0x0000000084e00000|100%| O|  |TAMS 0x0000000084e00000, 0x0000000084d00000| Untracked 
|  48|0x0000000084e00000, 0x0000000084f00000, 0x0000000084f00000|100%| O|  |TAMS 0x0000000084f00000, 0x0000000084e00000| Untracked 
|  49|0x0000000084f00000, 0x0000000085000000, 0x0000000085000000|100%| O|  |TAMS 0x0000000085000000, 0x0000000084f00000| Complete 
|  50|0x0000000085000000, 0x0000000085100000, 0x0000000085100000|100%| O|  |TAMS 0x0000000085100000, 0x0000000085000000| Untracked 
|  51|0x0000000085100000, 0x0000000085200000, 0x0000000085200000|100%| O|  |TAMS 0x0000000085200000, 0x0000000085100000| Untracked 
|  52|0x0000000085200000, 0x0000000085300000, 0x0000000085300000|100%| O|  |TAMS 0x0000000085300000, 0x0000000085200000| Complete 
|  53|0x0000000085300000, 0x0000000085400000, 0x0000000085400000|100%| O|  |TAMS 0x0000000085400000, 0x0000000085300000| Complete 
|  54|0x0000000085400000, 0x0000000085500000, 0x0000000085500000|100%|HS|  |TAMS 0x0000000085500000, 0x0000000085400000| Complete 
|  55|0x0000000085500000, 0x0000000085600000, 0x0000000085600000|100%|HC|  |TAMS 0x0000000085600000, 0x0000000085500000| Complete 
|  56|0x0000000085600000, 0x0000000085700000, 0x0000000085700000|100%|HS|  |TAMS 0x0000000085700000, 0x0000000085600000| Complete 
|  57|0x0000000085700000, 0x0000000085800000, 0x0000000085800000|100%|HC|  |TAMS 0x0000000085800000, 0x0000000085700000| Complete 
|  58|0x0000000085800000, 0x0000000085900000, 0x0000000085900000|100%|HS|  |TAMS 0x0000000085900000, 0x0000000085800000| Complete 
|  59|0x0000000085900000, 0x0000000085a00000, 0x0000000085a00000|100%|HC|  |TAMS 0x0000000085a00000, 0x0000000085900000| Complete 
|  60|0x0000000085a00000, 0x0000000085b00000, 0x0000000085b00000|100%|HC|  |TAMS 0x0000000085b00000, 0x0000000085a00000| Complete 
|  61|0x0000000085b00000, 0x0000000085c00000, 0x0000000085c00000|100%|HC|  |TAMS 0x0000000085c00000, 0x0000000085b00000| Complete 
|  62|0x0000000085c00000, 0x0000000085d00000, 0x0000000085d00000|100%|HC|  |TAMS 0x0000000085d00000, 0x0000000085c00000| Complete 
|  63|0x0000000085d00000, 0x0000000085e00000, 0x0000000085e00000|100%|HC|  |TAMS 0x0000000085e00000, 0x0000000085d00000| Complete 
|  64|0x0000000085e00000, 0x0000000085f00000, 0x0000000085f00000|100%|HC|  |TAMS 0x0000000085f00000, 0x0000000085e00000| Complete 
|  65|0x0000000085f00000, 0x0000000086000000, 0x0000000086000000|100%|HC|  |TAMS 0x0000000086000000, 0x0000000085f00000| Complete 
|  66|0x0000000086000000, 0x0000000086100000, 0x0000000086100000|100%|HC|  |TAMS 0x0000000086100000, 0x0000000086000000| Complete 
|  67|0x0000000086100000, 0x0000000086200000, 0x0000000086200000|100%|HC|  |TAMS 0x0000000086200000, 0x0000000086100000| Complete 
|  68|0x0000000086200000, 0x0000000086300000, 0x0000000086300000|100%|HC|  |TAMS 0x0000000086300000, 0x0000000086200000| Complete 
|  69|0x0000000086300000, 0x0000000086400000, 0x0000000086400000|100%|HC|  |TAMS 0x0000000086400000, 0x0000000086300000| Complete 
|  70|0x0000000086400000, 0x0000000086500000, 0x0000000086500000|100%|HC|  |TAMS 0x0000000086500000, 0x0000000086400000| Complete 
|  71|0x0000000086500000, 0x0000000086600000, 0x0000000086600000|100%|HC|  |TAMS 0x0000000086600000, 0x0000000086500000| Complete 
|  72|0x0000000086600000, 0x0000000086700000, 0x0000000086700000|100%|HC|  |TAMS 0x0000000086700000, 0x0000000086600000| Complete 
|  73|0x0000000086700000, 0x0000000086800000, 0x0000000086800000|100%|HC|  |TAMS 0x0000000086800000, 0x0000000086700000| Complete 
|  74|0x0000000086800000, 0x0000000086900000, 0x0000000086900000|100%|HC|  |TAMS 0x0000000086900000, 0x0000000086800000| Complete 
|  75|0x0000000086900000, 0x0000000086a00000, 0x0000000086a00000|100%|HC|  |TAMS 0x0000000086a00000, 0x0000000086900000| Complete 
|  76|0x0000000086a00000, 0x0000000086b00000, 0x0000000086b00000|100%|HC|  |TAMS 0x0000000086b00000, 0x0000000086a00000| Complete 
|  77|0x0000000086b00000, 0x0000000086c00000, 0x0000000086c00000|100%|HC|  |TAMS 0x0000000086c00000, 0x0000000086b00000| Complete 
|  78|0x0000000086c00000, 0x0000000086d00000, 0x0000000086d00000|100%|HC|  |TAMS 0x0000000086d00000, 0x0000000086c00000| Complete 
|  79|0x0000000086d00000, 0x0000000086e00000, 0x0000000086e00000|100%|HC|  |TAMS 0x0000000086e00000, 0x0000000086d00000| Complete 
|  80|0x0000000086e00000, 0x0000000086f00000, 0x0000000086f00000|100%|HS|  |TAMS 0x0000000086f00000, 0x0000000086e00000| Complete 
|  81|0x0000000086f00000, 0x0000000087000000, 0x0000000087000000|100%|HS|  |TAMS 0x0000000087000000, 0x0000000086f00000| Complete 
|  82|0x0000000087000000, 0x0000000087100000, 0x0000000087100000|100%|HC|  |TAMS 0x0000000087100000, 0x0000000087000000| Complete 
|  83|0x0000000087100000, 0x0000000087100000, 0x0000000087200000|  0%| F|  |TAMS 0x0000000087100000, 0x0000000087100000| Untracked 
|  84|0x0000000087200000, 0x0000000087300000, 0x0000000087300000|100%| O|  |TAMS 0x0000000087300000, 0x0000000087200000| Complete 
|  85|0x0000000087300000, 0x0000000087300000, 0x0000000087400000|  0%| F|  |TAMS 0x0000000087300000, 0x0000000087300000| Untracked 
|  86|0x0000000087400000, 0x0000000087500000, 0x0000000087500000|100%|HS|  |TAMS 0x0000000087500000, 0x0000000087400000| Complete 
|  87|0x0000000087500000, 0x0000000087600000, 0x0000000087600000|100%|HC|  |TAMS 0x0000000087600000, 0x0000000087500000| Complete 
|  88|0x0000000087600000, 0x0000000087600000, 0x0000000087700000|  0%| F|  |TAMS 0x0000000087600000, 0x0000000087600000| Untracked 
|  89|0x0000000087700000, 0x0000000087800000, 0x0000000087800000|100%| O|  |TAMS 0x0000000087800000, 0x0000000087700000| Complete 
|  90|0x0000000087800000, 0x0000000087900000, 0x0000000087900000|100%| O|  |TAMS 0x0000000087900000, 0x0000000087800000| Complete 
|  91|0x0000000087900000, 0x0000000087a00000, 0x0000000087a00000|100%|HS|  |TAMS 0x0000000087900000, 0x0000000087900000| Complete 
|  92|0x0000000087a00000, 0x0000000087b00000, 0x0000000087b00000|100%|HC|  |TAMS 0x0000000087a00000, 0x0000000087a00000| Complete 
|  93|0x0000000087b00000, 0x0000000087c00000, 0x0000000087c00000|100%|HS|  |TAMS 0x0000000087b00000, 0x0000000087b00000| Complete 
|  94|0x0000000087c00000, 0x0000000087d00000, 0x0000000087d00000|100%|HC|  |TAMS 0x0000000087c00000, 0x0000000087c00000| Complete 
|  95|0x0000000087d00000, 0x0000000087e00000, 0x0000000087e00000|100%|HC|  |TAMS 0x0000000087d00000, 0x0000000087d00000| Complete 
|  96|0x0000000087e00000, 0x0000000087f00000, 0x0000000087f00000|100%|HC|  |TAMS 0x0000000087e00000, 0x0000000087e00000| Complete 
|  97|0x0000000087f00000, 0x0000000088000000, 0x0000000088000000|100%|HS|  |TAMS 0x0000000087f00000, 0x0000000087f00000| Complete 
|  98|0x0000000088000000, 0x0000000088100000, 0x0000000088100000|100%|HC|  |TAMS 0x0000000088000000, 0x0000000088000000| Complete 
|  99|0x0000000088100000, 0x0000000088200000, 0x0000000088200000|100%|HC|  |TAMS 0x0000000088100000, 0x0000000088100000| Complete 
| 100|0x0000000088200000, 0x0000000088300000, 0x0000000088300000|100%|HC|  |TAMS 0x0000000088200000, 0x0000000088200000| Complete 
| 101|0x0000000088300000, 0x0000000088400000, 0x0000000088400000|100%|HC|  |TAMS 0x0000000088300000, 0x0000000088300000| Complete 
| 102|0x0000000088400000, 0x0000000088500000, 0x0000000088500000|100%|HC|  |TAMS 0x0000000088400000, 0x0000000088400000| Complete 
| 103|0x0000000088500000, 0x0000000088600000, 0x0000000088600000|100%|HC|  |TAMS 0x0000000088500000, 0x0000000088500000| Complete 
| 104|0x0000000088600000, 0x0000000088700000, 0x0000000088700000|100%|HC|  |TAMS 0x0000000088600000, 0x0000000088600000| Complete 
| 105|0x0000000088700000, 0x0000000088800000, 0x0000000088800000|100%|HC|  |TAMS 0x0000000088700000, 0x0000000088700000| Complete 
| 106|0x0000000088800000, 0x0000000088900000, 0x0000000088900000|100%|HC|  |TAMS 0x0000000088800000, 0x0000000088800000| Complete 
| 107|0x0000000088900000, 0x0000000088a00000, 0x0000000088a00000|100%|HC|  |TAMS 0x0000000088900000, 0x0000000088900000| Complete 
| 108|0x0000000088a00000, 0x0000000088b00000, 0x0000000088b00000|100%|HC|  |TAMS 0x0000000088a00000, 0x0000000088a00000| Complete 
| 109|0x0000000088b00000, 0x0000000088c00000, 0x0000000088c00000|100%|HS|  |TAMS 0x0000000088b00000, 0x0000000088b00000| Complete 
| 110|0x0000000088c00000, 0x0000000088d00000, 0x0000000088d00000|100%|HC|  |TAMS 0x0000000088c00000, 0x0000000088c00000| Complete 
| 111|0x0000000088d00000, 0x0000000088e00000, 0x0000000088e00000|100%|HS|  |TAMS 0x0000000088d00000, 0x0000000088d00000| Complete 
| 112|0x0000000088e00000, 0x0000000088f00000, 0x0000000088f00000|100%|HC|  |TAMS 0x0000000088e00000, 0x0000000088e00000| Complete 
| 113|0x0000000088f00000, 0x0000000089000000, 0x0000000089000000|100%|HS|  |TAMS 0x0000000089000000, 0x0000000088f00000| Complete 
| 114|0x0000000089000000, 0x0000000089100000, 0x0000000089100000|100%|HC|  |TAMS 0x0000000089100000, 0x0000000089000000| Complete 
| 115|0x0000000089100000, 0x0000000089200000, 0x0000000089200000|100%|HS|  |TAMS 0x0000000089100000, 0x0000000089100000| Complete 
| 116|0x0000000089200000, 0x0000000089300000, 0x0000000089300000|100%|HC|  |TAMS 0x0000000089200000, 0x0000000089200000| Complete 
| 117|0x0000000089300000, 0x0000000089400000, 0x0000000089400000|100%|HC|  |TAMS 0x0000000089300000, 0x0000000089300000| Complete 
| 118|0x0000000089400000, 0x0000000089500000, 0x0000000089500000|100%|HC|  |TAMS 0x0000000089400000, 0x0000000089400000| Complete 
| 119|0x0000000089500000, 0x0000000089600000, 0x0000000089600000|100%|HC|  |TAMS 0x0000000089500000, 0x0000000089500000| Complete 
| 120|0x0000000089600000, 0x0000000089700000, 0x0000000089700000|100%|HC|  |TAMS 0x0000000089600000, 0x0000000089600000| Complete 
| 121|0x0000000089700000, 0x0000000089800000, 0x0000000089800000|100%|HC|  |TAMS 0x0000000089700000, 0x0000000089700000| Complete 
| 122|0x0000000089800000, 0x0000000089900000, 0x0000000089900000|100%|HC|  |TAMS 0x0000000089800000, 0x0000000089800000| Complete 
| 123|0x0000000089900000, 0x0000000089a00000, 0x0000000089a00000|100%|HC|  |TAMS 0x0000000089900000, 0x0000000089900000| Complete 
| 124|0x0000000089a00000, 0x0000000089b00000, 0x0000000089b00000|100%|HC|  |TAMS 0x0000000089a00000, 0x0000000089a00000| Complete 
| 125|0x0000000089b00000, 0x0000000089c00000, 0x0000000089c00000|100%|HC|  |TAMS 0x0000000089b00000, 0x0000000089b00000| Complete 
| 126|0x0000000089c00000, 0x0000000089d00000, 0x0000000089d00000|100%|HC|  |TAMS 0x0000000089c00000, 0x0000000089c00000| Complete 
| 127|0x0000000089d00000, 0x0000000089e00000, 0x0000000089e00000|100%|HC|  |TAMS 0x0000000089d00000, 0x0000000089d00000| Complete 
| 128|0x0000000089e00000, 0x0000000089f00000, 0x0000000089f00000|100%|HC|  |TAMS 0x0000000089e00000, 0x0000000089e00000| Complete 
| 129|0x0000000089f00000, 0x000000008a000000, 0x000000008a000000|100%|HC|  |TAMS 0x0000000089f00000, 0x0000000089f00000| Complete 
| 130|0x000000008a000000, 0x000000008a100000, 0x000000008a100000|100%|HC|  |TAMS 0x000000008a000000, 0x000000008a000000| Complete 
| 131|0x000000008a100000, 0x000000008a200000, 0x000000008a200000|100%|HC|  |TAMS 0x000000008a100000, 0x000000008a100000| Complete 
| 132|0x000000008a200000, 0x000000008a300000, 0x000000008a300000|100%|HC|  |TAMS 0x000000008a200000, 0x000000008a200000| Complete 
| 133|0x000000008a300000, 0x000000008a400000, 0x000000008a400000|100%|HC|  |TAMS 0x000000008a300000, 0x000000008a300000| Complete 
| 134|0x000000008a400000, 0x000000008a500000, 0x000000008a500000|100%|HC|  |TAMS 0x000000008a400000, 0x000000008a400000| Complete 
| 135|0x000000008a500000, 0x000000008a600000, 0x000000008a600000|100%|HC|  |TAMS 0x000000008a500000, 0x000000008a500000| Complete 
| 136|0x000000008a600000, 0x000000008a700000, 0x000000008a700000|100%|HC|  |TAMS 0x000000008a600000, 0x000000008a600000| Complete 
| 137|0x000000008a700000, 0x000000008a800000, 0x000000008a800000|100%|HS|  |TAMS 0x000000008a700000, 0x000000008a700000| Complete 
| 138|0x000000008a800000, 0x000000008a900000, 0x000000008a900000|100%|HC|  |TAMS 0x000000008a800000, 0x000000008a800000| Complete 
| 139|0x000000008a900000, 0x000000008a900000, 0x000000008aa00000|  0%| F|  |TAMS 0x000000008a900000, 0x000000008a900000| Untracked 
| 140|0x000000008aa00000, 0x000000008aa00000, 0x000000008ab00000|  0%| F|  |TAMS 0x000000008aa00000, 0x000000008aa00000| Untracked 
| 141|0x000000008ab00000, 0x000000008ab00000, 0x000000008ac00000|  0%| F|  |TAMS 0x000000008ab00000, 0x000000008ab00000| Untracked 
| 142|0x000000008ac00000, 0x000000008ac00000, 0x000000008ad00000|  0%| F|  |TAMS 0x000000008ac00000, 0x000000008ac00000| Untracked 
| 143|0x000000008ad00000, 0x000000008ad00000, 0x000000008ae00000|  0%| F|  |TAMS 0x000000008ad00000, 0x000000008ad00000| Untracked 
| 144|0x000000008ae00000, 0x000000008ae00000, 0x000000008af00000|  0%| F|  |TAMS 0x000000008ae00000, 0x000000008ae00000| Untracked 
| 145|0x000000008af00000, 0x000000008af00000, 0x000000008b000000|  0%| F|  |TAMS 0x000000008af00000, 0x000000008af00000| Untracked 
| 146|0x000000008b000000, 0x000000008b000000, 0x000000008b100000|  0%| F|  |TAMS 0x000000008b000000, 0x000000008b000000| Untracked 
| 147|0x000000008b100000, 0x000000008b100000, 0x000000008b200000|  0%| F|  |TAMS 0x000000008b100000, 0x000000008b100000| Untracked 
| 148|0x000000008b200000, 0x000000008b200000, 0x000000008b300000|  0%| F|  |TAMS 0x000000008b200000, 0x000000008b200000| Untracked 
| 149|0x000000008b300000, 0x000000008b300000, 0x000000008b400000|  0%| F|  |TAMS 0x000000008b300000, 0x000000008b300000| Untracked 
| 150|0x000000008b400000, 0x000000008b400000, 0x000000008b500000|  0%| F|  |TAMS 0x000000008b400000, 0x000000008b400000| Untracked 
| 151|0x000000008b500000, 0x000000008b500000, 0x000000008b600000|  0%| F|  |TAMS 0x000000008b500000, 0x000000008b500000| Untracked 
| 152|0x000000008b600000, 0x000000008b6f5948, 0x000000008b700000| 95%| S|CS|TAMS 0x000000008b600000, 0x000000008b600000| Complete 
| 153|0x000000008b700000, 0x000000008b700000, 0x000000008b800000|  0%| F|  |TAMS 0x000000008b700000, 0x000000008b700000| Untracked 
| 154|0x000000008b800000, 0x000000008b800000, 0x000000008b900000|  0%| F|  |TAMS 0x000000008b800000, 0x000000008b800000| Untracked 
| 155|0x000000008b900000, 0x000000008b900000, 0x000000008ba00000|  0%| F|  |TAMS 0x000000008b900000, 0x000000008b900000| Untracked 
| 156|0x000000008ba00000, 0x000000008ba00000, 0x000000008bb00000|  0%| F|  |TAMS 0x000000008ba00000, 0x000000008ba00000| Untracked 
| 157|0x000000008bb00000, 0x000000008bb00000, 0x000000008bc00000|  0%| F|  |TAMS 0x000000008bb00000, 0x000000008bb00000| Untracked 
| 158|0x000000008bc00000, 0x000000008bc00000, 0x000000008bd00000|  0%| F|  |TAMS 0x000000008bc00000, 0x000000008bc00000| Untracked 
| 159|0x000000008bd00000, 0x000000008bd00000, 0x000000008be00000|  0%| F|  |TAMS 0x000000008bd00000, 0x000000008bd00000| Untracked 
| 160|0x000000008be00000, 0x000000008be00000, 0x000000008bf00000|  0%| F|  |TAMS 0x000000008be00000, 0x000000008be00000| Untracked 
| 161|0x000000008bf00000, 0x000000008bf00000, 0x000000008c000000|  0%| F|  |TAMS 0x000000008bf00000, 0x000000008bf00000| Untracked 
| 162|0x000000008c000000, 0x000000008c000000, 0x000000008c100000|  0%| F|  |TAMS 0x000000008c000000, 0x000000008c000000| Untracked 
| 163|0x000000008c100000, 0x000000008c100000, 0x000000008c200000|  0%| F|  |TAMS 0x000000008c100000, 0x000000008c100000| Untracked 
| 164|0x000000008c200000, 0x000000008c200000, 0x000000008c300000|  0%| F|  |TAMS 0x000000008c200000, 0x000000008c200000| Untracked 
| 165|0x000000008c300000, 0x000000008c300000, 0x000000008c400000|  0%| F|  |TAMS 0x000000008c300000, 0x000000008c300000| Untracked 
| 166|0x000000008c400000, 0x000000008c400000, 0x000000008c500000|  0%| F|  |TAMS 0x000000008c400000, 0x000000008c400000| Untracked 
| 167|0x000000008c500000, 0x000000008c500000, 0x000000008c600000|  0%| F|  |TAMS 0x000000008c500000, 0x000000008c500000| Untracked 
| 168|0x000000008c600000, 0x000000008c600000, 0x000000008c700000|  0%| F|  |TAMS 0x000000008c600000, 0x000000008c600000| Untracked 
| 169|0x000000008c700000, 0x000000008c700000, 0x000000008c800000|  0%| F|  |TAMS 0x000000008c700000, 0x000000008c700000| Untracked 
| 170|0x000000008c800000, 0x000000008c8fee48, 0x000000008c900000| 99%| E|  |TAMS 0x000000008c800000, 0x000000008c800000| Complete 
| 171|0x000000008c900000, 0x000000008ca00000, 0x000000008ca00000|100%| E|CS|TAMS 0x000000008c900000, 0x000000008c900000| Complete 
| 172|0x000000008ca00000, 0x000000008cb00000, 0x000000008cb00000|100%| E|CS|TAMS 0x000000008ca00000, 0x000000008ca00000| Complete 
| 173|0x000000008cb00000, 0x000000008cc00000, 0x000000008cc00000|100%| E|CS|TAMS 0x000000008cb00000, 0x000000008cb00000| Complete 
| 174|0x000000008cc00000, 0x000000008cd00000, 0x000000008cd00000|100%| E|CS|TAMS 0x000000008cc00000, 0x000000008cc00000| Complete 
| 175|0x000000008cd00000, 0x000000008ce00000, 0x000000008ce00000|100%| E|CS|TAMS 0x000000008cd00000, 0x000000008cd00000| Complete 
| 176|0x000000008ce00000, 0x000000008cf00000, 0x000000008cf00000|100%| E|CS|TAMS 0x000000008ce00000, 0x000000008ce00000| Complete 
| 177|0x000000008cf00000, 0x000000008d000000, 0x000000008d000000|100%| E|CS|TAMS 0x000000008cf00000, 0x000000008cf00000| Complete 
| 178|0x000000008d000000, 0x000000008d100000, 0x000000008d100000|100%| E|CS|TAMS 0x000000008d000000, 0x000000008d000000| Complete 
| 179|0x000000008d100000, 0x000000008d200000, 0x000000008d200000|100%| E|CS|TAMS 0x000000008d100000, 0x000000008d100000| Complete 
| 180|0x000000008d200000, 0x000000008d300000, 0x000000008d300000|100%| E|CS|TAMS 0x000000008d200000, 0x000000008d200000| Complete 
| 181|0x000000008d300000, 0x000000008d400000, 0x000000008d400000|100%| E|CS|TAMS 0x000000008d300000, 0x000000008d300000| Complete 
| 182|0x000000008d400000, 0x000000008d500000, 0x000000008d500000|100%| E|CS|TAMS 0x000000008d400000, 0x000000008d400000| Complete 
| 183|0x000000008d500000, 0x000000008d600000, 0x000000008d600000|100%| E|  |TAMS 0x000000008d500000, 0x000000008d500000| Complete 
| 184|0x000000008d600000, 0x000000008d700000, 0x000000008d700000|100%| E|CS|TAMS 0x000000008d600000, 0x000000008d600000| Complete 
| 185|0x000000008d700000, 0x000000008d800000, 0x000000008d800000|100%| E|CS|TAMS 0x000000008d700000, 0x000000008d700000| Complete 
| 186|0x000000008d800000, 0x000000008d900000, 0x000000008d900000|100%| E|CS|TAMS 0x000000008d800000, 0x000000008d800000| Complete 
| 187|0x000000008d900000, 0x000000008da00000, 0x000000008da00000|100%| E|CS|TAMS 0x000000008d900000, 0x000000008d900000| Complete 
| 188|0x000000008da00000, 0x000000008db00000, 0x000000008db00000|100%| E|CS|TAMS 0x000000008da00000, 0x000000008da00000| Complete 
| 189|0x000000008db00000, 0x000000008dc00000, 0x000000008dc00000|100%| E|CS|TAMS 0x000000008db00000, 0x000000008db00000| Complete 
| 190|0x000000008dc00000, 0x000000008dd00000, 0x000000008dd00000|100%| E|CS|TAMS 0x000000008dc00000, 0x000000008dc00000| Complete 
| 191|0x000000008dd00000, 0x000000008de00000, 0x000000008de00000|100%| E|CS|TAMS 0x000000008dd00000, 0x000000008dd00000| Complete 
| 192|0x000000008de00000, 0x000000008df00000, 0x000000008df00000|100%|HS|  |TAMS 0x000000008df00000, 0x000000008de00000| Complete 
| 193|0x000000008df00000, 0x000000008e000000, 0x000000008e000000|100%|HC|  |TAMS 0x000000008e000000, 0x000000008df00000| Complete 
| 194|0x000000008e000000, 0x000000008e100000, 0x000000008e100000|100%|HC|  |TAMS 0x000000008e100000, 0x000000008e000000| Complete 
| 195|0x000000008e100000, 0x000000008e200000, 0x000000008e200000|100%|HC|  |TAMS 0x000000008e200000, 0x000000008e100000| Complete 
| 196|0x000000008e200000, 0x000000008e300000, 0x000000008e300000|100%|HC|  |TAMS 0x000000008e300000, 0x000000008e200000| Complete 
| 197|0x000000008e300000, 0x000000008e400000, 0x000000008e400000|100%|HC|  |TAMS 0x000000008e400000, 0x000000008e300000| Complete 
| 198|0x000000008e400000, 0x000000008e500000, 0x000000008e500000|100%|HC|  |TAMS 0x000000008e500000, 0x000000008e400000| Complete 
| 199|0x000000008e500000, 0x000000008e600000, 0x000000008e600000|100%|HC|  |TAMS 0x000000008e600000, 0x000000008e500000| Complete 
| 200|0x000000008e600000, 0x000000008e700000, 0x000000008e700000|100%|HC|  |TAMS 0x000000008e700000, 0x000000008e600000| Complete 
| 201|0x000000008e700000, 0x000000008e800000, 0x000000008e800000|100%|HC|  |TAMS 0x000000008e800000, 0x000000008e700000| Complete 
| 202|0x000000008e800000, 0x000000008e900000, 0x000000008e900000|100%|HC|  |TAMS 0x000000008e900000, 0x000000008e800000| Complete 
| 203|0x000000008e900000, 0x000000008ea00000, 0x000000008ea00000|100%|HC|  |TAMS 0x000000008ea00000, 0x000000008e900000| Complete 

Card table byte_map: [0x000001a3bc460000,0x000001a3bc860000] _byte_map_base: 0x000001a3bc051000

Marking Bits (Prev, Next): (CMBitMap*) 0x000001a3a29ca8b0, (CMBitMap*) 0x000001a3a29ca878
 Prev Bits: [0x000001a3bebf0000, 0x000001a3c0b78000)
 Next Bits: [0x000001a3bcc60000, 0x000001a3bebe8000)

Polling page: 0x000001a3a2850000

Metaspace:

Usage:
  Non-class:     37.72 MB capacity,    36.98 MB ( 98%) used,   618.42 KB (  2%) free+waste,   144.31 KB ( <1%) overhead. 
      Class:      5.29 MB capacity,     4.79 MB ( 90%) used,   450.68 KB (  8%) free+waste,    67.94 KB (  1%) overhead. 
       Both:     43.01 MB capacity,    41.76 MB ( 97%) used,     1.04 MB (  2%) free+waste,   212.25 KB ( <1%) overhead. 

Virtual space:
  Non-class space:       38.00 MB reserved,      37.88 MB (>99%) committed 
      Class space:        1.00 GB reserved,       5.40 MB ( <1%) committed 
             Both:        1.04 GB reserved,      43.28 MB (  4%) committed 

Chunk freelists:
   Non-Class:  4.13 KB
       Class:  2.50 KB
        Both:  6.63 KB

CodeHeap 'non-profiled nmethods': size=120000Kb used=3489Kb max_used=3489Kb free=116510Kb
 bounds [0x000001a3b40d0000, 0x000001a3b4440000, 0x000001a3bb600000]
CodeHeap 'profiled nmethods': size=120000Kb used=14370Kb max_used=14370Kb free=105629Kb
 bounds [0x000001a3acba0000, 0x000001a3ad9b0000, 0x000001a3b40d0000]
CodeHeap 'non-nmethods': size=5760Kb used=1607Kb max_used=1667Kb free=4152Kb
 bounds [0x000001a3ac600000, 0x000001a3ac870000, 0x000001a3acba0000]
 total_blobs=7548 nmethods=6370 adapters=1089
 compilation: enabled
              stopped_count=0, restarted_count=0
 full_count=0

Compilation events (10 events):
Event: 14.976 Thread 0x000001a3c3670000 nmethod 6483 0x000001a3b4428910 code [0x000001a3b4429100, 0x000001a3b4431368]
Event: 15.047 Thread 0x000001a3c367f800 6557       3       java.net.URL::openStream (8 bytes)
Event: 15.047 Thread 0x000001a3c367f800 nmethod 6557 0x000001a3ad9a5810 code [0x000001a3ad9a59e0, 0x000001a3ad9a5d20]
Event: 15.057 Thread 0x000001a3c3670000 6558       4       javafx.collections.ModifiableObservableListBase::add (33 bytes)
Event: 15.057 Thread 0x000001a3c367f800 6560       3       java.lang.reflect.Constructor::hashCode (11 bytes)
Event: 15.057 Thread 0x000001a3c367f800 nmethod 6560 0x000001a3ad9a5e10 code [0x000001a3ad9a5fe0, 0x000001a3ad9a6280]
Event: 15.057 Thread 0x000001a3c367f800 6561       3       java.util.ServiceLoader$ModuleServicesLookupIterator::iteratorFor (191 bytes)
Event: 15.059 Thread 0x000001a3c367f800 nmethod 6561 0x000001a3ad9a6390 code [0x000001a3ad9a6980, 0x000001a3ad9aa060]
Event: 15.060 Thread 0x000001a3c367f800 6562       3       jdk.internal.module.ServicesCatalog::findServices (17 bytes)
Event: 15.060 Thread 0x000001a3c367f800 nmethod 6562 0x000001a3ad9ab390 code [0x000001a3ad9ab560, 0x000001a3ad9ab950]

GC Heap History (10 events):
Event: 11.409 GC heap before
{Heap before GC invocations=73 (full 0):
 garbage-first heap   total 157696K, used 116291K [0x0000000081e00000, 0x0000000100000000)
  region size 1024K, 4 young (4096K), 3 survivors (3072K)
 Metaspace       used 42386K, capacity 43590K, committed 43804K, reserved 1087488K
  class space    used 4895K, capacity 5417K, committed 5528K, reserved 1048576K
}
Event: 11.412 GC heap after
{Heap after GC invocations=74 (full 0):
 garbage-first heap   total 157696K, used 116314K [0x0000000081e00000, 0x0000000100000000)
  region size 1024K, 2 young (2048K), 2 survivors (2048K)
 Metaspace       used 42386K, capacity 43590K, committed 43804K, reserved 1087488K
  class space    used 4895K, capacity 5417K, committed 5528K, reserved 1048576K
}
Event: 12.638 GC heap before
{Heap before GC invocations=75 (full 0):
 garbage-first heap   total 196608K, used 193114K [0x0000000081e00000, 0x0000000100000000)
  region size 1024K, 13 young (13312K), 2 survivors (2048K)
 Metaspace       used 42521K, capacity 43785K, committed 44060K, reserved 1087488K
  class space    used 4899K, capacity 5418K, committed 5528K, reserved 1048576K
}
Event: 12.640 GC heap after
{Heap after GC invocations=76 (full 0):
 garbage-first heap   total 196608K, used 135086K [0x0000000081e00000, 0x0000000100000000)
  region size 1024K, 2 young (2048K), 2 survivors (2048K)
 Metaspace       used 42521K, capacity 43785K, committed 44060K, reserved 1087488K
  class space    used 4899K, capacity 5418K, committed 5528K, reserved 1048576K
}
Event: 13.266 GC heap before
{Heap before GC invocations=76 (full 0):
 garbage-first heap   total 208896K, used 187310K [0x0000000081e00000, 0x0000000100000000)
  region size 1024K, 9 young (9216K), 2 survivors (2048K)
 Metaspace       used 42580K, capacity 43852K, committed 44060K, reserved 1087488K
  class space    used 4900K, capacity 5419K, committed 5528K, reserved 1048576K
}
Event: 13.269 GC heap after
{Heap after GC invocations=77 (full 0):
 garbage-first heap   total 208896K, used 176565K [0x0000000081e00000, 0x0000000100000000)
  region size 1024K, 2 young (2048K), 2 survivors (2048K)
 Metaspace       used 42580K, capacity 43852K, committed 44060K, reserved 1087488K
  class space    used 4900K, capacity 5419K, committed 5528K, reserved 1048576K
}
Event: 13.338 GC heap before
{Heap before GC invocations=77 (full 0):
 garbage-first heap   total 208896K, used 176565K [0x0000000081e00000, 0x0000000100000000)
  region size 1024K, 3 young (3072K), 2 survivors (2048K)
 Metaspace       used 42583K, capacity 43852K, committed 44060K, reserved 1087488K
  class space    used 4900K, capacity 5419K, committed 5528K, reserved 1048576K
}
Event: 13.339 GC heap after
{Heap after GC invocations=78 (full 0):
 garbage-first heap   total 208896K, used 176772K [0x0000000081e00000, 0x0000000100000000)
  region size 1024K, 1 young (1024K), 1 survivors (1024K)
 Metaspace       used 42583K, capacity 43852K, committed 44060K, reserved 1087488K
  class space    used 4900K, capacity 5419K, committed 5528K, reserved 1048576K
}
Event: 13.490 GC heap before
{Heap before GC invocations=79 (full 0):
 garbage-first heap   total 208896K, used 139908K [0x0000000081e00000, 0x0000000100000000)
  region size 1024K, 5 young (5120K), 1 survivors (1024K)
 Metaspace       used 42646K, capacity 43919K, committed 44060K, reserved 1087488K
  class space    used 4901K, capacity 5420K, committed 5528K, reserved 1048576K
}
Event: 13.492 GC heap after
{Heap after GC invocations=80 (full 0):
 garbage-first heap   total 208896K, used 137745K [0x0000000081e00000, 0x0000000100000000)
  region size 1024K, 1 young (1024K), 1 survivors (1024K)
 Metaspace       used 42646K, capacity 43919K, committed 44060K, reserved 1087488K
  class space    used 4901K, capacity 5420K, committed 5528K, reserved 1048576K
}

Deoptimization events (10 events):
Event: 8.168 Thread 0x000001a3c5343000 Uncommon trap: reason=array_check action=maybe_recompile pc=0x000001a3b431aae4 method=javafx.css.CompoundSelector.applies(Ljavafx/css/Styleable;[Ljava/util/Set;I)Z @ 128 c2
Event: 8.168 Thread 0x000001a3c5343000 Uncommon trap: reason=array_check action=maybe_recompile pc=0x000001a3b431aae4 method=javafx.css.CompoundSelector.applies(Ljavafx/css/Styleable;[Ljava/util/Set;I)Z @ 128 c2
Event: 8.168 Thread 0x000001a3c5343000 Uncommon trap: reason=array_check action=maybe_recompile pc=0x000001a3b431aae4 method=javafx.css.CompoundSelector.applies(Ljavafx/css/Styleable;[Ljava/util/Set;I)Z @ 128 c2
Event: 8.169 Thread 0x000001a3c5343000 Uncommon trap: reason=array_check action=maybe_recompile pc=0x000001a3b433716c method=javafx.css.CompoundSelector.applies(Ljavafx/css/Styleable;[Ljava/util/Set;I)Z @ 128 c2
Event: 9.368 Thread 0x000001a3c5343000 Uncommon trap: reason=unstable_if action=reinterpret pc=0x000001a3b4257d80 method=java.awt.image.ComponentColorModel.getRGB(Ljava/lang/Object;)I @ 4 c2
Event: 11.645 Thread 0x000001a3c5343000 Uncommon trap: reason=profile_predicate action=maybe_recompile pc=0x000001a3b43d03ac method=javafx.scene.CssStyleHelper$CacheContainer.<init>(Ljavafx/scene/Node;Lcom/sun/javafx/css/StyleMap;I)V @ 164 c2
Event: 11.645 Thread 0x000001a3c5343000 Uncommon trap: reason=profile_predicate action=maybe_recompile pc=0x000001a3b43d03ac method=javafx.scene.CssStyleHelper$CacheContainer.<init>(Ljavafx/scene/Node;Lcom/sun/javafx/css/StyleMap;I)V @ 164 c2
Event: 11.645 Thread 0x000001a3c5343000 Uncommon trap: reason=profile_predicate action=maybe_recompile pc=0x000001a3b43d03ac method=javafx.scene.CssStyleHelper$CacheContainer.<init>(Ljavafx/scene/Node;Lcom/sun/javafx/css/StyleMap;I)V @ 164 c2
Event: 11.645 Thread 0x000001a3c5343000 Uncommon trap: reason=profile_predicate action=maybe_recompile pc=0x000001a3b43d03ac method=javafx.scene.CssStyleHelper$CacheContainer.<init>(Ljavafx/scene/Node;Lcom/sun/javafx/css/StyleMap;I)V @ 164 c2
Event: 11.667 Thread 0x000001a3c5343000 Uncommon trap: reason=unstable_if action=reinterpret pc=0x000001a3b42f0a0c method=java.util.ArrayList.indexOfRange(Ljava/lang/Object;II)I @ 7 c2

Classes redefined (0 events):
No events

Internal exceptions (10 events):
Event: 13.264 Thread 0x000001a3c5343000 Exception <a 'java/io/FileNotFoundException'{0x000000008b5b8a18}> (0x000000008b5b8a18) thrown at [./open/src/hotspot/share/prims/jni.cpp, line 611]
Event: 13.265 Thread 0x000001a3c5343000 Exception <a 'java/io/FileNotFoundException'{0x000000008b5d41f8}> (0x000000008b5d41f8) thrown at [./open/src/hotspot/share/prims/jni.cpp, line 611]
Event: 13.485 Thread 0x000001a3c5343000 Exception <a 'sun/nio/fs/WindowsException'{0x000000008b742530}> (0x000000008b742530) thrown at [./open/src/hotspot/share/prims/jni.cpp, line 611]
Event: 14.252 Thread 0x000001a3c5343000 Exception <a 'sun/nio/fs/WindowsException'{0x000000008dd9c940}> (0x000000008dd9c940) thrown at [./open/src/hotspot/share/prims/jni.cpp, line 611]
Event: 14.360 Thread 0x000001a3c5343000 Exception <a 'java/io/FileNotFoundException'{0x000000008db8b238}> (0x000000008db8b238) thrown at [./open/src/hotspot/share/prims/jni.cpp, line 611]
Event: 14.362 Thread 0x000001a3c5343000 Exception <a 'java/io/FileNotFoundException'{0x000000008dba6cc0}> (0x000000008dba6cc0) thrown at [./open/src/hotspot/share/prims/jni.cpp, line 611]
Event: 14.577 Thread 0x000001a3c5343000 Exception <a 'sun/nio/fs/WindowsException'{0x000000008d722270}> (0x000000008d722270) thrown at [./open/src/hotspot/share/prims/jni.cpp, line 611]
Event: 14.627 Thread 0x000001a3c5343000 Exception <a 'java/net/SocketException'{0x000000008d2b6d40}: Software caused connection abort: socket write error> (0x000000008d2b6d40) thrown at [./open/src/hotspot/share/prims/jni.cpp, line 632]
Event: 14.676 Thread 0x000001a3c5343000 Exception <a 'java/net/SocketException'{0x000000008cb77a28}: Software caused connection abort: socket write error> (0x000000008cb77a28) thrown at [./open/src/hotspot/share/prims/jni.cpp, line 632]
Event: 15.045 Thread 0x000001a3c5343000 Exception <a 'sun/nio/fs/WindowsException'{0x000000008c9d6088}> (0x000000008c9d6088) thrown at [./open/src/hotspot/share/prims/jni.cpp, line 611]

Events (10 events):
Event: 14.296 Thread 0x000001a3c5343000 DEOPT PACKING pc=0x000001a3ad8a3edb sp=0x00000024dc4f5940
Event: 14.296 Thread 0x000001a3c5343000 DEOPT UNPACKING pc=0x000001a3ac628d4e sp=0x00000024dc4f4e28 mode 0
Event: 14.530 Executing VM operation: RevokeBias
Event: 14.530 Executing VM operation: RevokeBias done
Event: 14.623 Thread 0x000001a3c5343000 DEOPT PACKING pc=0x000001a3ad3492ba sp=0x00000024dc4f5230
Event: 14.623 Thread 0x000001a3c5343000 DEOPT UNPACKING pc=0x000001a3ac628d4e sp=0x00000024dc4f46f0 mode 0
Event: 14.624 Thread 0x000001a3cd1d7000 Thread added: 0x000001a3cd1d7000
Event: 14.935 Executing VM operation: ThreadDump
Event: 14.935 Executing VM operation: ThreadDump done
Event: 15.047 Thread 0x000001a3cd1d7000 Thread exited: 0x000001a3cd1d7000


Dynamic libraries:
0x00007ff672d50000 - 0x00007ff672d5f000 	C:\Program Files\Java\jdk-11.0.9\bin\java.exe
0x00007ffab1f90000 - 0x00007ffab2185000 	C:\WINDOWS\SYSTEM32\ntdll.dll
0x00007ffab1db0000 - 0x00007ffab1e6e000 	C:\WINDOWS\System32\KERNEL32.DLL
0x00007ffaafa70000 - 0x00007ffaafd39000 	C:\WINDOWS\System32\KERNELBASE.dll
0x00007ffaaf6b0000 - 0x00007ffaaf7b0000 	C:\WINDOWS\System32\ucrtbase.dll
0x00007ffaa9330000 - 0x00007ffaa9345000 	C:\Program Files\Java\jdk-11.0.9\bin\VCRUNTIME140.dll
0x00007ffaa9310000 - 0x00007ffaa9328000 	C:\Program Files\Java\jdk-11.0.9\bin\jli.dll
0x00007ffab04a0000 - 0x00007ffab054c000 	C:\WINDOWS\System32\ADVAPI32.dll
0x00007ffab0af0000 - 0x00007ffab0b8e000 	C:\WINDOWS\System32\msvcrt.dll
0x00007ffab0950000 - 0x00007ffab09eb000 	C:\WINDOWS\System32\sechost.dll
0x00007ffab07c0000 - 0x00007ffab08ea000 	C:\WINDOWS\System32\RPCRT4.dll
0x00007ffab0cc0000 - 0x00007ffab0e61000 	C:\WINDOWS\System32\USER32.dll
0x00007ffaaf8b0000 - 0x00007ffaaf8d2000 	C:\WINDOWS\System32\win32u.dll
0x00007ffab00b0000 - 0x00007ffab00db000 	C:\WINDOWS\System32\GDI32.dll
0x00007ffa9fd30000 - 0x00007ffa9ffca000 	C:\WINDOWS\WinSxS\amd64_microsoft.windows.common-controls_6595b64144ccf1df_6.0.19041.1110_none_60b5254171f9507e\COMCTL32.dll
0x00007ffaaf960000 - 0x00007ffaafa6b000 	C:\WINDOWS\System32\gdi32full.dll
0x00007ffaaf810000 - 0x00007ffaaf8ad000 	C:\WINDOWS\System32\msvcp_win.dll
0x00007ffaa8710000 - 0x00007ffaa871a000 	C:\WINDOWS\SYSTEM32\VERSION.dll
0x00007ffab1d80000 - 0x00007ffab1db0000 	C:\WINDOWS\System32\IMM32.DLL
0x00007ffa9ec20000 - 0x00007ffa9ecbb000 	C:\Program Files\Java\jdk-11.0.9\bin\msvcp140.dll
0x00007ffa63640000 - 0x00007ffa64137000 	C:\Program Files\Java\jdk-11.0.9\bin\server\jvm.dll
0x00007ffab0c40000 - 0x00007ffab0c48000 	C:\WINDOWS\System32\PSAPI.DLL
0x00007ffa98dc0000 - 0x00007ffa98dc9000 	C:\WINDOWS\SYSTEM32\WSOCK32.dll
0x00007ffa9de20000 - 0x00007ffa9de47000 	C:\WINDOWS\SYSTEM32\WINMM.dll
0x00007ffab1a30000 - 0x00007ffab1a9b000 	C:\WINDOWS\System32\WS2_32.dll
0x00007ffaadf80000 - 0x00007ffaadf92000 	C:\WINDOWS\SYSTEM32\kernel.appcore.dll
0x00007ffaaae90000 - 0x00007ffaaaea0000 	C:\Program Files\Java\jdk-11.0.9\bin\verify.dll
0x00007ffaad580000 - 0x00007ffaad764000 	C:\WINDOWS\SYSTEM32\DBGHELP.DLL
0x00007ffa9dbd0000 - 0x00007ffa9dbfc000 	C:\WINDOWS\SYSTEM32\dbgcore.DLL
0x00007ffaaff50000 - 0x00007ffaaffd3000 	C:\WINDOWS\System32\bcryptPrimitives.dll
0x00007ffaa8550000 - 0x00007ffaa8578000 	C:\Program Files\Java\jdk-11.0.9\bin\java.dll
0x00007ffaaae60000 - 0x00007ffaaae6a000 	C:\Program Files\Java\jdk-11.0.9\bin\jimage.dll
0x00007ffaa9c70000 - 0x00007ffaa9c7e000 	C:\Program Files\Java\jdk-11.0.9\bin\instrument.dll
0x00007ffaa85a0000 - 0x00007ffaa85b6000 	C:\Program Files\Java\jdk-11.0.9\bin\zip.dll
0x00007ffab0e70000 - 0x00007ffab15af000 	C:\WINDOWS\System32\SHELL32.dll
0x00007ffaad790000 - 0x00007ffaadf20000 	C:\WINDOWS\SYSTEM32\windows.storage.dll
0x00007ffab00e0000 - 0x00007ffab0435000 	C:\WINDOWS\System32\combase.dll
0x00007ffaaf030000 - 0x00007ffaaf05c000 	C:\WINDOWS\SYSTEM32\Wldp.dll
0x00007ffab05e0000 - 0x00007ffab068e000 	C:\WINDOWS\System32\SHCORE.dll
0x00007ffab0440000 - 0x00007ffab0495000 	C:\WINDOWS\System32\shlwapi.dll
0x00007ffaaf5f0000 - 0x00007ffaaf60f000 	C:\WINDOWS\SYSTEM32\profapi.dll
0x00007ffaa8530000 - 0x00007ffaa8549000 	C:\Program Files\Java\jdk-11.0.9\bin\net.dll
0x00007ffaa1b60000 - 0x00007ffaa1c68000 	C:\WINDOWS\SYSTEM32\WINHTTP.dll
0x00007ffaaed90000 - 0x00007ffaaedfa000 	C:\WINDOWS\system32\mswsock.dll
0x00007ffaa7970000 - 0x00007ffaa7982000 	C:\Program Files\Java\jdk-11.0.9\bin\nio.dll
0x00007ffaa73d0000 - 0x00007ffaa73ea000 	C:\Program Files\IntelliJ IDEA 2020.2.3\bin\breakgen64.dll
0x000001a3a2aa0000 - 0x000001a3a2aa3000 	C:\Program Files\Java\jdk-11.0.9\bin\api-ms-win-core-console-l1-1-0.dll
0x000001a3c60d0000 - 0x000001a3c60d3000 	C:\Program Files\Java\jdk-11.0.9\bin\api-ms-win-core-datetime-l1-1-0.dll
0x000001a3c60e0000 - 0x000001a3c60e3000 	C:\Program Files\Java\jdk-11.0.9\bin\api-ms-win-core-debug-l1-1-0.dll
0x000001a3c60f0000 - 0x000001a3c60f3000 	C:\Program Files\Java\jdk-11.0.9\bin\api-ms-win-core-errorhandling-l1-1-0.dll
0x000001a3c6100000 - 0x000001a3c6104000 	C:\Program Files\Java\jdk-11.0.9\bin\api-ms-win-core-file-l1-1-0.dll
0x000001a3c6110000 - 0x000001a3c6113000 	C:\Program Files\Java\jdk-11.0.9\bin\api-ms-win-core-file-l1-2-0.dll
0x000001a3c6120000 - 0x000001a3c6123000 	C:\Program Files\Java\jdk-11.0.9\bin\api-ms-win-core-file-l2-1-0.dll
0x000001a3c6130000 - 0x000001a3c6133000 	C:\Program Files\Java\jdk-11.0.9\bin\api-ms-win-core-handle-l1-1-0.dll
0x000001a3c6140000 - 0x000001a3c6143000 	C:\Program Files\Java\jdk-11.0.9\bin\api-ms-win-core-heap-l1-1-0.dll
0x000001a3c6150000 - 0x000001a3c6153000 	C:\Program Files\Java\jdk-11.0.9\bin\api-ms-win-core-interlocked-l1-1-0.dll
0x000001a3c6160000 - 0x000001a3c6163000 	C:\Program Files\Java\jdk-11.0.9\bin\api-ms-win-core-libraryloader-l1-1-0.dll
0x000001a3c6170000 - 0x000001a3c6173000 	C:\Program Files\Java\jdk-11.0.9\bin\api-ms-win-core-localization-l1-2-0.dll
0x000001a3c6180000 - 0x000001a3c6183000 	C:\Program Files\Java\jdk-11.0.9\bin\api-ms-win-core-memory-l1-1-0.dll
0x000001a3c6190000 - 0x000001a3c6193000 	C:\Program Files\Java\jdk-11.0.9\bin\api-ms-win-core-namedpipe-l1-1-0.dll
0x000001a3c61a0000 - 0x000001a3c61a3000 	C:\Program Files\Java\jdk-11.0.9\bin\api-ms-win-core-processenvironment-l1-1-0.dll
0x000001a3c61b0000 - 0x000001a3c61b3000 	C:\Program Files\Java\jdk-11.0.9\bin\api-ms-win-core-processthreads-l1-1-0.dll
0x000001a3c61c0000 - 0x000001a3c61c3000 	C:\Program Files\Java\jdk-11.0.9\bin\api-ms-win-core-processthreads-l1-1-1.dll
0x000001a3c61d0000 - 0x000001a3c61d3000 	C:\Program Files\Java\jdk-11.0.9\bin\api-ms-win-core-profile-l1-1-0.dll
0x000001a3c61e0000 - 0x000001a3c61e3000 	C:\Program Files\Java\jdk-11.0.9\bin\api-ms-win-core-rtlsupport-l1-1-0.dll
0x000001a3c61f0000 - 0x000001a3c61f3000 	C:\Program Files\Java\jdk-11.0.9\bin\api-ms-win-core-string-l1-1-0.dll
0x000001a3c6420000 - 0x000001a3c6423000 	C:\Program Files\Java\jdk-11.0.9\bin\api-ms-win-core-synch-l1-1-0.dll
0x000001a3c6430000 - 0x000001a3c6433000 	C:\Program Files\Java\jdk-11.0.9\bin\api-ms-win-core-synch-l1-2-0.dll
0x000001a3c6440000 - 0x000001a3c6443000 	C:\Program Files\Java\jdk-11.0.9\bin\api-ms-win-core-sysinfo-l1-1-0.dll
0x000001a3c6200000 - 0x000001a3c6203000 	C:\Program Files\Java\jdk-11.0.9\bin\api-ms-win-core-timezone-l1-1-0.dll
0x000001a3c6210000 - 0x000001a3c6213000 	C:\Program Files\Java\jdk-11.0.9\bin\api-ms-win-core-util-l1-1-0.dll
0x000001a3c6220000 - 0x000001a3c6223000 	C:\Program Files\Java\jdk-11.0.9\bin\api-ms-win-crt-conio-l1-1-0.dll
0x000001a3c6230000 - 0x000001a3c6234000 	C:\Program Files\Java\jdk-11.0.9\bin\api-ms-win-crt-convert-l1-1-0.dll
0x000001a3c6240000 - 0x000001a3c6243000 	C:\Program Files\Java\jdk-11.0.9\bin\api-ms-win-crt-environment-l1-1-0.dll
0x000001a3c6250000 - 0x000001a3c6253000 	C:\Program Files\Java\jdk-11.0.9\bin\api-ms-win-crt-filesystem-l1-1-0.dll
0x000001a3c6260000 - 0x000001a3c6263000 	C:\Program Files\Java\jdk-11.0.9\bin\api-ms-win-crt-heap-l1-1-0.dll
0x000001a3c6270000 - 0x000001a3c6273000 	C:\Program Files\Java\jdk-11.0.9\bin\api-ms-win-crt-locale-l1-1-0.dll
0x000001a3c6280000 - 0x000001a3c6285000 	C:\Program Files\Java\jdk-11.0.9\bin\api-ms-win-crt-math-l1-1-0.dll
0x000001a3c6290000 - 0x000001a3c6295000 	C:\Program Files\Java\jdk-11.0.9\bin\api-ms-win-crt-multibyte-l1-1-0.dll
0x000001a3c62a0000 - 0x000001a3c62b0000 	C:\Program Files\Java\jdk-11.0.9\bin\api-ms-win-crt-private-l1-1-0.dll
0x000001a3c62b0000 - 0x000001a3c62b3000 	C:\Program Files\Java\jdk-11.0.9\bin\api-ms-win-crt-process-l1-1-0.dll
0x000001a3c62c0000 - 0x000001a3c62c4000 	C:\Program Files\Java\jdk-11.0.9\bin\api-ms-win-crt-runtime-l1-1-0.dll
0x000001a3c62d0000 - 0x000001a3c62d4000 	C:\Program Files\Java\jdk-11.0.9\bin\api-ms-win-crt-stdio-l1-1-0.dll
0x000001a3c62e0000 - 0x000001a3c62e4000 	C:\Program Files\Java\jdk-11.0.9\bin\api-ms-win-crt-string-l1-1-0.dll
0x000001a3c62f0000 - 0x000001a3c62f3000 	C:\Program Files\Java\jdk-11.0.9\bin\api-ms-win-crt-time-l1-1-0.dll
0x000001a3c6300000 - 0x000001a3c6303000 	C:\Program Files\Java\jdk-11.0.9\bin\api-ms-win-crt-utility-l1-1-0.dll
0x00007ffa760c0000 - 0x00007ffa761ba000 	C:\Program Files\Java\jdk-11.0.9\bin\ucrtbase.dll
0x00007ffa8f460000 - 0x00007ffa8f4b1000 	C:\Users\magda\.openjfx\cache\11.0.2\concrt140.dll
0x00007ffa9eb20000 - 0x00007ffa9eb43000 	C:\Users\magda\.openjfx\cache\11.0.2\prism_d3d.dll
0x00007ffa4feb0000 - 0x00007ffa5007e000 	C:\WINDOWS\system32\d3d9.dll
0x00007ffaacf80000 - 0x00007ffaacfaf000 	C:\WINDOWS\SYSTEM32\dwmapi.dll
0x00007ffaacdb0000 - 0x00007ffaace4e000 	C:\WINDOWS\system32\uxtheme.dll
0x00007ffa4fcc0000 - 0x00007ffa4feab000 	C:\WINDOWS\System32\DriverStore\FileRepository\iigd_dch_base.inf_amd64_a5a132c6d8339491\igdumdim64.dll
0x00007ffa4c740000 - 0x00007ffa4fcbd000 	C:\WINDOWS\System32\DriverStore\FileRepository\iigd_dch_base.inf_amd64_a5a132c6d8339491\igd9dxva64.dll
0x00007ffab0690000 - 0x00007ffab07ba000 	C:\WINDOWS\System32\ole32.dll
0x00007ffaaffe0000 - 0x00007ffab00ad000 	C:\WINDOWS\System32\OLEAUT32.dll
0x00007ffa8f410000 - 0x00007ffa8f455000 	C:\Users\magda\.openjfx\cache\11.0.2\glass.dll
0x00007ffab1e70000 - 0x00007ffab1f4a000 	C:\WINDOWS\System32\COMDLG32.dll
0x00007ffab1aa0000 - 0x00007ffab1bb5000 	C:\WINDOWS\System32\MSCTF.dll
0x00007ffa74820000 - 0x00007ffa74844000 	C:\WINDOWS\System32\DriverStore\FileRepository\iigd_dch_base.inf_amd64_a5a132c6d8339491\igdinfo64.dll
0x00007ffaa1e40000 - 0x00007ffaa3d41000 	C:\WINDOWS\System32\DriverStore\FileRepository\iigd_dch_base.inf_amd64_a5a132c6d8339491\igc64.dll
0x00007ffaa6f40000 - 0x00007ffaa6f7b000 	C:\WINDOWS\SYSTEM32\dxcore.dll
0x00007ffaaf8e0000 - 0x00007ffaaf92e000 	C:\WINDOWS\System32\cfgmgr32.dll
0x00007ffa9f740000 - 0x00007ffa9f754000 	C:\Users\magda\.openjfx\cache\11.0.2\javafx_font.dll
0x00007ffa81740000 - 0x00007ffa819c3000 	C:\WINDOWS\SYSTEM32\dwrite.dll
0x00007ffa9ddb0000 - 0x00007ffa9dddc000 	C:\Users\magda\.openjfx\cache\11.0.2\javafx_iio.dll
0x00007ffa8f0e0000 - 0x00007ffa8f105000 	C:\Program Files\Java\jdk-11.0.9\bin\sunec.dll
0x00007ffaaef80000 - 0x00007ffaaef98000 	C:\WINDOWS\SYSTEM32\CRYPTSP.dll
0x00007ffaae710000 - 0x00007ffaae744000 	C:\WINDOWS\system32\rsaenh.dll
0x00007ffaaf930000 - 0x00007ffaaf957000 	C:\WINDOWS\System32\bcrypt.dll
0x00007ffaaf520000 - 0x00007ffaaf54e000 	C:\WINDOWS\SYSTEM32\USERENV.dll
0x00007ffaaefa0000 - 0x00007ffaaefac000 	C:\WINDOWS\SYSTEM32\CRYPTBASE.dll
0x00007ffaaea80000 - 0x00007ffaaeabb000 	C:\WINDOWS\SYSTEM32\IPHLPAPI.DLL
0x00007ffab1d70000 - 0x00007ffab1d78000 	C:\WINDOWS\System32\NSI.dll
0x00007ffaa7d00000 - 0x00007ffaa7d17000 	C:\WINDOWS\SYSTEM32\dhcpcsvc6.DLL
0x00007ffaa7ce0000 - 0x00007ffaa7cfd000 	C:\WINDOWS\SYSTEM32\dhcpcsvc.DLL
0x00007ffaaeac0000 - 0x00007ffaaeb8c000 	C:\WINDOWS\SYSTEM32\DNSAPI.dll
0x00007ffaa62e0000 - 0x00007ffaa62ea000 	C:\Windows\System32\rasadhlp.dll
0x00007ffaa18b0000 - 0x00007ffaa192f000 	C:\WINDOWS\System32\fwpuclnt.dll
0x00007ffaa9100000 - 0x00007ffaa910d000 	C:\Program Files\Java\jdk-11.0.9\bin\sunmscapi.dll
0x00007ffaafd40000 - 0x00007ffaafe96000 	C:\WINDOWS\System32\CRYPT32.dll
0x00007ffaaf0a0000 - 0x00007ffaaf0c7000 	C:\WINDOWS\SYSTEM32\ncrypt.dll
0x00007ffaaf060000 - 0x00007ffaaf09b000 	C:\WINDOWS\SYSTEM32\NTASN1.dll
0x00007ffab0b90000 - 0x00007ffab0c39000 	C:\WINDOWS\System32\clbcatq.dll
0x00007ffaa8b90000 - 0x00007ffaa8d44000 	C:\WINDOWS\SYSTEM32\WindowsCodecs.dll
0x00007ffa85810000 - 0x00007ffa8584e000 	C:\WINDOWS\system32\dataexchange.dll
0x00007ffaab8f0000 - 0x00007ffaabb54000 	C:\WINDOWS\system32\d3d11.dll
0x00007ffaac120000 - 0x00007ffaac306000 	C:\WINDOWS\system32\dcomp.dll

dbghelp: loaded successfully - version: 4.0.5 - missing functions: none
symbol engine: initialized successfully - sym options: 0x614 - pdb path: .;C:\Program Files\Java\jdk-11.0.9\bin;C:\WINDOWS\SYSTEM32;C:\WINDOWS\WinSxS\amd64_microsoft.windows.common-controls_6595b64144ccf1df_6.0.19041.1110_none_60b5254171f9507e;C:\Program Files\Java\jdk-11.0.9\bin\server;C:\Program Files\IntelliJ IDEA 2020.2.3\bin;C:\Users\magda\.openjfx\cache\11.0.2;C:\WINDOWS\System32\DriverStore\FileRepository\iigd_dch_base.inf_amd64_a5a132c6d8339491;C:\Program Files\Common Files\Microsoft Shared\Ink;C:\Users\magda\Downloads\opencv\build\java\x64;C:\WINDOWS\WinSxS\amd64_microsoft.windows.gdiplus_6595b64144ccf1df_1.1.19041.1151_none_91a40286cc884949;C:\Users\magda\AppData\Local\Microsoft\OneDrive\21.180.0905.0007

VM Arguments:
jvm_args: -ea -Djava.library.path=C:\Users\magda\Downloads\opencv\build\java\x64 --add-reads=graph.designer.drawing.pane=java.desktop --add-exports=javafx.graphics/com.sun.javafx.application=ALL-UNNAMED --add-opens=graph.designer.drawing.pane/fr.leward.graphdesigner.ui.drawingpane=ALL-UNNAMED -Didea.test.cyclic.buffer.size=1048576 -javaagent:C:\Program Files\IntelliJ IDEA 2020.2.3\lib\idea_rt.jar=56550:C:\Program Files\IntelliJ IDEA 2020.2.3\bin --patch-module=ColourTheWorldApp=C:/Moje dokumenty/STUDIA/NAUKA/JAVA/ColourTheWorldApp/target/test-classes --add-reads=ColourTheWorldApp=ALL-UNNAMED --add-opens=ColourTheWorldApp/pl.magdalena.brejna.colourtheworldapp.models=ALL-UNNAMED --add-modules=ColourTheWorldApp -Dfile.encoding=UTF-8 --module-path=C:\Users\magda\.m2\repository\org\openjfx\javafx-fxml\11.0.2\javafx-fxml-11.0.2-win.jar;C:\Users\magda\.m2\repository\org\openjfx\javafx-swing\11.0.1\javafx-swing-11.0.1-win.jar;C:\Users\magda\.m2\repository\mysql\mysql-connector-java\8.0.26\mysql-connector-java-8.0.26.jar;C:\Moje dokumenty\STUDIA\NAUKA\JAVA\ColourTheWorldApp\target\classes;C:\Users\magda\.m2\repository\org\openjfx\javafx-graphics\11.0.2\javafx-graphics-11.0.2-win.jar;C:\Users\magda\.m2\repository\org\openjfx\javafx-controls\11.0.2\javafx-controls-11.0.2-win.jar;C:\Users\magda\.m2\repository\org\openjfx\javafx-base\11.0.2\javafx-base-11.0.2-win.jar;C:\Users\magda\Downloads\opencv\build\java\opencv-452.jar;C:\Users\magda\.m2\repository\org\openpnp\opencv\4.5.1-2\opencv-4.5.1-2.jar 
java_command: com.intellij.rt.junit.JUnitStarter -ideVersion5 -junit4 pl.magdalena.brejna.colourtheworldapp.models.ProjectModelTest
java_class_path (initial): C:\Program Files\IntelliJ IDEA 2020.2.3\lib\idea_rt.jar;C:\Program Files\IntelliJ IDEA 2020.2.3\plugins\junit\lib\junit5-rt.jar;C:\Program Files\IntelliJ IDEA 2020.2.3\plugins\junit\lib\junit-rt.jar;C:\Moje dokumenty\STUDIA\NAUKA\JAVA\ColourTheWorldApp\target\test-classes;C:\Users\magda\.m2\repository\org\openjfx\javafx-graphics\11.0.2\javafx-graphics-11.0.2.jar;C:\Users\magda\.m2\repository\org\openjfx\javafx-base\11.0.2\javafx-base-11.0.2.jar;C:\Users\magda\.m2\repository\org\openjfx\javafx-controls\11.0.2\javafx-controls-11.0.2.jar;C:\Users\magda\.m2\repository\org\openjfx\javafx-fxml\11.0.2\javafx-fxml-11.0.2.jar;C:\Users\magda\.m2\repository\org\openjfx\javafx-swing\11.0.1\javafx-swing-11.0.1.jar;C:\Users\magda\.m2\repository\com\google\protobuf\protobuf-java\3.11.4\protobuf-java-3.11.4.jar;C:\Users\magda\.m2\repository\junit\junit\4.13-beta-3\junit-4.13-beta-3.jar;C:\Users\magda\.m2\repository\org\hamcrest\hamcrest-core\1.3\hamcrest-core-1.3.jar;C:\Users\magda\.m2\repository\org\testfx\testfx-junit\4.0.15-alpha\testfx-junit-4.0.15-alpha.jar;C:\Users\magda\.m2\repository\org\testfx\testfx-core\4.0.16-alpha\testfx-core-4.0.16-alpha.jar;C:\Users\magda\.m2\repository\org\assertj\assertj-core\3.13.2\assertj-core-3.13.2.jar
Launcher Type: SUN_STANDARD

[Global flags]
     intx CICompilerCount                          = 4                                         {product} {ergonomic}
     uint ConcGCThreads                            = 2                                         {product} {ergonomic}
     uint G1ConcRefinementThreads                  = 8                                         {product} {ergonomic}
   size_t G1HeapRegionSize                         = 1048576                                   {product} {ergonomic}
    uintx GCDrainStackTargetSize                   = 64                                        {product} {ergonomic}
   size_t InitialHeapSize                          = 134217728                                 {product} {ergonomic}
   size_t MarkStackSize                            = 4194304                                   {product} {ergonomic}
   size_t MaxHeapSize                              = 2116026368                                {product} {ergonomic}
   size_t MaxNewSize                               = 1268776960                                {product} {ergonomic}
   size_t MinHeapDeltaBytes                        = 1048576                                   {product} {ergonomic}
    uintx NonNMethodCodeHeapSize                   = 5836300                                {pd product} {ergonomic}
    uintx NonProfiledCodeHeapSize                  = 122910970                              {pd product} {ergonomic}
    uintx ProfiledCodeHeapSize                     = 122910970                              {pd product} {ergonomic}
    uintx ReservedCodeCacheSize                    = 251658240                              {pd product} {ergonomic}
     bool SegmentedCodeCache                       = true                                      {product} {ergonomic}
     bool UseCompressedClassPointers               = true                                 {lp64_product} {ergonomic}
     bool UseCompressedOops                        = true                                 {lp64_product} {ergonomic}
     bool UseG1GC                                  = true                                      {product} {ergonomic}
     bool UseLargePagesIndividualAllocation        = false                                  {pd product} {ergonomic}

Logging:
Log output configuration:
 #0: stdout all=warning uptime,level,tags
 #1: stderr all=off uptime,level,tags

Environment Variables:
PATH=C:\OCaml\bin;C:\Program Files\Common Files\Oracle\Java\javapath;D:\OracleDB\OracleDatabase\bin;C:\Program Files (x86)\Common Files\Oracle\Java\javapath;C:\WINDOWS\system32;C:\WINDOWS;C:\WINDOWS\System32\Wbem;C:\WINDOWS\System32\WindowsPowerShell\v1.0\;C:\WINDOWS\System32\OpenSSH\;C:\Program Files (x86)\AOMEI Backupper;C:\Program Files\Git\cmd;C:\Program Files\MySQL\MySQL Shell 8.0\bin\;C:\Users\magda\AppData\Local\Programs\Python\Python38-32\Scripts\;C:\Users\magda\AppData\Local\Programs\Python\Python38-32\;C:\Users\magda\AppData\Local\Microsoft\WindowsApps;;C:\Users\magda\AppData\Local\Programs\Microsoft VS Code\bin;C:\Program Files\IntelliJ IDEA 2020.2.3\bin;
USERNAME=magda
OS=Windows_NT
PROCESSOR_IDENTIFIER=Intel64 Family 6 Model 142 Stepping 10, GenuineIntel



---------------  S Y S T E M  ---------------

OS: Windows 10 , 64 bit Build 19041 (10.0.19041.1202)

CPU:total 8 (initial active 8) (4 cores per cpu, 2 threads per core) family 6 model 142 stepping 10, cmov, cx8, fxsr, mmx, sse, sse2, sse3, ssse3, sse4.1, sse4.2, popcnt, avx, avx2, aes, clmul, erms, 3dnowpref, lzcnt, ht, tsc, tscinvbit, bmi1, bmi2, adx, fma

Memory: 4k page, system-wide physical 8066M (440M free)
TotalPageFile size 32642M (AvailPageFile size 14M)
current process WorkingSet (physical memory assigned to process): 649M, peak: 657M
current process commit charge ("private bytes"): 730M, peak: 752M

vm_info: Java HotSpot(TM) 64-Bit Server VM (11.0.9+7-LTS) for windows-amd64 JRE (11.0.9+7-LTS), built on Sep 15 2020 16:47:03 by "mach5one" with MS VC++ 15.9 (VS2017)

END.
